===================BOT EXPORT LOG 2024_08_15_23_51_01================

[2024-08-15 23:51:01][抱枕券]当前卡片剩余数量11
[2024-08-15 23:51:01][千夜酱测试卡池]get card "抱枕券", 该卡片剩余数量 "11"张
[2024-08-15 23:51:01][女仆券]当前卡片剩余数量0
[2024-08-15 23:51:01][千夜酱测试卡池]get card "女仆券", 该卡片剩余数量 "0"张
[2024-08-15 23:51:01][抱枕券]当前卡片剩余数量10
[2024-08-15 23:51:01][千夜酱测试卡池]get card "抱枕券", 该卡片剩余数量 "10"张
[2024-08-15 23:51:01][抱枕券]当前卡片剩余数量9
[2024-08-15 23:51:01][千夜酱测试卡池]get card "抱枕券", 该卡片剩余数量 "9"张
[2024-08-15 23:51:01][可爱券]当前卡片剩余数量15
[2024-08-15 23:51:01][千夜酱测试卡池]get card "可爱券", 该卡片剩余数量 "15"张
[2024-08-15 23:51:01][可爱券]当前卡片剩余数量14
[2024-08-15 23:51:01][千夜酱测试卡池]get card "可爱券", 该卡片剩余数量 "14"张
[2024-08-15 23:51:01][谢谢惠顾]当前卡片剩余数量1
[2024-08-15 23:51:01][千夜酱测试卡池]get card "谢谢惠顾", 该卡片剩余数量 "1"张
[2024-08-15 23:51:01][抱枕券]当前卡片剩余数量8
[2024-08-15 23:51:01][千夜酱测试卡池]get card "抱枕券", 该卡片剩余数量 "8"张
[2024-08-15 23:51:01][宠物券]当前卡片剩余数量0
[2024-08-15 23:51:01][千夜酱测试卡池]get card "宠物券", 该卡片剩余数量 "0"张
[2024-08-15 23:51:01][可爱券]当前卡片剩余数量13
[2024-08-15 23:51:01][千夜酱测试卡池]get card "可爱券", 该卡片剩余数量 "13"张
[2024-08-15 23:51:01][可爱券]当前卡片剩余数量12
[2024-08-15 23:51:01][千夜酱测试卡池]get card "可爱券", 该卡片剩余数量 "12"张
[2024-08-15 23:51:01][可爱券]当前卡片剩余数量11
[2024-08-15 23:51:01][千夜酱测试卡池]get card "可爱券", 该卡片剩余数量 "11"张
[2024-08-15 23:51:01][可爱券]当前卡片剩余数量10
[2024-08-15 23:51:01][千夜酱测试卡池]get card "可爱券", 该卡片剩余数量 "10"张
[2024-08-15 23:51:01][谢谢惠顾]当前卡片剩余数量0
[2024-08-15 23:51:01][千夜酱测试卡池]get card "谢谢惠顾", 该卡片剩余数量 "0"张
[2024-08-15 23:51:01][可爱券]当前卡片剩余数量9
[2024-08-15 23:51:01][千夜酱测试卡池]get card "可爱券", 该卡片剩余数量 "9"张
[2024-08-15 23:51:01][可爱券]当前卡片剩余数量8
[2024-08-15 23:51:01][千夜酱测试卡池]get card "可爱券", 该卡片剩余数量 "8"张
[2024-08-15 23:51:01][可爱券]当前卡片剩余数量7
[2024-08-15 23:51:01][千夜酱测试卡池]get card "可爱券", 该卡片剩余数量 "7"张
[2024-08-15 23:51:01][抱枕券]当前卡片剩余数量7
[2024-08-15 23:51:01][千夜酱测试卡池]get card "抱枕券", 该卡片剩余数量 "7"张
[2024-08-15 23:51:01][可爱券]当前卡片剩余数量6
[2024-08-15 23:51:01][千夜酱测试卡池]get card "可爱券", 该卡片剩余数量 "6"张
[2024-08-15 23:51:01][抱枕券]当前卡片剩余数量6
[2024-08-15 23:51:01][千夜酱测试卡池]get card "抱枕券", 该卡片剩余数量 "6"张
[2024-08-15 23:51:01][抱枕券]当前卡片剩余数量5
[2024-08-15 23:51:01][千夜酱测试卡池]get card "抱枕券", 该卡片剩余数量 "5"张
[2024-08-15 23:51:01][猫娘券]当前卡片剩余数量0
[2024-08-15 23:51:01][千夜酱测试卡池]get card "猫娘券", 该卡片剩余数量 "0"张
[2024-08-15 23:51:01][抱枕券]当前卡片剩余数量4
[2024-08-15 23:51:01][千夜酱测试卡池]get card "抱枕券", 该卡片剩余数量 "4"张
[2024-08-15 23:51:01][抱枕券]当前卡片剩余数量3
[2024-08-15 23:51:01][千夜酱测试卡池]get card "抱枕券", 该卡片剩余数量 "3"张
[2024-08-15 23:51:01][可爱券]当前卡片剩余数量5
[2024-08-15 23:51:01][千夜酱测试卡池]get card "可爱券", 该卡片剩余数量 "5"张
[2024-08-15 23:51:01][抱枕券]当前卡片剩余数量2
[2024-08-15 23:51:01][千夜酱测试卡池]get card "抱枕券", 该卡片剩余数量 "2"张
[2024-08-15 23:51:01][代看本子券]当前卡片剩余数量0
[2024-08-15 23:51:01][千夜酱测试卡池]get card "代看本子券", 该卡片剩余数量 "0"张
[2024-08-15 23:51:01][可爱券]当前卡片剩余数量4
[2024-08-15 23:51:01][千夜酱测试卡池]get card "可爱券", 该卡片剩余数量 "4"张
[2024-08-15 23:51:01][可爱券]当前卡片剩余数量3
[2024-08-15 23:51:01][千夜酱测试卡池]get card "可爱券", 该卡片剩余数量 "3"张
[2024-08-15 23:51:01][可爱券]当前卡片剩余数量2
[2024-08-15 23:51:01][千夜酱测试卡池]get card "可爱券", 该卡片剩余数量 "2"张
[2024-08-15 23:51:01][抱枕券]当前卡片剩余数量1
[2024-08-15 23:51:01][千夜酱测试卡池]get card "抱枕券", 该卡片剩余数量 "1"张
[2024-08-15 23:51:01][可爱券]当前卡片剩余数量1
[2024-08-15 23:51:01][千夜酱测试卡池]get card "可爱券", 该卡片剩余数量 "1"张
[2024-08-15 23:51:01][抱枕券]当前卡片剩余数量0
[2024-08-15 23:51:01][千夜酱测试卡池]get card "抱枕券", 该卡片剩余数量 "0"张
[2024-08-15 23:51:01][可爱券]当前卡片剩余数量0
[2024-08-15 23:51:01][千夜酱测试卡池]get card "可爱券", 该卡片剩余数量 "0"张
[2024-08-15 23:51:01]卡池为空，请重置卡池
[2024-08-15 23:51:01]卡池为空，请重置卡池
[2024-08-15 23:51:01]卡池为空，请重置卡池
[2024-08-15 23:51:01]卡池为空，请重置卡池
[2024-08-15 23:51:01]卡池为空，请重置卡池
[2024-08-15 23:51:01]卡池为空，请重置卡池
[2024-08-15 23:51:01]卡池为空，请重置卡池
[2024-08-15 23:51:01]卡池为空，请重置卡池
[2024-08-15 23:51:01]卡池为空，请重置卡池
[2024-08-15 23:51:01]卡池为空，请重置卡池
[2024-08-15 23:51:01]卡池为空，请重置卡池
[2024-08-15 23:51:01]卡池为空，请重置卡池
[2024-08-15 23:51:01]卡池为空，请重置卡池
[2024-08-15 23:51:01]卡池为空，请重置卡池
[2024-08-15 23:51:01]卡池为空，请重置卡池
[2024-08-15 23:51:01]卡池为空，请重置卡池
