===================BOT EXPORT LOG 2024_08_16_00_11_25================

[2024-08-16 00:11:25][千夜酱测试卡池]get card "谢谢惠顾", 该卡片剩余数量 "1"张
[2024-08-16 00:11:25][千夜酱测试卡池]get card "可爱券", 该卡片剩余数量 "15"张
[2024-08-16 00:11:25][千夜酱测试卡池]get card "抱枕券", 该卡片剩余数量 "11"张
[2024-08-16 00:11:25][千夜酱测试卡池]get card "可爱券", 该卡片剩余数量 "14"张
[2024-08-16 00:11:25][千夜酱测试卡池]get card "抱枕券", 该卡片剩余数量 "10"张
[2024-08-16 00:11:25][千夜酱测试卡池]get card "抱枕券", 该卡片剩余数量 "9"张
[2024-08-16 00:11:25][千夜酱测试卡池]get card "可爱券", 该卡片剩余数量 "13"张
[2024-08-16 00:11:25][千夜酱测试卡池]get card "可爱券", 该卡片剩余数量 "12"张
[2024-08-16 00:11:25][千夜酱测试卡池]get card "可爱券", 该卡片剩余数量 "11"张
[2024-08-16 00:11:25][千夜酱测试卡池]get card "抱枕券", 该卡片剩余数量 "8"张
[2024-08-16 00:11:25][千夜酱测试卡池]get card "抱枕券", 该卡片剩余数量 "7"张
[2024-08-16 00:11:25][千夜酱测试卡池]get card "抱枕券", 该卡片剩余数量 "6"张
[2024-08-16 00:11:25][千夜酱测试卡池]get card "可爱券", 该卡片剩余数量 "10"张
[2024-08-16 00:11:25][千夜酱测试卡池]get card "可爱券", 该卡片剩余数量 "9"张
[2024-08-16 00:11:25][千夜酱测试卡池]get card "猫娘券", 该卡片剩余数量 "0"张
[2024-08-16 00:11:25][千夜酱测试卡池]get card "可爱券", 该卡片剩余数量 "8"张
[2024-08-16 00:11:25][千夜酱测试卡池]get card "可爱券", 该卡片剩余数量 "7"张
[2024-08-16 00:11:25][千夜酱测试卡池]get card "抱枕券", 该卡片剩余数量 "5"张
[2024-08-16 00:11:25][千夜酱测试卡池]get card "代看本子券", 该卡片剩余数量 "0"张
[2024-08-16 00:11:25][千夜酱测试卡池]get card "谢谢惠顾", 该卡片剩余数量 "0"张
[2024-08-16 00:11:25][千夜酱测试卡池]get card "可爱券", 该卡片剩余数量 "6"张
[2024-08-16 00:11:25][千夜酱测试卡池]get card "抱枕券", 该卡片剩余数量 "4"张
[2024-08-16 00:11:25][千夜酱测试卡池]get card "女仆券", 该卡片剩余数量 "0"张
[2024-08-16 00:11:25][千夜酱测试卡池]get card "抱枕券", 该卡片剩余数量 "3"张
[2024-08-16 00:11:25][千夜酱测试卡池]get card "可爱券", 该卡片剩余数量 "5"张
[2024-08-16 00:11:25][千夜酱测试卡池]get card "可爱券", 该卡片剩余数量 "4"张
[2024-08-16 00:11:25][千夜酱测试卡池]get card "抱枕券", 该卡片剩余数量 "2"张
[2024-08-16 00:11:25][千夜酱测试卡池]get card "抱枕券", 该卡片剩余数量 "1"张
[2024-08-16 00:11:25][千夜酱测试卡池]get card "宠物券", 该卡片剩余数量 "0"张
[2024-08-16 00:11:25][千夜酱测试卡池]get card "可爱券", 该卡片剩余数量 "3"张
[2024-08-16 00:11:25][千夜酱测试卡池]get card "可爱券", 该卡片剩余数量 "2"张
[2024-08-16 00:11:25][千夜酱测试卡池]get card "可爱券", 该卡片剩余数量 "1"张
[2024-08-16 00:11:25][千夜酱测试卡池]get card "可爱券", 该卡片剩余数量 "0"张
[2024-08-16 00:11:25][千夜酱测试卡池]get card "抱枕券", 该卡片剩余数量 "0"张
[2024-08-16 00:11:25][千夜酱测试卡池]卡池为空，请重置卡池
[2024-08-16 00:11:25][千夜酱测试卡池]卡池为空，请重置卡池
[2024-08-16 00:11:25][千夜酱测试卡池]卡池为空，请重置卡池
[2024-08-16 00:11:25][千夜酱测试卡池]卡池为空，请重置卡池
[2024-08-16 00:11:25][千夜酱测试卡池]卡池为空，请重置卡池
[2024-08-16 00:11:25][千夜酱测试卡池]卡池为空，请重置卡池
[2024-08-16 00:11:25][千夜酱测试卡池]卡池为空，请重置卡池
[2024-08-16 00:11:25][千夜酱测试卡池]卡池为空，请重置卡池
[2024-08-16 00:11:25][千夜酱测试卡池]卡池为空，请重置卡池
[2024-08-16 00:11:25][千夜酱测试卡池]卡池为空，请重置卡池
[2024-08-16 00:11:25][千夜酱测试卡池]卡池为空，请重置卡池
[2024-08-16 00:11:25][千夜酱测试卡池]卡池为空，请重置卡池
[2024-08-16 00:11:25][千夜酱测试卡池]卡池为空，请重置卡池
[2024-08-16 00:11:25][千夜酱测试卡池]卡池为空，请重置卡池
[2024-08-16 00:11:25][千夜酱测试卡池]卡池为空，请重置卡池
[2024-08-16 00:11:25][千夜酱测试卡池]卡池为空，请重置卡池
