===================AUTOTOOL HUB EXPORT LOG 2025_01_14_16_06_38================

[2025-01-14 16:06:38][SenyaHime]启动服务器
[2025-01-14 16:12:10][receive]:the original msg is {'time': 1736842330, 'self_id': 3827617422, 'post_type': 'notice', 'notice_type': 'notify', 'sub_type': 'poke', 'operator_id': 395642104, 'user_id': 395642104, 'sender_id': 395642104, 'target_id': 3827617422, 'poke_detail': {'action': '', 'suffix': '的脸, 并被咬住了手指', 'action_img_url': 'http://tianquan.gtimg.cn/nudgeaction/item/0/expression.jpg'}}
[2025-01-14 16:12:10][receive]解析出的命令为戳戳
[2025-01-14 16:12:14][reply]:{'status': 'ok', 'retcode': 0, 'data': {'message_id': 127700012, 'time': 1736842332}, 'echo': ''}
[2025-01-14 16:22:25][receive]:the original msg is {'time': 1736842945, 'self_id': 3827617422, 'post_type': 'message', 'message_type': 'group', 'sub_type': 'normal', 'message_id': 1080115148, 'group_id': 721950485, 'peer_id': 3827617422, 'user_id': 395642104, 'message': [{'data': {'text': '试试'}, 'type': 'text'}], 'raw_message': '试试', 'font': 0, 'sender': {'user_id': 395642104, 'nickname': 'い愿此愛永恆࿐ེ', 'card': '万里挑一大非酋肝帝', 'role': 'admin', 'title': '', 'level': ''}}
[2025-01-14 16:22:25][receive]解析出的命令为None
[2025-01-14 16:23:15][receive]:the original msg is {'time': 1736842994, 'self_id': 3827617422, 'post_type': 'message', 'message_type': 'group', 'sub_type': 'normal', 'message_id': 304921570, 'group_id': 721950485, 'peer_id': 3827617422, 'user_id': 251216589, 'message': [{'data': {'qq': '3827617422'}, 'type': 'at'}, {'data': {'text': ' '}, 'type': 'text'}], 'raw_message': '[CQ:at,qq=3827617422] ', 'font': 0, 'sender': {'user_id': 251216589, 'nickname': '菜鸡群主', 'card': '菜鸡群主', 'role': 'owner', 'title': '', 'level': ''}}
[2025-01-14 16:23:15][receive]解析出的命令为None
[2025-01-14 16:23:21][receive]:the original msg is {'time': 1736843001, 'self_id': 3827617422, 'post_type': 'message', 'message_type': 'group', 'sub_type': 'normal', 'message_id': 2018892703, 'group_id': 721950485, 'peer_id': 3827617422, 'user_id': 251216589, 'message': [{'data': {'qq': '3827617422'}, 'type': 'at'}, {'data': {'text': ' 1'}, 'type': 'text'}], 'raw_message': '[CQ:at,qq=3827617422] 1', 'font': 0, 'sender': {'user_id': 251216589, 'nickname': '菜鸡群主', 'card': '菜鸡群主', 'role': 'owner', 'title': '', 'level': ''}}
[2025-01-14 16:23:21][receive]解析出的命令为1
[2025-01-14 16:23:22][reply]:{'status': 'ok', 'retcode': 0, 'data': {'message_id': 703734589, 'time': 1736843000}, 'echo': ''}
[2025-01-14 16:23:34][receive]:the original msg is {'time': 1736843013, 'self_id': 3827617422, 'post_type': 'message', 'message_type': 'group', 'sub_type': 'normal', 'message_id': 1402373052, 'group_id': 721950485, 'peer_id': 3827617422, 'user_id': 395642104, 'message': [{'data': {'text': '命令还没写呢'}, 'type': 'text'}], 'raw_message': '命令还没写呢', 'font': 0, 'sender': {'user_id': 395642104, 'nickname': 'い愿此愛永恆࿐ེ', 'card': '万里挑一大非酋肝帝', 'role': 'admin', 'title': '', 'level': ''}}
[2025-01-14 16:23:34][receive]解析出的命令为None
[2025-01-14 16:23:42][receive]:the original msg is {'time': 1736843021, 'self_id': 3827617422, 'post_type': 'message', 'message_type': 'group', 'sub_type': 'normal', 'message_id': 714548459, 'group_id': 721950485, 'peer_id': 3827617422, 'user_id': 395642104, 'message': [{'data': {'big': False, 'id': 277}, 'type': 'face'}], 'raw_message': '[CQ:face,big=false,id=277]', 'font': 0, 'sender': {'user_id': 395642104, 'nickname': 'い愿此愛永恆࿐ེ', 'card': '万里挑一大非酋肝帝', 'role': 'admin', 'title': '', 'level': ''}}
[2025-01-14 16:23:42][receive]解析出的命令为None
[2025-01-14 16:23:46][receive]:the original msg is {'time': 1736843025, 'self_id': 3827617422, 'post_type': 'notice', 'notice_type': 'notify', 'sub_type': 'poke', 'group_id': 721950485, 'operator_id': 251216589, 'user_id': 251216589, 'target_id': 3827617422, 'poke_detail': {'suffix': '的脸, 并被咬住了手指', 'action_img_url': 'http://tianquan.gtimg.cn/nudgeaction/item/0/expression.jpg'}}
[2025-01-14 16:23:46][receive]解析出的命令为戳戳
[2025-01-14 16:23:49][reply]:{'status': 'ok', 'retcode': 0, 'data': {'message_id': 691141490, 'time': 1736843027}, 'echo': ''}
[2025-01-14 16:23:49][reply]:{'status': 'ok', 'retcode': 0, 'data': {'message_id': 21212512, 'time': 1736843027}, 'echo': ''}
[2025-01-14 16:23:49][receive]:the original msg is {'time': 1736843028, 'self_id': 3827617422, 'post_type': 'notice', 'notice_type': 'notify', 'sub_type': 'poke', 'group_id': 721950485, 'operator_id': 3827617422, 'user_id': 3827617422, 'target_id': 251216589, 'poke_detail': {'action': '拍了拍', 'action_img_url': 'http://tianquan.gtimg.cn/nudgeaction/item/1/expression.jpg'}}
[2025-01-14 16:23:49][receive]解析出的命令为None
[2025-01-14 16:23:56][receive]:the original msg is {'time': 1736843035, 'self_id': 3827617422, 'post_type': 'notice', 'notice_type': 'notify', 'sub_type': 'poke', 'group_id': 721950485, 'operator_id': 251216589, 'user_id': 251216589, 'target_id': 3827617422, 'poke_detail': {'suffix': '的脸, 并被咬住了手指', 'action_img_url': 'http://tianquan.gtimg.cn/nudgeaction/item/0/expression.jpg'}}
[2025-01-14 16:23:56][receive]解析出的命令为戳戳
[2025-01-14 16:23:59][reply]:{'status': 'ok', 'retcode': 0, 'data': {'message_id': 2106853005, 'time': 1736843038}, 'echo': ''}
[2025-01-14 16:23:59][reply]:{'status': 'ok', 'retcode': 0, 'data': {'message_id': 1508368777, 'time': 1736843038}, 'echo': ''}
[2025-01-14 16:23:59][receive]:the original msg is {'time': 1736843039, 'self_id': 3827617422, 'post_type': 'notice', 'notice_type': 'notify', 'sub_type': 'poke', 'group_id': 721950485, 'operator_id': 3827617422, 'user_id': 3827617422, 'target_id': 251216589, 'poke_detail': {'action': '拍了拍', 'action_img_url': 'http://tianquan.gtimg.cn/nudgeaction/item/1/expression.jpg'}}
[2025-01-14 16:23:59][receive]解析出的命令为None
[2025-01-14 16:24:09][receive]:the original msg is {'time': 1736843048, 'self_id': 3827617422, 'post_type': 'notice', 'notice_type': 'notify', 'sub_type': 'poke', 'group_id': 721950485, 'operator_id': 251216589, 'user_id': 251216589, 'target_id': 3827617422, 'poke_detail': {'suffix': '的脸, 并被咬住了手指', 'action_img_url': 'http://tianquan.gtimg.cn/nudgeaction/item/0/expression.jpg'}}
[2025-01-14 16:24:09][receive]解析出的命令为戳戳
[2025-01-14 16:24:12][reply]:{'status': 'ok', 'retcode': 0, 'data': {'message_id': 494273026, 'time': 1736843051}, 'echo': ''}
[2025-01-14 16:24:12][reply]:{'status': 'ok', 'retcode': 0, 'data': {'message_id': 1607487467, 'time': 1736843051}, 'echo': ''}
[2025-01-14 16:24:12][receive]:the original msg is {'time': 1736843051, 'self_id': 3827617422, 'post_type': 'notice', 'notice_type': 'notify', 'sub_type': 'poke', 'group_id': 721950485, 'operator_id': 3827617422, 'user_id': 3827617422, 'target_id': 251216589, 'poke_detail': {'action': '拍了拍', 'action_img_url': 'http://tianquan.gtimg.cn/nudgeaction/item/1/expression.jpg'}}
[2025-01-14 16:24:12][receive]解析出的命令为None
[2025-01-14 16:24:23][receive]:the original msg is {'time': 1736843062, 'self_id': 3827617422, 'post_type': 'notice', 'notice_type': 'notify', 'sub_type': 'poke', 'group_id': 721950485, 'operator_id': 251216589, 'user_id': 251216589, 'target_id': 3827617422, 'poke_detail': {'suffix': '的脸, 并被咬住了手指', 'action_img_url': 'http://tianquan.gtimg.cn/nudgeaction/item/0/expression.jpg'}}
[2025-01-14 16:24:23][receive]解析出的命令为戳戳
[2025-01-14 16:24:26][reply]:{'status': 'ok', 'retcode': 0, 'data': {'message_id': 946792783, 'time': 1736843065}, 'echo': ''}
[2025-01-14 16:24:26][reply]:{'status': 'ok', 'retcode': 0, 'data': {'message_id': 193902708, 'time': 1736843065}, 'echo': ''}
[2025-01-14 16:24:26][receive]:the original msg is {'time': 1736843065, 'self_id': 3827617422, 'post_type': 'notice', 'notice_type': 'notify', 'sub_type': 'poke', 'group_id': 721950485, 'operator_id': 3827617422, 'user_id': 3827617422, 'target_id': 251216589, 'poke_detail': {'action': '拍了拍', 'action_img_url': 'http://tianquan.gtimg.cn/nudgeaction/item/1/expression.jpg'}}
[2025-01-14 16:24:26][receive]解析出的命令为None
[2025-01-14 16:25:10][receive]:the original msg is {'time': 1736843110, 'self_id': 3827617422, 'post_type': 'notice', 'notice_type': 'notify', 'sub_type': 'poke', 'group_id': 721950485, 'operator_id': 251216589, 'user_id': 251216589, 'target_id': 3827617422, 'poke_detail': {'suffix': '的脸, 并被咬住了手指', 'action_img_url': 'http://tianquan.gtimg.cn/nudgeaction/item/0/expression.jpg'}}
[2025-01-14 16:25:10][receive]解析出的命令为戳戳
[2025-01-14 16:25:13][reply]:{'status': 'ok', 'retcode': 0, 'data': {'message_id': 1460429675, 'time': 1736843112}, 'echo': ''}
[2025-01-14 16:25:13][reply]:{'status': 'ok', 'retcode': 0, 'data': {'message_id': 1569811158, 'time': 1736843112}, 'echo': ''}
[2025-01-14 16:25:13][receive]:the original msg is {'time': 1736843113, 'self_id': 3827617422, 'post_type': 'notice', 'notice_type': 'notify', 'sub_type': 'poke', 'group_id': 721950485, 'operator_id': 3827617422, 'user_id': 3827617422, 'target_id': 251216589, 'poke_detail': {'action': '拍了拍', 'action_img_url': 'http://tianquan.gtimg.cn/nudgeaction/item/1/expression.jpg'}}
[2025-01-14 16:25:13][receive]解析出的命令为None
[2025-01-14 16:25:15][receive]:the original msg is {'time': 1736843114, 'self_id': 3827617422, 'post_type': 'message', 'message_type': 'group', 'sub_type': 'normal', 'message_id': 494663200, 'group_id': 721950485, 'peer_id': 3827617422, 'user_id': 395642104, 'message': [{'data': {'text': '果然还是应该写好感度系统'}, 'type': 'text'}], 'raw_message': '果然还是应该写好感度系统', 'font': 0, 'sender': {'user_id': 395642104, 'nickname': 'い愿此愛永恆࿐ེ', 'card': '万里挑一大非酋肝帝', 'role': 'admin', 'title': '', 'level': ''}}
[2025-01-14 16:25:15][receive]解析出的命令为None
[2025-01-14 16:25:19][receive]:the original msg is {'time': 1736843119, 'self_id': 3827617422, 'post_type': 'message', 'message_type': 'group', 'sub_type': 'normal', 'message_id': 690751297, 'group_id': 721950485, 'peer_id': 3827617422, 'user_id': 395642104, 'message': [{'data': {'text': '等我好消息'}, 'type': 'text'}], 'raw_message': '等我好消息', 'font': 0, 'sender': {'user_id': 395642104, 'nickname': 'い愿此愛永恆࿐ེ', 'card': '万里挑一大非酋肝帝', 'role': 'admin', 'title': '', 'level': ''}}
[2025-01-14 16:25:19][receive]解析出的命令为None
[2025-01-14 16:25:54][receive]:the original msg is {'time': 1736843154, 'self_id': 3827617422, 'post_type': 'notice', 'notice_type': 'notify', 'sub_type': 'poke', 'group_id': 721950485, 'operator_id': 251216589, 'user_id': 251216589, 'target_id': 3827617422, 'poke_detail': {'suffix': '的脸, 并被咬住了手指', 'action_img_url': 'http://tianquan.gtimg.cn/nudgeaction/item/0/expression.jpg'}}
[2025-01-14 16:25:54][receive]解析出的命令为戳戳
[2025-01-14 16:25:57][reply]:{'status': 'ok', 'retcode': 0, 'data': {'message_id': 1394286169, 'time': 1736843156}, 'echo': ''}
[2025-01-14 16:25:57][reply]:{'status': 'ok', 'retcode': 0, 'data': {'message_id': 582923550, 'time': 1736843156}, 'echo': ''}
[2025-01-14 16:25:57][receive]:the original msg is {'time': 1736843157, 'self_id': 3827617422, 'post_type': 'notice', 'notice_type': 'notify', 'sub_type': 'poke', 'group_id': 721950485, 'operator_id': 3827617422, 'user_id': 3827617422, 'target_id': 251216589, 'poke_detail': {'suffix': '的腹肌', 'action_img_url': 'http://tianquan.gtimg.cn/nudgeaction/item/0/expression.jpg'}}
[2025-01-14 16:25:57][receive]解析出的命令为None
[2025-01-14 16:26:08][receive]:the original msg is {'time': 1736843168, 'self_id': 3827617422, 'post_type': 'notice', 'notice_type': 'notify', 'sub_type': 'poke', 'group_id': 721950485, 'operator_id': 251216589, 'user_id': 251216589, 'target_id': 3827617422, 'poke_detail': {'suffix': '的脸, 并被咬住了手指', 'action_img_url': 'http://tianquan.gtimg.cn/nudgeaction/item/0/expression.jpg'}}
[2025-01-14 16:26:08][receive]解析出的命令为戳戳
[2025-01-14 16:26:11][reply]:{'status': 'ok', 'retcode': 0, 'data': {'message_id': 2124705960, 'time': 1736843170}, 'echo': ''}
[2025-01-14 16:26:12][reply]:{'status': 'ok', 'retcode': 0, 'data': {'message_id': 1577011334, 'time': 1736843170}, 'echo': ''}
[2025-01-14 16:26:12][receive]:the original msg is {'time': 1736843171, 'self_id': 3827617422, 'post_type': 'notice', 'notice_type': 'notify', 'sub_type': 'poke', 'group_id': 721950485, 'operator_id': 3827617422, 'user_id': 3827617422, 'target_id': 251216589, 'poke_detail': {'suffix': '的腹肌', 'action_img_url': 'http://tianquan.gtimg.cn/nudgeaction/item/0/expression.jpg'}}
[2025-01-14 16:26:12][receive]解析出的命令为None
[2025-01-14 16:26:22][receive]:the original msg is {'time': 1736843182, 'self_id': 3827617422, 'post_type': 'notice', 'notice_type': 'notify', 'sub_type': 'poke', 'group_id': 721950485, 'operator_id': 251216589, 'user_id': 251216589, 'target_id': 3827617422, 'poke_detail': {'suffix': '的脸, 并被咬住了手指', 'action_img_url': 'http://tianquan.gtimg.cn/nudgeaction/item/0/expression.jpg'}}
[2025-01-14 16:26:22][receive]解析出的命令为戳戳
[2025-01-14 16:26:25][reply]:{'status': 'ok', 'retcode': 0, 'data': {'message_id': 729216853, 'time': 1736843184}, 'echo': ''}
[2025-01-14 16:26:25][reply]:{'status': 'ok', 'retcode': 0, 'data': {'message_id': 930765084, 'time': 1736843184}, 'echo': ''}
[2025-01-14 16:26:25][receive]:the original msg is {'time': 1736843185, 'self_id': 3827617422, 'post_type': 'notice', 'notice_type': 'notify', 'sub_type': 'poke', 'group_id': 721950485, 'operator_id': 3827617422, 'user_id': 3827617422, 'target_id': 251216589, 'poke_detail': {'suffix': '的腹肌', 'action_img_url': 'http://tianquan.gtimg.cn/nudgeaction/item/0/expression.jpg'}}
[2025-01-14 16:26:25][receive]解析出的命令为None
