===================AUTOTOOL HUB EXPORT LOG 2025_01_23_01_00_49================

[2025-01-23 01:00:49][SenyaHime]Running on ws://192.168.0.107:5700
[2025-01-23 01:00:50][websocketserver]New connection from ('192.168.0.150', 48714)
[2025-01-23 01:00:50][heartbeat]heartbeat lunched
[2025-01-23 01:00:50][websocketserver]Received: {"time":1737565246,"self_id":3827617422,"post_type":"meta_event","meta_event_type":"lifecycle","sub_type":"connect","status":{"self":{"platform":"qq","user_id":3827617422},"online":true,"good":true,"qq.status":"正常"},"interval":15000}

[2025-01-23 01:00:50][receive_debug]:curMsgType is lifecycleMsg, the original msg is {'time': 1737565246, 'self_id': 3827617422, 'post_type': 'meta_event', 'meta_event_type': 'lifecycle', 'sub_type': 'connect', 'status': {'self': {'platform': 'qq', 'user_id': 3827617422}, 'online': True, 'good': True, 'qq.status': '正常'}, 'interval': 15000}
[2025-01-23 01:00:55][heartbeat]try send ping...OK
[2025-01-23 01:00:57][websocketserver]Received: {"time":1737565252,"self_id":3827617422,"post_type":"message","message_type":"private","sub_type":"friend","message_id":1359222790,"target_id":395642104,"peer_id":3827617422,"user_id":395642104,"message":[{"data":{"text":"摸小穴"},"type":"text"}],"raw_message":"摸小穴","font":0,"sender":{"user_id":395642104,"nickname":"白渊","card":"","role":"member","title":"","level":""}}

[2025-01-23 01:00:57][receive_debug]:curMsgType is privateMsg_normal, the original msg is {'time': 1737565252, 'self_id': 3827617422, 'post_type': 'message', 'message_type': 'private', 'sub_type': 'friend', 'message_id': 1359222790, 'target_id': 395642104, 'peer_id': 3827617422, 'user_id': 395642104, 'message': [{'data': {'text': '摸小穴'}, 'type': 'text'}], 'raw_message': '摸小穴', 'font': 0, 'sender': {'user_id': 395642104, 'nickname': '白渊', 'card': '', 'role': 'member', 'title': '', 'level': ''}}
[2025-01-23 01:00:57][resolve_debug]cur user is "395642104"
[2025-01-23 01:00:57][resolve_debug]user_id 存在于用户集中为 "True"
[2025-01-23 01:00:57][resolve_debug]error:command.trigger() missing 1 required positional argument: 'userOBJ'
[2025-01-23 01:01:00][heartbeat]try send ping...OK
[2025-01-23 01:01:05][heartbeat]try send ping...OK
[2025-01-23 01:01:10][heartbeat]try send ping...OK
[2025-01-23 01:01:15][heartbeat]try send ping...OK
[2025-01-23 01:01:20][heartbeat]try send ping...OK
[2025-01-23 01:01:25][heartbeat]try send ping...OK
[2025-01-23 01:01:30][heartbeat]try send ping...OK
[2025-01-23 01:01:35][heartbeat]try send ping...OK
[2025-01-23 01:01:40][heartbeat]try send ping...OK
[2025-01-23 01:01:45][heartbeat]try send ping...OK
[2025-01-23 01:01:50][heartbeat]try send ping...OK
[2025-01-23 01:01:55][heartbeat]try send ping...OK
[2025-01-23 01:02:00][heartbeat]try send ping...OK
[2025-01-23 01:02:05][heartbeat]try send ping...OK
[2025-01-23 01:02:10][heartbeat]try send ping...OK
[2025-01-23 01:02:16][heartbeat]try send ping...OK
[2025-01-23 01:02:21][heartbeat]try send ping...OK
[2025-01-23 01:02:26][heartbeat]try send ping...OK
[2025-01-23 01:02:31][heartbeat]try send ping...OK
[2025-01-23 01:02:36][heartbeat]try send ping...OK
[2025-01-23 01:02:38][websocketserver]Received: {"time":1737565353,"self_id":3827617422,"post_type":"message","message_type":"private","sub_type":"friend","message_id":526752722,"target_id":395642104,"peer_id":3827617422,"user_id":395642104,"message":[{"data":{"text":"晚安"},"type":"text"}],"raw_message":"晚安","font":0,"sender":{"user_id":395642104,"nickname":"白渊","card":"","role":"member","title":"","level":""}}

[2025-01-23 01:02:38][receive_debug]:curMsgType is privateMsg_normal, the original msg is {'time': 1737565353, 'self_id': 3827617422, 'post_type': 'message', 'message_type': 'private', 'sub_type': 'friend', 'message_id': 526752722, 'target_id': 395642104, 'peer_id': 3827617422, 'user_id': 395642104, 'message': [{'data': {'text': '晚安'}, 'type': 'text'}], 'raw_message': '晚安', 'font': 0, 'sender': {'user_id': 395642104, 'nickname': '白渊', 'card': '', 'role': 'member', 'title': '', 'level': ''}}
[2025-01-23 01:02:38][resolve_debug]cur user is "395642104"
[2025-01-23 01:02:38][resolve_debug]user_id 存在于用户集中为 "True"
[2025-01-23 01:02:38][resolve_debug]error:command.trigger() missing 1 required positional argument: 'userOBJ'
[2025-01-23 01:02:41][heartbeat]try send ping...OK
[2025-01-23 01:02:46][heartbeat]try send ping...OK
[2025-01-23 01:02:51][heartbeat]try send ping...OK
[2025-01-23 01:02:56][heartbeat]try send ping...OK
[2025-01-23 01:03:01][heartbeat]try send ping...OK
[2025-01-23 01:03:06][heartbeat]try send ping...OK
[2025-01-23 01:03:11][heartbeat]try send ping...OK
[2025-01-23 01:03:16][heartbeat]try send ping...OK
[2025-01-23 01:03:20][SenyaHime]Server stopped.
