===================AUTOTOOL HUB EXPORT LOG 2025_01_18_23_55_32================

[2025-01-18 23:55:32][SenyaHime]Running on http://192.168.0.107:5700
[2025-01-18 23:55:37][receive_debug]:curMsgType is groupMsg_normal, the original msg is {'time': 1737215734, 'self_id': 3827617422, 'post_type': 'message', 'message_type': 'group', 'sub_type': 'normal', 'message_id': 224697839, 'group_id': 104491286, 'peer_id': 3827617422, 'user_id': 395642104, 'message': [{'data': {'qq': '3827617422'}, 'type': 'at'}, {'data': {'text': ' 晚安'}, 'type': 'text'}], 'raw_message': '[CQ:at,qq=3827617422] 晚安', 'font': 0, 'sender': {'user_id': 395642104, 'nickname': '白渊', 'card': '', 'role': 'owner', 'title': '', 'level': ''}}
[2025-01-18 23:55:37][receive_debug]get Shamrock src IP: 192.168.0.150, src port: 42090
[2025-01-18 23:55:37][receive_debug]get command = "晚安", atme = True
[2025-01-18 23:55:37][receive_debug]当前检测命令drawCardCommand
[2025-01-18 23:55:37][receive_debug]当前检测命令reInitCardPoolCommand
[2025-01-18 23:55:37][receive_debug]当前检测命令stateInfoCommand
[2025-01-18 23:55:37][receive_debug]当前检测命令chuochuoCommand
[2025-01-18 23:55:37][receive_debug]当前检测命令wanhanCommand
[2025-01-18 23:55:37][receive_debug]当前检测命令wanhanCommand被触发
[2025-01-18 23:55:37][reply_response]:{'status': 'ok', 'retcode': 0, 'data': {'message_id': 216799529, 'time': 1737215735}, 'echo': ''}
[2025-01-18 23:55:49][receive_debug]:curMsgType is groupMsg_normal, the original msg is {'time': 1737215746, 'self_id': 3827617422, 'post_type': 'message', 'message_type': 'group', 'sub_type': 'normal', 'message_id': 1974450599, 'group_id': 721950485, 'peer_id': 3827617422, 'user_id': 395642104, 'message': [{'data': {'text': '应该行了'}, 'type': 'text'}], 'raw_message': '应该行了', 'font': 0, 'sender': {'user_id': 395642104, 'nickname': 'い愿此愛永恆࿐ེ', 'card': '万里挑一大非酋肝帝', 'role': 'admin', 'title': '', 'level': ''}}
[2025-01-18 23:55:49][receive_debug]get Shamrock src IP: 192.168.0.150, src port: 45142
[2025-01-18 23:55:49][receive_debug]get command = "应该行了", atme = False
[2025-01-18 23:55:49][receive_debug]当前检测命令drawCardCommand
[2025-01-18 23:55:49][receive_debug]当前检测命令reInitCardPoolCommand
[2025-01-18 23:55:49][receive_debug]当前检测命令stateInfoCommand
[2025-01-18 23:55:49][receive_debug]当前检测命令chuochuoCommand
[2025-01-18 23:55:49][receive_debug]当前检测命令wanhanCommand
[2025-01-18 23:55:49][receive_debug]当前检测命令sorryCommand
[2025-01-18 23:55:49][receive_debug]当前检测命令confuseCommand
[2025-01-18 23:56:07][receive_debug]:curMsgType is groupMsg_normal, the original msg is {'time': 1737215764, 'self_id': 3827617422, 'post_type': 'message', 'message_type': 'group', 'sub_type': 'normal', 'message_id': 406432757, 'group_id': 721950485, 'peer_id': 3827617422, 'user_id': 395642104, 'message': [{'data': {'qq': '3827617422'}, 'type': 'at'}, {'data': {'text': ' '}, 'type': 'text'}], 'raw_message': '[CQ:at,qq=3827617422] ', 'font': 0, 'sender': {'user_id': 395642104, 'nickname': 'い愿此愛永恆࿐ེ', 'card': '万里挑一大非酋肝帝', 'role': 'admin', 'title': '', 'level': ''}}
[2025-01-18 23:56:07][receive_debug]get Shamrock src IP: 192.168.0.150, src port: 47638
[2025-01-18 23:56:07][receive_debug]get command = "None", atme = True
[2025-01-18 23:56:07][receive_debug]当前检测命令drawCardCommand
[2025-01-18 23:56:07][receive_debug]当前检测命令reInitCardPoolCommand
[2025-01-18 23:56:07][receive_debug]当前检测命令stateInfoCommand
[2025-01-18 23:56:07][receive_debug]当前检测命令chuochuoCommand
[2025-01-18 23:56:07][receive_debug]当前检测命令wanhanCommand
[2025-01-18 23:56:07][receive_debug]当前检测命令sorryCommand
[2025-01-18 23:56:07][receive_debug]当前检测命令confuseCommand
[2025-01-18 23:56:07][receive_debug]当前检测命令confuseCommand被触发
[2025-01-18 23:56:07][reply_response]:{'status': 'ok', 'retcode': 0, 'data': {'message_id': 1094515853, 'time': 1737215765}, 'echo': ''}
[2025-01-18 23:56:14][receive_debug]:curMsgType is groupMsg_normal, the original msg is {'time': 1737215771, 'self_id': 3827617422, 'post_type': 'message', 'message_type': 'group', 'sub_type': 'normal', 'message_id': 1790240652, 'group_id': 721950485, 'peer_id': 3827617422, 'user_id': 395642104, 'message': [{'data': {'qq': '3827617422'}, 'type': 'at'}, {'data': {'text': ' asdsd'}, 'type': 'text'}], 'raw_message': '[CQ:at,qq=3827617422] asdsd', 'font': 0, 'sender': {'user_id': 395642104, 'nickname': 'い愿此愛永恆࿐ེ', 'card': '万里挑一大非酋肝帝', 'role': 'admin', 'title': '', 'level': ''}}
[2025-01-18 23:56:14][receive_debug]get Shamrock src IP: 192.168.0.150, src port: 37134
[2025-01-18 23:56:14][receive_debug]get command = "asdsd", atme = True
[2025-01-18 23:56:14][receive_debug]当前检测命令drawCardCommand
[2025-01-18 23:56:14][receive_debug]当前检测命令reInitCardPoolCommand
[2025-01-18 23:56:14][receive_debug]当前检测命令stateInfoCommand
[2025-01-18 23:56:14][receive_debug]当前检测命令chuochuoCommand
[2025-01-18 23:56:14][receive_debug]当前检测命令wanhanCommand
[2025-01-18 23:56:14][receive_debug]当前检测命令sorryCommand
[2025-01-18 23:56:14][receive_debug]当前检测命令confuseCommand
[2025-01-18 23:56:14][receive_debug]当前检测命令confuseCommand被触发
[2025-01-18 23:56:15][reply_response]:{'status': 'ok', 'retcode': 0, 'data': {'message_id': 1499332718, 'time': 1737215772}, 'echo': ''}
[2025-01-18 23:56:21][receive_debug]:curMsgType is groupMsg_normal, the original msg is {'time': 1737215779, 'self_id': 3827617422, 'post_type': 'message', 'message_type': 'group', 'sub_type': 'normal', 'message_id': 1181030122, 'group_id': 721950485, 'peer_id': 3827617422, 'user_id': 395642104, 'message': [{'data': {'qq': '3827617422'}, 'type': 'at'}, {'data': {'text': ' \\asdsfg'}, 'type': 'text'}], 'raw_message': '[CQ:at,qq=3827617422] \\asdsfg', 'font': 0, 'sender': {'user_id': 395642104, 'nickname': 'い愿此愛永恆࿐ེ', 'card': '万里挑一大非酋肝帝', 'role': 'admin', 'title': '', 'level': ''}}
[2025-01-18 23:56:21][receive_debug]get Shamrock src IP: 192.168.0.150, src port: 47304
[2025-01-18 23:56:21][receive_debug]get command = "\asdsfg", atme = True
[2025-01-18 23:56:21][receive_debug]当前检测命令drawCardCommand
[2025-01-18 23:56:21][receive_debug]当前检测命令reInitCardPoolCommand
[2025-01-18 23:56:21][receive_debug]当前检测命令stateInfoCommand
[2025-01-18 23:56:21][receive_debug]当前检测命令chuochuoCommand
[2025-01-18 23:56:21][receive_debug]当前检测命令wanhanCommand
[2025-01-18 23:56:21][receive_debug]当前检测命令sorryCommand
[2025-01-18 23:56:21][receive_debug]当前检测命令sorryCommand被触发
[2025-01-18 23:56:22][reply_response]:{'status': 'ok', 'retcode': 0, 'data': {'message_id': 1478327404, 'time': 1737215780}, 'echo': ''}
[2025-01-18 23:56:29][receive_debug]:curMsgType is groupMsg_normal, the original msg is {'time': 1737215787, 'self_id': 3827617422, 'post_type': 'message', 'message_type': 'group', 'sub_type': 'normal', 'message_id': 1309483765, 'group_id': 721950485, 'peer_id': 3827617422, 'user_id': 395642104, 'message': [{'data': {'qq': '3827617422'}, 'type': 'at'}, {'data': {'text': ' 晚安'}, 'type': 'text'}], 'raw_message': '[CQ:at,qq=3827617422] 晚安', 'font': 0, 'sender': {'user_id': 395642104, 'nickname': 'い愿此愛永恆࿐ེ', 'card': '万里挑一大非酋肝帝', 'role': 'admin', 'title': '', 'level': ''}}
[2025-01-18 23:56:29][receive_debug]get Shamrock src IP: 192.168.0.150, src port: 47316
[2025-01-18 23:56:29][receive_debug]get command = "晚安", atme = True
[2025-01-18 23:56:29][receive_debug]当前检测命令drawCardCommand
[2025-01-18 23:56:29][receive_debug]当前检测命令reInitCardPoolCommand
[2025-01-18 23:56:29][receive_debug]当前检测命令stateInfoCommand
[2025-01-18 23:56:29][receive_debug]当前检测命令chuochuoCommand
[2025-01-18 23:56:29][receive_debug]当前检测命令wanhanCommand
[2025-01-18 23:56:29][receive_debug]当前检测命令wanhanCommand被触发
[2025-01-18 23:56:30][reply_response]:{'status': 'ok', 'retcode': 0, 'data': {'message_id': 1341995152, 'time': 1737215788}, 'echo': ''}
[2025-01-18 23:56:35][receive_debug]:curMsgType is groupMsg_normal, the original msg is {'time': 1737215792, 'self_id': 3827617422, 'post_type': 'message', 'message_type': 'group', 'sub_type': 'normal', 'message_id': 802758549, 'group_id': 721950485, 'peer_id': 3827617422, 'user_id': 395642104, 'message': [{'data': {'text': 'OK'}, 'type': 'text'}], 'raw_message': 'OK', 'font': 0, 'sender': {'user_id': 395642104, 'nickname': 'い愿此愛永恆࿐ེ', 'card': '万里挑一大非酋肝帝', 'role': 'admin', 'title': '', 'level': ''}}
[2025-01-18 23:56:35][receive_debug]get Shamrock src IP: 192.168.0.150, src port: 46906
[2025-01-18 23:56:35][receive_debug]get command = "OK", atme = False
[2025-01-18 23:56:35][receive_debug]当前检测命令drawCardCommand
[2025-01-18 23:56:35][receive_debug]当前检测命令reInitCardPoolCommand
[2025-01-18 23:56:35][receive_debug]当前检测命令stateInfoCommand
[2025-01-18 23:56:35][receive_debug]当前检测命令chuochuoCommand
[2025-01-18 23:56:35][receive_debug]当前检测命令wanhanCommand
[2025-01-18 23:56:35][receive_debug]当前检测命令sorryCommand
[2025-01-18 23:56:35][receive_debug]当前检测命令confuseCommand
[2025-01-18 23:56:47][receive_debug]:curMsgType is groupMsg_normal, the original msg is {'time': 1737215805, 'self_id': 3827617422, 'post_type': 'message', 'message_type': 'group', 'sub_type': 'normal', 'message_id': 1152454004, 'group_id': 721950485, 'peer_id': 3827617422, 'user_id': 2874851873, 'message': [{'data': {'qq': '3827617422'}, 'type': 'at'}, {'data': {'text': ' 爱你'}, 'type': 'text'}], 'raw_message': '[CQ:at,qq=3827617422] 爱你', 'font': 0, 'sender': {'user_id': 2874851873, 'nickname': '琪亚娜，出击！', 'card': '琪亚娜，出击！', 'role': 'member', 'title': '', 'level': ''}}
[2025-01-18 23:56:47][receive_debug]get Shamrock src IP: 192.168.0.150, src port: 45780
[2025-01-18 23:56:47][receive_debug]get command = "爱你", atme = True
[2025-01-18 23:56:47][receive_debug]当前检测命令drawCardCommand
[2025-01-18 23:56:47][receive_debug]当前检测命令reInitCardPoolCommand
[2025-01-18 23:56:47][receive_debug]当前检测命令stateInfoCommand
[2025-01-18 23:56:47][receive_debug]当前检测命令chuochuoCommand
[2025-01-18 23:56:47][receive_debug]当前检测命令wanhanCommand
[2025-01-18 23:56:47][receive_debug]当前检测命令sorryCommand
[2025-01-18 23:56:47][receive_debug]当前检测命令confuseCommand
[2025-01-18 23:56:47][receive_debug]当前检测命令confuseCommand被触发
[2025-01-18 23:56:48][reply_response]:{'status': 'ok', 'retcode': 0, 'data': {'message_id': 844490342, 'time': 1737215806}, 'echo': ''}
[2025-01-18 23:57:18][receive_debug]:curMsgType is groupMsg_normal, the original msg is {'time': 1737215835, 'self_id': 3827617422, 'post_type': 'message', 'message_type': 'group', 'sub_type': 'normal', 'message_id': 98712798, 'group_id': 721950485, 'peer_id': 3827617422, 'user_id': 395642104, 'message': [{'data': {'text': '没这个功能('}, 'type': 'text'}], 'raw_message': '没这个功能(', 'font': 0, 'sender': {'user_id': 395642104, 'nickname': 'い愿此愛永恆࿐ེ', 'card': '万里挑一大非酋肝帝', 'role': 'admin', 'title': '', 'level': ''}}
[2025-01-18 23:57:18][receive_debug]get Shamrock src IP: 192.168.0.150, src port: 47270
[2025-01-18 23:57:18][receive_debug]get command = "没这个功能(", atme = False
[2025-01-18 23:57:18][receive_debug]当前检测命令drawCardCommand
[2025-01-18 23:57:18][receive_debug]当前检测命令reInitCardPoolCommand
[2025-01-18 23:57:18][receive_debug]当前检测命令stateInfoCommand
[2025-01-18 23:57:18][receive_debug]当前检测命令chuochuoCommand
[2025-01-18 23:57:18][receive_debug]当前检测命令wanhanCommand
[2025-01-18 23:57:18][receive_debug]当前检测命令sorryCommand
[2025-01-18 23:57:18][receive_debug]当前检测命令confuseCommand
[2025-01-18 23:57:37][receive_debug]:curMsgType is groupMsg_normal, the original msg is {'time': 1737215854, 'self_id': 3827617422, 'post_type': 'message', 'message_type': 'group', 'sub_type': 'normal', 'message_id': 1851736750, 'group_id': 721950485, 'peer_id': 3827617422, 'user_id': 2874851873, 'message': [{'data': {'qq': '395642104'}, 'type': 'at'}, {'data': {'text': ' 爱你'}, 'type': 'text'}], 'raw_message': '[CQ:at,qq=395642104] 爱你', 'font': 0, 'sender': {'user_id': 2874851873, 'nickname': '琪亚娜，出击！', 'card': '琪亚娜，出击！', 'role': 'member', 'title': '', 'level': ''}}
[2025-01-18 23:57:37][receive_debug]get Shamrock src IP: 192.168.0.150, src port: 40316
[2025-01-18 23:57:37][receive_debug]get command = "爱你", atme = False
[2025-01-18 23:57:37][receive_debug]当前检测命令drawCardCommand
[2025-01-18 23:57:37][receive_debug]当前检测命令reInitCardPoolCommand
[2025-01-18 23:57:37][receive_debug]当前检测命令stateInfoCommand
[2025-01-18 23:57:37][receive_debug]当前检测命令chuochuoCommand
[2025-01-18 23:57:37][receive_debug]当前检测命令wanhanCommand
[2025-01-18 23:57:37][receive_debug]当前检测命令sorryCommand
[2025-01-18 23:57:37][receive_debug]当前检测命令confuseCommand
[2025-01-18 23:57:39][receive_debug]:curMsgType is groupMsg_normal, the original msg is {'time': 1737215856, 'self_id': 3827617422, 'post_type': 'message', 'message_type': 'group', 'sub_type': 'normal', 'message_id': 600812677, 'group_id': 721950485, 'peer_id': 3827617422, 'user_id': 2874851873, 'message': [{'data': {'file': '3455accc5a9b6c66876325eeecdcde8f', 'subType': 1, 'type': 'show', 'url': 'http://gchat.qpic.cn/gchatpic_new/0/0-0-3455ACCC5A9B6C66876325EEECDCDE8F/0?term=2'}, 'type': 'image'}], 'raw_message': '[CQ:image,file=3455accc5a9b6c66876325eeecdcde8f,subType=1,type=show,url=http://gchat.qpic.cn/gchatpic_new/0/0-0-3455ACCC5A9B6C66876325EEECDCDE8F/0?term=2]', 'font': 0, 'sender': {'user_id': 2874851873, 'nickname': '琪亚娜，出击！', 'card': '琪亚娜，出击！', 'role': 'member', 'title': '', 'level': ''}}
[2025-01-18 23:57:39][receive_debug]get Shamrock src IP: 192.168.0.150, src port: 40322
[2025-01-18 23:57:39][receive_debug]get command = "None", atme = False
[2025-01-18 23:57:39][receive_debug]当前检测命令drawCardCommand
[2025-01-18 23:57:39][receive_debug]当前检测命令reInitCardPoolCommand
[2025-01-18 23:57:39][receive_debug]当前检测命令stateInfoCommand
[2025-01-18 23:57:39][receive_debug]当前检测命令chuochuoCommand
[2025-01-18 23:57:39][receive_debug]当前检测命令wanhanCommand
[2025-01-18 23:57:39][receive_debug]当前检测命令sorryCommand
[2025-01-18 23:57:39][receive_debug]当前检测命令confuseCommand
[2025-01-18 23:57:46][receive_debug]:curMsgType is groupMsg_normal, the original msg is {'time': 1737215864, 'self_id': 3827617422, 'post_type': 'message', 'message_type': 'group', 'sub_type': 'normal', 'message_id': 710266626, 'group_id': 721950485, 'peer_id': 3827617422, 'user_id': 395642104, 'message': [{'data': {'text': '更没有这个功能了'}, 'type': 'text'}], 'raw_message': '更没有这个功能了', 'font': 0, 'sender': {'user_id': 395642104, 'nickname': 'い愿此愛永恆࿐ེ', 'card': '万里挑一大非酋肝帝', 'role': 'admin', 'title': '', 'level': ''}}
[2025-01-18 23:57:46][receive_debug]get Shamrock src IP: 192.168.0.150, src port: 39102
[2025-01-18 23:57:46][receive_debug]get command = "更没有这个功能了", atme = False
[2025-01-18 23:57:46][receive_debug]当前检测命令drawCardCommand
[2025-01-18 23:57:46][receive_debug]当前检测命令reInitCardPoolCommand
[2025-01-18 23:57:46][receive_debug]当前检测命令stateInfoCommand
[2025-01-18 23:57:46][receive_debug]当前检测命令chuochuoCommand
[2025-01-18 23:57:46][receive_debug]当前检测命令wanhanCommand
[2025-01-18 23:57:46][receive_debug]当前检测命令sorryCommand
[2025-01-18 23:57:46][receive_debug]当前检测命令confuseCommand
[2025-01-18 23:58:01][receive_debug]:curMsgType is groupMsg_normal, the original msg is {'time': 1737215878, 'self_id': 3827617422, 'post_type': 'message', 'message_type': 'group', 'sub_type': 'normal', 'message_id': 367583023, 'group_id': 721950485, 'peer_id': 3827617422, 'user_id': 395642104, 'message': [{'data': {'file': 'dbde5e79af380eff0db78eb52382d2fe', 'subType': 1, 'type': 'original', 'url': 'http://gchat.qpic.cn/gchatpic_new/0/0-0-DBDE5E79AF380EFF0DB78EB52382D2FE/0?term=2'}, 'type': 'image'}], 'raw_message': '[CQ:image,file=dbde5e79af380eff0db78eb52382d2fe,subType=1,type=original,url=http://gchat.qpic.cn/gchatpic_new/0/0-0-DBDE5E79AF380EFF0DB78EB52382D2FE/0?term=2]', 'font': 0, 'sender': {'user_id': 395642104, 'nickname': 'い愿此愛永恆࿐ེ', 'card': '万里挑一大非酋肝帝', 'role': 'admin', 'title': '', 'level': ''}}
[2025-01-18 23:58:01][receive_debug]get Shamrock src IP: 192.168.0.150, src port: 47746
[2025-01-18 23:58:01][receive_debug]get command = "None", atme = False
[2025-01-18 23:58:01][receive_debug]当前检测命令drawCardCommand
[2025-01-18 23:58:01][receive_debug]当前检测命令reInitCardPoolCommand
[2025-01-18 23:58:01][receive_debug]当前检测命令stateInfoCommand
[2025-01-18 23:58:01][receive_debug]当前检测命令chuochuoCommand
[2025-01-18 23:58:01][receive_debug]当前检测命令wanhanCommand
[2025-01-18 23:58:01][receive_debug]当前检测命令sorryCommand
[2025-01-18 23:58:01][receive_debug]当前检测命令confuseCommand
