===================AUTOTOOL HUB EXPORT LOG 2025_01_23_01_03_23================

[2025-01-23 01:03:23][SenyaHime]Running on ws://192.168.0.107:5700
[2025-01-23 01:03:25][websocketserver]New connection from ('192.168.0.150', 43840)
[2025-01-23 01:03:25][heartbeat]heartbeat lunched
[2025-01-23 01:03:25][websocketserver]Received: {"time":1737565401,"self_id":3827617422,"post_type":"meta_event","meta_event_type":"lifecycle","sub_type":"connect","status":{"self":{"platform":"qq","user_id":3827617422},"online":true,"good":true,"qq.status":"正常"},"interval":15000}

[2025-01-23 01:03:25][receive_debug]:curMsgType is lifecycleMsg, the original msg is {'time': 1737565401, 'self_id': 3827617422, 'post_type': 'meta_event', 'meta_event_type': 'lifecycle', 'sub_type': 'connect', 'status': {'self': {'platform': 'qq', 'user_id': 3827617422}, 'online': True, 'good': True, 'qq.status': '正常'}, 'interval': 15000}
[2025-01-23 01:03:27][websocketserver]Received: {"time":1737565403,"self_id":3827617422,"post_type":"message","message_type":"private","sub_type":"friend","message_id":528522260,"target_id":395642104,"peer_id":3827617422,"user_id":395642104,"message":[{"data":{"text":"晚安"},"type":"text"}],"raw_message":"晚安","font":0,"sender":{"user_id":395642104,"nickname":"白渊","card":"","role":"member","title":"","level":""}}

[2025-01-23 01:03:27][receive_debug]:curMsgType is privateMsg_normal, the original msg is {'time': 1737565403, 'self_id': 3827617422, 'post_type': 'message', 'message_type': 'private', 'sub_type': 'friend', 'message_id': 528522260, 'target_id': 395642104, 'peer_id': 3827617422, 'user_id': 395642104, 'message': [{'data': {'text': '晚安'}, 'type': 'text'}], 'raw_message': '晚安', 'font': 0, 'sender': {'user_id': 395642104, 'nickname': '白渊', 'card': '', 'role': 'member', 'title': '', 'level': ''}}
[2025-01-23 01:03:27][resolve_debug]cur user is "395642104"
[2025-01-23 01:03:27][resolve_debug]user_id 存在于用户集中为 "True"
[2025-01-23 01:03:27][resolve_debug]error:command.trigger() takes 4 positional arguments but 5 were given
[2025-01-23 01:03:30][heartbeat]try send ping...OK
[2025-01-23 01:03:35][heartbeat]try send ping...OK
[2025-01-23 01:03:40][heartbeat]try send ping...OK
[2025-01-23 01:03:45][heartbeat]try send ping...OK
[2025-01-23 01:03:50][heartbeat]try send ping...OK
[2025-01-23 01:03:55][heartbeat]try send ping...OK
[2025-01-23 01:04:00][heartbeat]try send ping...OK
[2025-01-23 01:04:05][heartbeat]try send ping...OK
[2025-01-23 01:04:10][SenyaHime]Server stopped.
