===================AUTOTOOL HUB EXPORT LOG 2025_01_23_00_57_49================

[2025-01-23 00:57:49][SenyaHime]Running on ws://192.168.0.107:5700
[2025-01-23 00:57:50][websocketserver]New connection from ('192.168.0.150', 39880)
[2025-01-23 00:57:50][heartbeat]heartbeat lunched
[2025-01-23 00:57:50][websocketserver]Received: {"time":1737565066,"self_id":3827617422,"post_type":"meta_event","meta_event_type":"lifecycle","sub_type":"connect","status":{"self":{"platform":"qq","user_id":3827617422},"online":true,"good":true,"qq.status":"正常"},"interval":15000}

[2025-01-23 00:57:50][receive_debug]:curMsgType is lifecycleMsg, the original msg is {'time': 1737565066, 'self_id': 3827617422, 'post_type': 'meta_event', 'meta_event_type': 'lifecycle', 'sub_type': 'connect', 'status': {'self': {'platform': 'qq', 'user_id': 3827617422}, 'online': True, 'good': True, 'qq.status': '正常'}, 'interval': 15000}
[2025-01-23 00:57:54][websocketserver]Received: {"time":1737565069,"self_id":3827617422,"post_type":"message","message_type":"private","sub_type":"friend","message_id":817710577,"target_id":395642104,"peer_id":3827617422,"user_id":395642104,"message":[{"data":{"text":"摸头"},"type":"text"}],"raw_message":"摸头","font":0,"sender":{"user_id":395642104,"nickname":"白渊","card":"","role":"member","title":"","level":""}}

[2025-01-23 00:57:54][receive_debug]:curMsgType is privateMsg_normal, the original msg is {'time': 1737565069, 'self_id': 3827617422, 'post_type': 'message', 'message_type': 'private', 'sub_type': 'friend', 'message_id': 817710577, 'target_id': 395642104, 'peer_id': 3827617422, 'user_id': 395642104, 'message': [{'data': {'text': '摸头'}, 'type': 'text'}], 'raw_message': '摸头', 'font': 0, 'sender': {'user_id': 395642104, 'nickname': '白渊', 'card': '', 'role': 'member', 'title': '', 'level': ''}}
[2025-01-23 00:57:54][resolve_debug]cur user is "395642104"
[2025-01-23 00:57:54][resolve_debug]command "touchHeadCammand" triggered

[2025-01-23 00:57:54][websocketserver]Posed: {'action': 'send_private_msg', 'echo': ' ', 'params': {'access_token': 'guzhaoqiaoqiaoa1', 'user_id': 395642104, 'message': [{'type': 'text', 'data': {'text': '嗯，主人已经逐渐掌握了摸千夜的秘诀了呢！'}}, {'type': 'text', 'data': {'text': '\nFavor added: 36'}}]}}

[2025-01-23 00:57:54][websocketserver]Received: {"status":"ok","retcode":0,"data":{"message_id":413214240,"time":1737565070},"echo":" "}

[2025-01-23 00:57:54][receive_debug]:curMsgType is responseMsg, the original msg is {'status': 'ok', 'retcode': 0, 'data': {'message_id': 413214240, 'time': 1737565070}, 'echo': ' '}
[2025-01-23 00:57:55][heartbeat]try send ping...OK
[2025-01-23 00:57:56][websocketserver]Received: {"time":1737565071,"self_id":3827617422,"post_type":"message","message_type":"group","sub_type":"normal","message_id":2075474462,"group_id":721950485,"peer_id":3827617422,"user_id":2874851873,"message":[{"data":{"text":"里面最强的应该是停云"},"type":"text"}],"raw_message":"里面最强的应该是停云","font":0,"sender":{"user_id":2874851873,"nickname":"琪亚娜，出击！","card":"琪亚娜，出击！","role":"member","title":"","level":""}}

[2025-01-23 00:57:56][receive_debug]:curMsgType is groupMsg_normal, the original msg is {'time': 1737565071, 'self_id': 3827617422, 'post_type': 'message', 'message_type': 'group', 'sub_type': 'normal', 'message_id': 2075474462, 'group_id': 721950485, 'peer_id': 3827617422, 'user_id': 2874851873, 'message': [{'data': {'text': '里面最强的应该是停云'}, 'type': 'text'}], 'raw_message': '里面最强的应该是停云', 'font': 0, 'sender': {'user_id': 2874851873, 'nickname': '琪亚娜，出击！', 'card': '琪亚娜，出击！', 'role': 'member', 'title': '', 'level': ''}}
[2025-01-23 00:57:56][resolve_debug]cur user is "2874851873"
[2025-01-23 00:57:56][resolve_debug]error:command.trigger() missing 1 required positional argument: 'userOBJ'
[2025-01-23 00:58:00][heartbeat]try send ping...OK
[2025-01-23 00:58:05][heartbeat]try send ping...OK
[2025-01-23 00:58:07][websocketserver]Received: {"time":1737565083,"self_id":3827617422,"post_type":"message","message_type":"private","sub_type":"friend","message_id":587492869,"target_id":395642104,"peer_id":3827617422,"user_id":395642104,"message":[{"data":{"text":"摸小穴"},"type":"text"}],"raw_message":"摸小穴","font":0,"sender":{"user_id":395642104,"nickname":"白渊","card":"","role":"member","title":"","level":""}}

[2025-01-23 00:58:07][receive_debug]:curMsgType is privateMsg_normal, the original msg is {'time': 1737565083, 'self_id': 3827617422, 'post_type': 'message', 'message_type': 'private', 'sub_type': 'friend', 'message_id': 587492869, 'target_id': 395642104, 'peer_id': 3827617422, 'user_id': 395642104, 'message': [{'data': {'text': '摸小穴'}, 'type': 'text'}], 'raw_message': '摸小穴', 'font': 0, 'sender': {'user_id': 395642104, 'nickname': '白渊', 'card': '', 'role': 'member', 'title': '', 'level': ''}}
[2025-01-23 00:58:07][resolve_debug]cur user is "395642104"
[2025-01-23 00:58:07][resolve_debug]error:command.trigger() missing 1 required positional argument: 'userOBJ'
[2025-01-23 00:58:10][heartbeat]try send ping...OK
[2025-01-23 00:58:15][heartbeat]try send ping...OK
[2025-01-23 00:58:18][websocketserver]Received: {"time":1737565093,"self_id":3827617422,"post_type":"message","message_type":"group","sub_type":"normal","message_id":1212756327,"group_id":721950485,"peer_id":3827617422,"user_id":2874851873,"message":[{"data":{"text":"但是你要玩真理的话 可以换个桂乃芬"},"type":"text"}],"raw_message":"但是你要玩真理的话 可以换个桂乃芬","font":0,"sender":{"user_id":2874851873,"nickname":"琪亚娜，出击！","card":"琪亚娜，出击！","role":"member","title":"","level":""}}

[2025-01-23 00:58:18][receive_debug]:curMsgType is groupMsg_normal, the original msg is {'time': 1737565093, 'self_id': 3827617422, 'post_type': 'message', 'message_type': 'group', 'sub_type': 'normal', 'message_id': 1212756327, 'group_id': 721950485, 'peer_id': 3827617422, 'user_id': 2874851873, 'message': [{'data': {'text': '但是你要玩真理的话 可以换个桂乃芬'}, 'type': 'text'}], 'raw_message': '但是你要玩真理的话 可以换个桂乃芬', 'font': 0, 'sender': {'user_id': 2874851873, 'nickname': '琪亚娜，出击！', 'card': '琪亚娜，出击！', 'role': 'member', 'title': '', 'level': ''}}
[2025-01-23 00:58:18][resolve_debug]cur user is "2874851873"
[2025-01-23 00:58:18][resolve_debug]error:command.trigger() missing 1 required positional argument: 'userOBJ'
[2025-01-23 00:58:20][heartbeat]try send ping...OK
[2025-01-23 00:58:25][heartbeat]try send ping...OK
[2025-01-23 00:58:30][heartbeat]try send ping...OK
[2025-01-23 00:58:35][heartbeat]try send ping...OK
[2025-01-23 00:58:40][heartbeat]try send ping...OK
[2025-01-23 00:58:45][heartbeat]try send ping...OK
[2025-01-23 00:58:50][heartbeat]try send ping...OK
[2025-01-23 00:58:55][heartbeat]try send ping...OK
[2025-01-23 00:59:00][heartbeat]try send ping...OK
[2025-01-23 00:59:04][websocketserver]Received: {"time":1737565140,"self_id":3827617422,"post_type":"message","message_type":"group","sub_type":"normal","message_id":669469524,"group_id":721950485,"peer_id":3827617422,"user_id":3102684670,"message":[{"data":{"text":"OK的"},"type":"text"}],"raw_message":"OK的","font":0,"sender":{"user_id":3102684670,"nickname":"小秋（超级摸鱼王版本）","card":"小秋（超级摸鱼王版本）","role":"member","title":"","level":""}}

[2025-01-23 00:59:04][receive_debug]:curMsgType is groupMsg_normal, the original msg is {'time': 1737565140, 'self_id': 3827617422, 'post_type': 'message', 'message_type': 'group', 'sub_type': 'normal', 'message_id': 669469524, 'group_id': 721950485, 'peer_id': 3827617422, 'user_id': 3102684670, 'message': [{'data': {'text': 'OK的'}, 'type': 'text'}], 'raw_message': 'OK的', 'font': 0, 'sender': {'user_id': 3102684670, 'nickname': '小秋（超级摸鱼王版本）', 'card': '小秋（超级摸鱼王版本）', 'role': 'member', 'title': '', 'level': ''}}
[2025-01-23 00:59:04][resolve_debug]cur user is "3102684670"
[2025-01-23 00:59:04][resolve_debug]error:command.trigger() missing 1 required positional argument: 'userOBJ'
[2025-01-23 00:59:05][heartbeat]try send ping...OK
[2025-01-23 00:59:09][websocketserver]Received: {"time":1737565145,"self_id":3827617422,"post_type":"message","message_type":"group","sub_type":"normal","message_id":508876713,"group_id":721950485,"peer_id":3827617422,"user_id":3102684670,"message":[{"data":{"text":"谢谢啦"},"type":"text"}],"raw_message":"谢谢啦","font":0,"sender":{"user_id":3102684670,"nickname":"小秋（超级摸鱼王版本）","card":"小秋（超级摸鱼王版本）","role":"member","title":"","level":""}}

[2025-01-23 00:59:09][receive_debug]:curMsgType is groupMsg_normal, the original msg is {'time': 1737565145, 'self_id': 3827617422, 'post_type': 'message', 'message_type': 'group', 'sub_type': 'normal', 'message_id': 508876713, 'group_id': 721950485, 'peer_id': 3827617422, 'user_id': 3102684670, 'message': [{'data': {'text': '谢谢啦'}, 'type': 'text'}], 'raw_message': '谢谢啦', 'font': 0, 'sender': {'user_id': 3102684670, 'nickname': '小秋（超级摸鱼王版本）', 'card': '小秋（超级摸鱼王版本）', 'role': 'member', 'title': '', 'level': ''}}
[2025-01-23 00:59:09][resolve_debug]cur user is "3102684670"
[2025-01-23 00:59:09][resolve_debug]error:command.trigger() missing 1 required positional argument: 'userOBJ'
[2025-01-23 00:59:10][heartbeat]try send ping...OK
[2025-01-23 00:59:15][heartbeat]try send ping...OK
[2025-01-23 00:59:20][heartbeat]try send ping...OK
[2025-01-23 00:59:25][heartbeat]try send ping...OK
[2025-01-23 00:59:30][heartbeat]try send ping...OK
[2025-01-23 00:59:35][heartbeat]try send ping...OK
[2025-01-23 00:59:40][heartbeat]try send ping...OK
[2025-01-23 00:59:45][heartbeat]try send ping...OK
[2025-01-23 00:59:50][heartbeat]try send ping...OK
[2025-01-23 00:59:55][heartbeat]try send ping...OK
[2025-01-23 01:00:00][heartbeat]try send ping...OK
[2025-01-23 01:00:05][heartbeat]try send ping...OK
[2025-01-23 01:00:10][heartbeat]try send ping...OK
[2025-01-23 01:00:15][heartbeat]try send ping...OK
[2025-01-23 01:00:20][heartbeat]try send ping...OK
[2025-01-23 01:00:25][heartbeat]try send ping...OK
[2025-01-23 01:00:30][heartbeat]try send ping...OK
[2025-01-23 01:00:35][heartbeat]try send ping...OK
[2025-01-23 01:00:40][heartbeat]try send ping...OK
[2025-01-23 01:00:44][SenyaHime]Server stopped.
