===================AUTOTOOL HUB EXPORT LOG 2025_01_21_21_35_00================

[2025-01-21 21:35:00][SenyaHime]Running on ws://192.168.0.107:5700
[2025-01-21 21:35:03][websocketserver]New connection from ('192.168.0.150', 49152)
[2025-01-21 21:35:03][heartbeat]heartbeat lunched
[2025-01-21 21:35:04][websocketserver]Received: {"time":1737466500,"self_id":3827617422,"post_type":"meta_event","meta_event_type":"lifecycle","sub_type":"connect","status":{"self":{"platform":"qq","user_id":3827617422},"online":true,"good":true,"qq.status":"正常"},"interval":15000}

[2025-01-21 21:35:04][receive_debug]:curMsgType is lifecycleMsg, the original msg is {'time': 1737466500, 'self_id': 3827617422, 'post_type': 'meta_event', 'meta_event_type': 'lifecycle', 'sub_type': 'connect', 'status': {'self': {'platform': 'qq', 'user_id': 3827617422}, 'online': True, 'good': True, 'qq.status': '正常'}, 'interval': 15000}
[2025-01-21 21:35:04][resolve_debug]cur user is "395642104"

[2025-01-21 21:35:04][resolve_debug]users "395642104" created

[2025-01-21 21:35:06][websocketserver]Received: {"time":1737466502,"self_id":3827617422,"post_type":"message","message_type":"private","sub_type":"friend","message_id":1962993952,"target_id":395642104,"peer_id":3827617422,"user_id":395642104,"message":[{"data":{"text":"\\戳戳"},"type":"text"}],"raw_message":"\\戳戳","font":0,"sender":{"user_id":395642104,"nickname":"白渊","card":"","role":"member","title":"","level":""}}

[2025-01-21 21:35:06][receive_debug]:curMsgType is privateMsg_normal, the original msg is {'time': 1737466502, 'self_id': 3827617422, 'post_type': 'message', 'message_type': 'private', 'sub_type': 'friend', 'message_id': 1962993952, 'target_id': 395642104, 'peer_id': 3827617422, 'user_id': 395642104, 'message': [{'data': {'text': '\\戳戳'}, 'type': 'text'}], 'raw_message': '\\戳戳', 'font': 0, 'sender': {'user_id': 395642104, 'nickname': '白渊', 'card': '', 'role': 'member', 'title': '', 'level': ''}}
[2025-01-21 21:35:06][resolve_debug]cur user is "395642104"

[2025-01-21 21:35:06][resolve_debug]users "395642104" created

[2025-01-21 21:35:09][resolve_debug]command "chuochuoCommand" triggered

[2025-01-21 21:35:09][websocketserver]Posed: {'action': 'send_private_msg', 'echo': ' ', 'params': {'access_token': 'guzhaoqiaoqiaoa1', 'user_id': 395642104, 'message': [{'type': 'reply', 'data': {'id': 1962993952}}, {'type': 'text', 'data': {'text': '啊，主人居然每天都想着戳小千夜，是不是太无聊了呢？'}}]}}

[2025-01-21 21:35:09][heartbeat]try send ping...OK
[2025-01-21 21:35:10][websocketserver]Received: {"status":"ok","retcode":0,"data":{"message_id":1335258620,"time":1737466506},"echo":" "}

[2025-01-21 21:35:10][receive_debug]:curMsgType is responseMsg, the original msg is {'status': 'ok', 'retcode': 0, 'data': {'message_id': 1335258620, 'time': 1737466506}, 'echo': ' '}
[2025-01-21 21:35:10][resolve_debug]cur user is "395642104"

[2025-01-21 21:35:10][resolve_debug]users "395642104" created

[2025-01-21 21:35:14][heartbeat]try send ping...OK
[2025-01-21 21:35:15][websocketserver]Received: {"time":1737466512,"self_id":3827617422,"post_type":"message","message_type":"private","sub_type":"friend","message_id":655312938,"target_id":395642104,"peer_id":3827617422,"user_id":395642104,"message":[{"data":{"text":"摸头"},"type":"text"}],"raw_message":"摸头","font":0,"sender":{"user_id":395642104,"nickname":"白渊","card":"","role":"member","title":"","level":""}}

[2025-01-21 21:35:15][receive_debug]:curMsgType is privateMsg_normal, the original msg is {'time': 1737466512, 'self_id': 3827617422, 'post_type': 'message', 'message_type': 'private', 'sub_type': 'friend', 'message_id': 655312938, 'target_id': 395642104, 'peer_id': 3827617422, 'user_id': 395642104, 'message': [{'data': {'text': '摸头'}, 'type': 'text'}], 'raw_message': '摸头', 'font': 0, 'sender': {'user_id': 395642104, 'nickname': '白渊', 'card': '', 'role': 'member', 'title': '', 'level': ''}}
[2025-01-21 21:35:15][resolve_debug]cur user is "395642104"

[2025-01-21 21:35:15][resolve_debug]users "395642104" created

[2025-01-21 21:35:15][websocketserver]Error handling connection: Unsupported operand type(s) for +

[2025-01-21 21:35:19][heartbeat]try send ping...OK
[2025-01-21 21:35:19][heartbeat]heartbeat finished
[2025-01-21 21:35:19][websocketserver]New connection from ('192.168.0.150', 42420)
[2025-01-21 21:35:19][heartbeat]heartbeat lunched
[2025-01-21 21:35:19][websocketserver]Received: {"time":1737466516,"self_id":3827617422,"post_type":"meta_event","meta_event_type":"lifecycle","sub_type":"connect","status":{"self":{"platform":"qq","user_id":3827617422},"online":true,"good":true,"qq.status":"正常"},"interval":15000}

[2025-01-21 21:35:19][receive_debug]:curMsgType is lifecycleMsg, the original msg is {'time': 1737466516, 'self_id': 3827617422, 'post_type': 'meta_event', 'meta_event_type': 'lifecycle', 'sub_type': 'connect', 'status': {'self': {'platform': 'qq', 'user_id': 3827617422}, 'online': True, 'good': True, 'qq.status': '正常'}, 'interval': 15000}
[2025-01-21 21:35:19][resolve_debug]cur user is "395642104"

[2025-01-21 21:35:19][resolve_debug]users "395642104" created

[2025-01-21 21:35:24][heartbeat]try send ping...OK
[2025-01-21 21:35:29][heartbeat]try send ping...OK
[2025-01-21 21:35:34][heartbeat]try send ping...OK
[2025-01-21 21:35:39][heartbeat]try send ping...OK
[2025-01-21 21:35:44][heartbeat]try send ping...OK
[2025-01-21 21:35:49][heartbeat]try send ping...OK
[2025-01-21 21:35:54][heartbeat]try send ping...OK
[2025-01-21 21:35:59][heartbeat]try send ping...OK
[2025-01-21 21:36:04][heartbeat]try send ping...OK
[2025-01-21 21:36:09][heartbeat]try send ping...OK
[2025-01-21 21:36:14][heartbeat]try send ping...OK
[2025-01-21 21:36:20][heartbeat]try send ping...OK
[2025-01-21 21:36:25][heartbeat]try send ping...OK
[2025-01-21 21:36:30][heartbeat]try send ping...OK
[2025-01-21 21:36:35][heartbeat]try send ping...OK
[2025-01-21 21:36:39][SenyaHime]Server stopped.
