===================AUTOTOOL HUB EXPORT LOG 2025_01_23_02_10_37================

[2025-01-23 02:10:37][SenyaHime]Running on ws://192.168.0.107:5700
[2025-01-23 02:10:39][websocketserver]New connection from ('192.168.0.150', 45368)
[2025-01-23 02:10:39][heartbeat]heartbeat lunched
[2025-01-23 02:10:39][websocketserver]Received: {"time":1737569435,"self_id":3827617422,"post_type":"meta_event","meta_event_type":"lifecycle","sub_type":"connect","status":{"self":{"platform":"qq","user_id":3827617422},"online":true,"good":true,"qq.status":"正常"},"interval":15000}

[2025-01-23 02:10:39][receive_debug]:curMsgType is lifecycleMsg, the original msg is {'time': 1737569435, 'self_id': 3827617422, 'post_type': 'meta_event', 'meta_event_type': 'lifecycle', 'sub_type': 'connect', 'status': {'self': {'platform': 'qq', 'user_id': 3827617422}, 'online': True, 'good': True, 'qq.status': '正常'}, 'interval': 15000}
[2025-01-23 02:10:41][websocketserver]Received: {"time":1737569436,"self_id":3827617422,"post_type":"message","message_type":"private","sub_type":"friend","message_id":768169143,"target_id":395642104,"peer_id":3827617422,"user_id":395642104,"message":[{"data":{"text":"摸头"},"type":"text"}],"raw_message":"摸头","font":0,"sender":{"user_id":395642104,"nickname":"白渊","card":"","role":"member","title":"","level":""}}

[2025-01-23 02:10:41][receive_debug]:curMsgType is privateMsg_normal, the original msg is {'time': 1737569436, 'self_id': 3827617422, 'post_type': 'message', 'message_type': 'private', 'sub_type': 'friend', 'message_id': 768169143, 'target_id': 395642104, 'peer_id': 3827617422, 'user_id': 395642104, 'message': [{'data': {'text': '摸头'}, 'type': 'text'}], 'raw_message': '摸头', 'font': 0, 'sender': {'user_id': 395642104, 'nickname': '白渊', 'card': '', 'role': 'member', 'title': '', 'level': ''}}
[2025-01-23 02:10:41][resolve_debug]cur user is "395642104"
[2025-01-23 02:10:41][resolve_debug]user_id 存在于用户集中为 "True"
[2025-01-23 02:10:41][resolve_debug]cmd "touchHeadCammand" triggered

[2025-01-23 02:10:41][websocketserver]Posed: {'action': 'send_private_msg', 'echo': ' ', 'params': {'access_token': 'guzhaoqiaoqiaoa1', 'user_id': 395642104, 'message': [{'type': 'text', 'data': {'text': '主人再摸，千夜就要大声喊“变态主人”了哦！'}}, {'type': 'text', 'data': {'text': '\nFavor change limited today, 主人明天再来哦'}}]}}

[2025-01-23 02:10:41][websocketserver]Received: {"status":"ok","retcode":0,"data":{"message_id":1553921889,"time":1737569437},"echo":" "}

[2025-01-23 02:10:41][receive_debug]:curMsgType is responseMsg, the original msg is {'status': 'ok', 'retcode': 0, 'data': {'message_id': 1553921889, 'time': 1737569437}, 'echo': ' '}
[2025-01-23 02:10:44][heartbeat]try send ping...OK
[2025-01-23 02:10:49][heartbeat]try send ping...OK
[2025-01-23 02:10:54][heartbeat]try send ping...OK
[2025-01-23 02:10:59][heartbeat]try send ping...OK
[2025-01-23 02:11:00][update]all user updated
[2025-01-23 02:11:00][395642104]updated
[2025-01-23 02:11:04][heartbeat]try send ping...OK
[2025-01-23 02:11:04][websocketserver]Received: {"time":1737569460,"self_id":3827617422,"post_type":"message","message_type":"private","sub_type":"friend","message_id":1457334434,"target_id":395642104,"peer_id":3827617422,"user_id":395642104,"message":[{"data":{"text":"摸头"},"type":"text"}],"raw_message":"摸头","font":0,"sender":{"user_id":395642104,"nickname":"白渊","card":"","role":"member","title":"","level":""}}

[2025-01-23 02:11:04][receive_debug]:curMsgType is privateMsg_normal, the original msg is {'time': 1737569460, 'self_id': 3827617422, 'post_type': 'message', 'message_type': 'private', 'sub_type': 'friend', 'message_id': 1457334434, 'target_id': 395642104, 'peer_id': 3827617422, 'user_id': 395642104, 'message': [{'data': {'text': '摸头'}, 'type': 'text'}], 'raw_message': '摸头', 'font': 0, 'sender': {'user_id': 395642104, 'nickname': '白渊', 'card': '', 'role': 'member', 'title': '', 'level': ''}}
[2025-01-23 02:11:04][resolve_debug]cur user is "395642104"
[2025-01-23 02:11:04][resolve_debug]user_id 存在于用户集中为 "True"
[2025-01-23 02:11:04][resolve_debug]cmd "touchHeadCammand" triggered

[2025-01-23 02:11:04][websocketserver]Posed: {'action': 'send_private_msg', 'echo': ' ', 'params': {'access_token': 'guzhaoqiaoqiaoa1', 'user_id': 395642104, 'message': [{'type': 'text', 'data': {'text': '千夜真心建议主人去研究下“怎么取悦可爱的千夜”哦！'}}, {'type': 'text', 'data': {'text': '\nFavor change limited today, 主人明天再来哦'}}]}}

[2025-01-23 02:11:04][websocketserver]Received: {"status":"ok","retcode":0,"data":{"message_id":1961758855,"time":1737569460},"echo":" "}

[2025-01-23 02:11:04][receive_debug]:curMsgType is responseMsg, the original msg is {'status': 'ok', 'retcode': 0, 'data': {'message_id': 1961758855, 'time': 1737569460}, 'echo': ' '}
[2025-01-23 02:11:09][heartbeat]try send ping...OK
[2025-01-23 02:11:14][heartbeat]try send ping...OK
[2025-01-23 02:11:19][heartbeat]try send ping...OK
[2025-01-23 02:11:24][heartbeat]try send ping...OK
[2025-01-23 02:11:29][heartbeat]try send ping...OK
[2025-01-23 02:11:34][heartbeat]try send ping...OK
[2025-01-23 02:11:39][heartbeat]try send ping...OK
[2025-01-23 02:11:44][heartbeat]try send ping...OK
[2025-01-23 02:11:49][heartbeat]try send ping...OK
[2025-01-23 02:11:54][heartbeat]try send ping...OK
[2025-01-23 02:11:59][heartbeat]try send ping...OK
[2025-01-23 02:12:04][heartbeat]try send ping...OK
[2025-01-23 02:12:09][heartbeat]try send ping...OK
[2025-01-23 02:12:14][heartbeat]try send ping...OK
[2025-01-23 02:12:19][heartbeat]try send ping...OK
[2025-01-23 02:12:24][heartbeat]try send ping...OK
[2025-01-23 02:12:29][heartbeat]try send ping...OK
[2025-01-23 02:12:34][heartbeat]try send ping...OK
[2025-01-23 02:12:39][heartbeat]try send ping...OK
[2025-01-23 02:12:44][heartbeat]try send ping...OK
[2025-01-23 02:12:49][heartbeat]try send ping...OK
[2025-01-23 02:12:54][heartbeat]try send ping...OK
[2025-01-23 02:12:59][heartbeat]try send ping...OK
[2025-01-23 02:13:04][heartbeat]try send ping...OK
[2025-01-23 02:13:09][heartbeat]try send ping...OK
[2025-01-23 02:13:14][heartbeat]try send ping...OK
[2025-01-23 02:13:19][heartbeat]try send ping...OK
[2025-01-23 02:13:24][heartbeat]try send ping...OK
[2025-01-23 02:13:29][heartbeat]try send ping...OK
[2025-01-23 02:13:34][heartbeat]try send ping...OK
[2025-01-23 02:13:39][heartbeat]try send ping...OK
[2025-01-23 02:13:44][heartbeat]try send ping...OK
[2025-01-23 02:13:49][heartbeat]try send ping...OK
[2025-01-23 02:13:54][heartbeat]try send ping...OK
[2025-01-23 02:13:59][heartbeat]try send ping...OK
[2025-01-23 02:14:04][heartbeat]try send ping...OK
[2025-01-23 02:14:09][heartbeat]try send ping...OK
[2025-01-23 02:14:14][heartbeat]try send ping...OK
[2025-01-23 02:14:19][heartbeat]try send ping...OK
[2025-01-23 02:14:24][heartbeat]try send ping...OK
[2025-01-23 02:14:29][heartbeat]try send ping...OK
[2025-01-23 02:14:34][heartbeat]try send ping...OK
[2025-01-23 02:14:39][heartbeat]try send ping...OK
[2025-01-23 02:14:44][heartbeat]try send ping...OK
[2025-01-23 02:14:49][heartbeat]try send ping...OK
[2025-01-23 02:14:54][heartbeat]try send ping...OK
[2025-01-23 02:14:59][heartbeat]try send ping...OK
[2025-01-23 02:15:04][heartbeat]try send ping...OK
[2025-01-23 02:15:09][heartbeat]try send ping...OK
[2025-01-23 02:15:14][heartbeat]try send ping...OK
[2025-01-23 02:15:19][heartbeat]try send ping...OK
[2025-01-23 02:15:24][heartbeat]try send ping...OK
[2025-01-23 02:15:29][heartbeat]try send ping...OK
[2025-01-23 02:15:34][heartbeat]try send ping...OK
[2025-01-23 02:15:39][heartbeat]try send ping...OK
[2025-01-23 02:15:44][heartbeat]try send ping...OK
[2025-01-23 02:15:49][heartbeat]try send ping...OK
[2025-01-23 02:15:54][heartbeat]try send ping...OK
[2025-01-23 02:15:59][heartbeat]try send ping...OK
[2025-01-23 02:16:04][heartbeat]try send ping...OK
[2025-01-23 02:16:09][heartbeat]try send ping...OK
[2025-01-23 02:16:14][heartbeat]try send ping...OK
[2025-01-23 02:16:19][heartbeat]try send ping...OK
[2025-01-23 02:16:24][heartbeat]try send ping...OK
[2025-01-23 02:16:29][heartbeat]try send ping...OK
[2025-01-23 02:16:34][heartbeat]try send ping...OK
[2025-01-23 02:16:39][heartbeat]try send ping...OK
[2025-01-23 02:16:44][heartbeat]try send ping...OK
[2025-01-23 02:16:46][SenyaHime]Server stopped.
