===================AUTOTOOL HUB EXPORT LOG 2025_01_23_01_46_29================

[2025-01-23 01:46:29][SenyaHime]Running on ws://192.168.0.107:5700
[2025-01-23 01:46:30][websocketserver]New connection from ('192.168.0.150', 42908)
[2025-01-23 01:46:30][heartbeat]heartbeat lunched
[2025-01-23 01:46:30][websocketserver]Received: {"time":1737567986,"self_id":3827617422,"post_type":"meta_event","meta_event_type":"lifecycle","sub_type":"connect","status":{"self":{"platform":"qq","user_id":3827617422},"online":true,"good":true,"qq.status":"正常"},"interval":15000}

[2025-01-23 01:46:30][receive_debug]:curMsgType is lifecycleMsg, the original msg is {'time': 1737567986, 'self_id': 3827617422, 'post_type': 'meta_event', 'meta_event_type': 'lifecycle', 'sub_type': 'connect', 'status': {'self': {'platform': 'qq', 'user_id': 3827617422}, 'online': True, 'good': True, 'qq.status': '正常'}, 'interval': 15000}
[2025-01-23 01:46:35][websocketserver]Received: {"time":1737567991,"self_id":3827617422,"post_type":"message","message_type":"private","sub_type":"friend","message_id":459050261,"target_id":395642104,"peer_id":3827617422,"user_id":395642104,"message":[{"data":{"text":"摸小穴"},"type":"text"}],"raw_message":"摸小穴","font":0,"sender":{"user_id":395642104,"nickname":"白渊","card":"","role":"member","title":"","level":""}}

[2025-01-23 01:46:35][receive_debug]:curMsgType is privateMsg_normal, the original msg is {'time': 1737567991, 'self_id': 3827617422, 'post_type': 'message', 'message_type': 'private', 'sub_type': 'friend', 'message_id': 459050261, 'target_id': 395642104, 'peer_id': 3827617422, 'user_id': 395642104, 'message': [{'data': {'text': '摸小穴'}, 'type': 'text'}], 'raw_message': '摸小穴', 'font': 0, 'sender': {'user_id': 395642104, 'nickname': '白渊', 'card': '', 'role': 'member', 'title': '', 'level': ''}}
[2025-01-23 01:46:35][resolve_debug]cur user is "395642104"
[2025-01-23 01:46:35][resolve_debug]user_id 存在于用户集中为 "True"
[2025-01-23 01:46:35][resolve_debug]cmd "touchSensitiveCammand" triggered

[2025-01-23 01:46:35][websocketserver]Posed: {'action': 'send_private_msg', 'echo': ' ', 'params': {'access_token': 'guzhaoqiaoqiaoa1', 'user_id': 395642104, 'message': [{'type': 'text', 'data': {'text': '千夜对这种触碰完全不习惯，主人还是不要了吧。'}}, {'type': 'text', 'data': {'text': '\nFavor change limited today, 主人明天再来哦'}}]}}

[2025-01-23 01:46:35][heartbeat]try send ping...OK
[2025-01-23 01:46:36][websocketserver]Received: {"status":"ok","retcode":0,"data":{"message_id":2024469049,"time":1737567991},"echo":" "}

[2025-01-23 01:46:36][receive_debug]:curMsgType is responseMsg, the original msg is {'status': 'ok', 'retcode': 0, 'data': {'message_id': 2024469049, 'time': 1737567991}, 'echo': ' '}
[2025-01-23 01:46:40][heartbeat]try send ping...OK
[2025-01-23 01:46:45][heartbeat]try send ping...OK
[2025-01-23 01:46:50][heartbeat]try send ping...OK
[2025-01-23 01:46:52][websocketserver]Received: {"time":1737568008,"self_id":3827617422,"post_type":"message","message_type":"private","sub_type":"friend","message_id":1705662601,"target_id":395642104,"peer_id":3827617422,"user_id":395642104,"message":[{"data":{"text":"摸胸"},"type":"text"}],"raw_message":"摸胸","font":0,"sender":{"user_id":395642104,"nickname":"白渊","card":"","role":"member","title":"","level":""}}

[2025-01-23 01:46:52][receive_debug]:curMsgType is privateMsg_normal, the original msg is {'time': 1737568008, 'self_id': 3827617422, 'post_type': 'message', 'message_type': 'private', 'sub_type': 'friend', 'message_id': 1705662601, 'target_id': 395642104, 'peer_id': 3827617422, 'user_id': 395642104, 'message': [{'data': {'text': '摸胸'}, 'type': 'text'}], 'raw_message': '摸胸', 'font': 0, 'sender': {'user_id': 395642104, 'nickname': '白渊', 'card': '', 'role': 'member', 'title': '', 'level': ''}}
[2025-01-23 01:46:52][resolve_debug]cur user is "395642104"
[2025-01-23 01:46:52][resolve_debug]user_id 存在于用户集中为 "True"
[2025-01-23 01:46:52][resolve_debug]cmd "touchSensitiveCammand" triggered

[2025-01-23 01:46:52][websocketserver]Posed: {'action': 'send_private_msg', 'echo': ' ', 'params': {'access_token': 'guzhaoqiaoqiaoa1', 'user_id': 395642104, 'message': [{'type': 'text', 'data': {'text': '虽然我没生气，但主人这种行为让我觉得很尴尬。'}}, {'type': 'text', 'data': {'text': '\nFavor change limited today, 主人明天再来哦'}}]}}

[2025-01-23 01:46:53][websocketserver]Received: {"status":"ok","retcode":0,"data":{"message_id":940026433,"time":1737568008},"echo":" "}

[2025-01-23 01:46:53][receive_debug]:curMsgType is responseMsg, the original msg is {'status': 'ok', 'retcode': 0, 'data': {'message_id': 940026433, 'time': 1737568008}, 'echo': ' '}
[2025-01-23 01:46:55][heartbeat]try send ping...OK
[2025-01-23 01:47:00][update]all user updated
[2025-01-23 01:47:00][395642104]updated
[2025-01-23 01:47:00][heartbeat]try send ping...OK
[2025-01-23 01:47:05][heartbeat]try send ping...OK
[2025-01-23 01:47:06][websocketserver]Received: {"time":1737568021,"self_id":3827617422,"post_type":"message","message_type":"private","sub_type":"friend","message_id":2108930754,"target_id":395642104,"peer_id":3827617422,"user_id":395642104,"message":[{"data":{"text":"摸小穴"},"type":"text"}],"raw_message":"摸小穴","font":0,"sender":{"user_id":395642104,"nickname":"白渊","card":"","role":"member","title":"","level":""}}

[2025-01-23 01:47:06][receive_debug]:curMsgType is privateMsg_normal, the original msg is {'time': 1737568021, 'self_id': 3827617422, 'post_type': 'message', 'message_type': 'private', 'sub_type': 'friend', 'message_id': 2108930754, 'target_id': 395642104, 'peer_id': 3827617422, 'user_id': 395642104, 'message': [{'data': {'text': '摸小穴'}, 'type': 'text'}], 'raw_message': '摸小穴', 'font': 0, 'sender': {'user_id': 395642104, 'nickname': '白渊', 'card': '', 'role': 'member', 'title': '', 'level': ''}}
[2025-01-23 01:47:06][resolve_debug]cur user is "395642104"
[2025-01-23 01:47:06][resolve_debug]user_id 存在于用户集中为 "True"
[2025-01-23 01:47:06][resolve_debug]cmd "touchSensitiveCammand" triggered

[2025-01-23 01:47:06][websocketserver]Posed: {'action': 'send_private_msg', 'echo': ' ', 'params': {'access_token': 'guzhaoqiaoqiaoa1', 'user_id': 395642104, 'message': [{'type': 'text', 'data': {'text': '主人，请尊重千夜，这样做真的让我很为难。'}}, {'type': 'text', 'data': {'text': '\nFavor change limited today, 主人明天再来哦'}}]}}

[2025-01-23 01:47:06][websocketserver]Received: {"status":"ok","retcode":0,"data":{"message_id":735514017,"time":1737568022},"echo":" "}

[2025-01-23 01:47:06][receive_debug]:curMsgType is responseMsg, the original msg is {'status': 'ok', 'retcode': 0, 'data': {'message_id': 735514017, 'time': 1737568022}, 'echo': ' '}
[2025-01-23 01:47:10][heartbeat]try send ping...OK
[2025-01-23 01:47:15][heartbeat]try send ping...OK
[2025-01-23 01:47:21][heartbeat]try send ping...OK
[2025-01-23 01:47:26][heartbeat]try send ping...OK
[2025-01-23 01:47:31][heartbeat]try send ping...OK
[2025-01-23 01:47:36][heartbeat]try send ping...OK
[2025-01-23 01:47:39][websocketserver]Received: {"time":1737568054,"self_id":3827617422,"post_type":"message","message_type":"group","sub_type":"normal","message_id":446113594,"group_id":721950485,"peer_id":3827617422,"user_id":3102684670,"message":[{"data":{"text":"泪目了"},"type":"text"}],"raw_message":"泪目了","font":0,"sender":{"user_id":3102684670,"nickname":"小秋（超级摸鱼王版本）","card":"小秋（超级摸鱼王版本）","role":"member","title":"","level":""}}

[2025-01-23 01:47:39][receive_debug]:curMsgType is groupMsg_normal, the original msg is {'time': 1737568054, 'self_id': 3827617422, 'post_type': 'message', 'message_type': 'group', 'sub_type': 'normal', 'message_id': 446113594, 'group_id': 721950485, 'peer_id': 3827617422, 'user_id': 3102684670, 'message': [{'data': {'text': '泪目了'}, 'type': 'text'}], 'raw_message': '泪目了', 'font': 0, 'sender': {'user_id': 3102684670, 'nickname': '小秋（超级摸鱼王版本）', 'card': '小秋（超级摸鱼王版本）', 'role': 'member', 'title': '', 'level': ''}}
[2025-01-23 01:47:39][resolve_debug]cur user is "3102684670"
[2025-01-23 01:47:39][resolve_debug]user_id 存在于用户集中为 "True"
[2025-01-23 01:47:41][heartbeat]try send ping...OK
[2025-01-23 01:47:46][heartbeat]try send ping...OK
[2025-01-23 01:47:51][heartbeat]try send ping...OK
[2025-01-23 01:47:56][heartbeat]try send ping...OK
[2025-01-23 01:48:01][heartbeat]try send ping...OK
[2025-01-23 01:48:06][heartbeat]try send ping...OK
[2025-01-23 01:48:11][heartbeat]try send ping...OK
[2025-01-23 01:48:16][heartbeat]try send ping...OK
[2025-01-23 01:48:21][heartbeat]try send ping...OK
[2025-01-23 01:48:26][heartbeat]try send ping...OK
[2025-01-23 01:48:31][heartbeat]try send ping...OK
[2025-01-23 01:48:36][heartbeat]try send ping...OK
[2025-01-23 01:48:41][heartbeat]try send ping...OK
[2025-01-23 01:48:46][heartbeat]try send ping...OK
[2025-01-23 01:48:51][heartbeat]try send ping...OK
[2025-01-23 01:48:52][websocketserver]Received: {"time":1737568128,"self_id":3827617422,"post_type":"message","message_type":"private","sub_type":"friend","message_id":800712786,"target_id":395642104,"peer_id":3827617422,"user_id":395642104,"message":[{"data":{"text":"摸头"},"type":"text"}],"raw_message":"摸头","font":0,"sender":{"user_id":395642104,"nickname":"白渊","card":"","role":"member","title":"","level":""}}

[2025-01-23 01:48:52][receive_debug]:curMsgType is privateMsg_normal, the original msg is {'time': 1737568128, 'self_id': 3827617422, 'post_type': 'message', 'message_type': 'private', 'sub_type': 'friend', 'message_id': 800712786, 'target_id': 395642104, 'peer_id': 3827617422, 'user_id': 395642104, 'message': [{'data': {'text': '摸头'}, 'type': 'text'}], 'raw_message': '摸头', 'font': 0, 'sender': {'user_id': 395642104, 'nickname': '白渊', 'card': '', 'role': 'member', 'title': '', 'level': ''}}
[2025-01-23 01:48:52][resolve_debug]cur user is "395642104"
[2025-01-23 01:48:52][resolve_debug]user_id 存在于用户集中为 "True"
[2025-01-23 01:48:52][resolve_debug]cmd "touchHeadCammand" triggered

[2025-01-23 01:48:52][websocketserver]Posed: {'action': 'send_private_msg', 'echo': ' ', 'params': {'access_token': 'guzhaoqiaoqiaoa1', 'user_id': 395642104, 'message': [{'type': 'text', 'data': {'text': '主人的手倒是挺温暖的，勉强可以接受哦～'}}, {'type': 'text', 'data': {'text': '\nFavor change limited today, 主人明天再来哦'}}]}}

[2025-01-23 01:48:53][websocketserver]Received: {"status":"ok","retcode":0,"data":{"message_id":84565901,"time":1737568128},"echo":" "}

[2025-01-23 01:48:53][receive_debug]:curMsgType is responseMsg, the original msg is {'status': 'ok', 'retcode': 0, 'data': {'message_id': 84565901, 'time': 1737568128}, 'echo': ' '}
[2025-01-23 01:48:56][heartbeat]try send ping...OK
[2025-01-23 01:49:01][heartbeat]try send ping...OK
[2025-01-23 01:49:06][heartbeat]try send ping...OK
[2025-01-23 01:49:11][heartbeat]try send ping...OK
[2025-01-23 01:49:16][heartbeat]try send ping...OK
[2025-01-23 01:49:21][heartbeat]try send ping...OK
[2025-01-23 01:49:26][heartbeat]try send ping...OK
[2025-01-23 01:49:31][heartbeat]try send ping...OK
[2025-01-23 01:49:36][heartbeat]try send ping...OK
[2025-01-23 01:49:41][heartbeat]try send ping...OK
[2025-01-23 01:49:46][heartbeat]try send ping...OK
[2025-01-23 01:49:51][heartbeat]try send ping...OK
[2025-01-23 01:49:56][heartbeat]try send ping...OK
[2025-01-23 01:50:01][heartbeat]try send ping...OK
[2025-01-23 01:50:06][heartbeat]try send ping...OK
[2025-01-23 01:50:11][heartbeat]try send ping...OK
[2025-01-23 01:50:14][SenyaHime]Server stopped.
