===================AUTOTOOL HUB EXPORT LOG 2025_01_23_01_50_15================

[2025-01-23 01:50:15][SenyaHime]Running on ws://192.168.0.107:5700
[2025-01-23 01:50:15][websocketserver]New connection from ('192.168.0.150', 46046)
[2025-01-23 01:50:15][heartbeat]heartbeat lunched
[2025-01-23 01:50:15][websocketserver]Received: {"time":1737568211,"self_id":3827617422,"post_type":"meta_event","meta_event_type":"lifecycle","sub_type":"connect","status":{"self":{"platform":"qq","user_id":3827617422},"online":true,"good":true,"qq.status":"正常"},"interval":15000}

[2025-01-23 01:50:15][receive_debug]:curMsgType is lifecycleMsg, the original msg is {'time': 1737568211, 'self_id': 3827617422, 'post_type': 'meta_event', 'meta_event_type': 'lifecycle', 'sub_type': 'connect', 'status': {'self': {'platform': 'qq', 'user_id': 3827617422}, 'online': True, 'good': True, 'qq.status': '正常'}, 'interval': 15000}
[2025-01-23 01:50:18][websocketserver]Received: {"time":1737568214,"self_id":3827617422,"post_type":"message","message_type":"private","sub_type":"friend","message_id":1829090182,"target_id":395642104,"peer_id":3827617422,"user_id":395642104,"message":[{"data":{"text":"摸头"},"type":"text"}],"raw_message":"摸头","font":0,"sender":{"user_id":395642104,"nickname":"白渊","card":"","role":"member","title":"","level":""}}

[2025-01-23 01:50:18][receive_debug]:curMsgType is privateMsg_normal, the original msg is {'time': 1737568214, 'self_id': 3827617422, 'post_type': 'message', 'message_type': 'private', 'sub_type': 'friend', 'message_id': 1829090182, 'target_id': 395642104, 'peer_id': 3827617422, 'user_id': 395642104, 'message': [{'data': {'text': '摸头'}, 'type': 'text'}], 'raw_message': '摸头', 'font': 0, 'sender': {'user_id': 395642104, 'nickname': '白渊', 'card': '', 'role': 'member', 'title': '', 'level': ''}}
[2025-01-23 01:50:18][resolve_debug]cur user is "395642104"
[2025-01-23 01:50:18][resolve_debug]user_id 存在于用户集中为 "True"
[2025-01-23 01:50:18][resolve_debug]cmd "touchHeadCammand" triggered

[2025-01-23 01:50:18][websocketserver]Posed: {'action': 'send_private_msg', 'echo': ' ', 'params': {'access_token': 'guzhaoqiaoqiaoa1', 'user_id': 395642104, 'message': [{'type': 'text', 'data': {'text': '嘿～主人是不是摸完就跑？不够诚意呢～'}}, {'type': 'text', 'data': {'text': '\nFavor change limited today, 主人明天再来哦'}}]}}

[2025-01-23 01:50:18][websocketserver]Received: {"status":"ok","retcode":0,"data":{"message_id":596948779,"time":1737568214},"echo":" "}

[2025-01-23 01:50:18][receive_debug]:curMsgType is responseMsg, the original msg is {'status': 'ok', 'retcode': 0, 'data': {'message_id': 596948779, 'time': 1737568214}, 'echo': ' '}
[2025-01-23 01:50:20][heartbeat]try send ping...OK
[2025-01-23 01:50:25][heartbeat]try send ping...OK
[2025-01-23 01:50:30][heartbeat]try send ping...OK
[2025-01-23 01:50:36][heartbeat]try send ping...OK
[2025-01-23 01:50:41][heartbeat]try send ping...OK
[2025-01-23 01:50:46][heartbeat]try send ping...OK
[2025-01-23 01:50:51][heartbeat]try send ping...OK
[2025-01-23 01:50:56][heartbeat]try send ping...OK
[2025-01-23 01:51:00][update]all user updated
[2025-01-23 01:51:00][395642104]updated
[2025-01-23 01:51:01][heartbeat]try send ping...OK
[2025-01-23 01:51:06][heartbeat]try send ping...OK
[2025-01-23 01:51:06][websocketserver]Received: {"time":1737568262,"self_id":3827617422,"post_type":"message","message_type":"private","sub_type":"friend","message_id":1867745243,"target_id":395642104,"peer_id":3827617422,"user_id":395642104,"message":[{"data":{"text":"摸头"},"type":"text"}],"raw_message":"摸头","font":0,"sender":{"user_id":395642104,"nickname":"白渊","card":"","role":"member","title":"","level":""}}

[2025-01-23 01:51:06][receive_debug]:curMsgType is privateMsg_normal, the original msg is {'time': 1737568262, 'self_id': 3827617422, 'post_type': 'message', 'message_type': 'private', 'sub_type': 'friend', 'message_id': 1867745243, 'target_id': 395642104, 'peer_id': 3827617422, 'user_id': 395642104, 'message': [{'data': {'text': '摸头'}, 'type': 'text'}], 'raw_message': '摸头', 'font': 0, 'sender': {'user_id': 395642104, 'nickname': '白渊', 'card': '', 'role': 'member', 'title': '', 'level': ''}}
[2025-01-23 01:51:06][resolve_debug]cur user is "395642104"
[2025-01-23 01:51:06][resolve_debug]user_id 存在于用户集中为 "True"
[2025-01-23 01:51:06][resolve_debug]cmd "touchHeadCammand" triggered

[2025-01-23 01:51:06][websocketserver]Posed: {'action': 'send_private_msg', 'echo': ' ', 'params': {'access_token': 'guzhaoqiaoqiaoa1', 'user_id': 395642104, 'message': [{'type': 'text', 'data': {'text': '哦，这样摸头……千夜感觉有点无聊了呢。'}}, {'type': 'text', 'data': {'text': '\nFavor change limited today, 主人明天再来哦'}}]}}

[2025-01-23 01:51:06][websocketserver]Received: {"status":"ok","retcode":0,"data":{"message_id":429486427,"time":1737568262},"echo":" "}

[2025-01-23 01:51:06][receive_debug]:curMsgType is responseMsg, the original msg is {'status': 'ok', 'retcode': 0, 'data': {'message_id': 429486427, 'time': 1737568262}, 'echo': ' '}
[2025-01-23 01:51:11][heartbeat]try send ping...OK
[2025-01-23 01:51:16][heartbeat]try send ping...OK
[2025-01-23 01:51:21][heartbeat]try send ping...OK
[2025-01-23 01:51:26][heartbeat]try send ping...OK
[2025-01-23 01:51:31][heartbeat]try send ping...OK
[2025-01-23 01:51:36][heartbeat]try send ping...OK
[2025-01-23 01:51:41][heartbeat]try send ping...OK
[2025-01-23 01:51:46][heartbeat]try send ping...OK
[2025-01-23 01:51:51][heartbeat]try send ping...OK
[2025-01-23 01:51:56][heartbeat]try send ping...OK
[2025-01-23 01:52:01][heartbeat]try send ping...OK
[2025-01-23 01:52:06][heartbeat]try send ping...OK
[2025-01-23 01:52:09][SenyaHime]Server stopped.
