===================AUTOTOOL HUB EXPORT LOG 2025_01_20_22_45_40================

[2025-01-20 22:45:40][SenyaHime]Running on ws://192.168.0.107:5700
[2025-01-20 22:45:42][websocketserver]New connection from ('192.168.0.150', 38318)
[2025-01-20 22:45:42][heartbeat]heartbeat lunched
[2025-01-20 22:45:42][websocketserver]Received: {"time":1737384340,"self_id":3827617422,"post_type":"meta_event","meta_event_type":"lifecycle","sub_type":"connect","status":{"self":{"platform":"qq","user_id":3827617422},"online":true,"good":true,"qq.status":"正常"},"interval":15000}

[2025-01-20 22:45:47][websocketserver]Received: {"time":1737384344,"self_id":3827617422,"post_type":"message","message_type":"private","sub_type":"friend","message_id":779193502,"target_id":395642104,"peer_id":3827617422,"user_id":395642104,"message":[{"data":{"text":"\\测试"},"type":"text"}],"raw_message":"\\测试","font":0,"sender":{"user_id":395642104,"nickname":"白渊","card":"","role":"member","title":"","level":""}}

[2025-01-20 22:45:47][websocketserver]Posed: {'action': 'send_private_msg', 'echo': ' ', 'params': {'access_token': 'guzhaoqiaoqiaoa1', 'user_id': 395642104, 'message': [{'type': 'reply', 'data': {'id': 779193502}}, {'type': 'text', 'data': {'text': '主人, 这是你的测试消息'}}, {'type': 'image', 'data': {'file': 'base64://iVBORw0KGgoAAAANSUhEUgAAAQsAAAEFCAIAAAB7PVV1AAAACXBIWXMAAA7EAAAOxAGVKw4bAAAKTWlDQ1BQaG90b3Nob3AgSUNDIHByb2ZpbGUAAHjanVN3WJP3Fj7f92UPVkLY8LGXbIEAIiOsCMgQWaIQkgBhhBASQMWFiApWFBURnEhVxILVCkidiOKgKLhnQYqIWotVXDjuH9yntX167+3t+9f7vOec5/zOec8PgBESJpHmomoAOVKFPDrYH49PSMTJvYACFUjgBCAQ5svCZwXFAADwA3l4fnSwP/wBr28AAgBw1S4kEsfh/4O6UCZXACCRAOAiEucLAZBSAMguVMgUAMgYALBTs2QKAJQAAGx5fEIiAKoNAOz0ST4FANipk9wXANiiHKkIAI0BAJkoRyQCQLsAYFWBUiwCwMIAoKxAIi4EwK4BgFm2MkcCgL0FAHaOWJAPQGAAgJlCLMwAIDgCAEMeE80DIEwDoDDSv+CpX3CFuEgBAMDLlc2XS9IzFLiV0Bp38vDg4iHiwmyxQmEXKRBmCeQinJebIxNI5wNMzgwAABr50cH+OD+Q5+bk4eZm52zv9MWi/mvwbyI+IfHf/ryMAgQAEE7P79pf5eXWA3DHAbB1v2upWwDaVgBo3/ldM9sJoFoK0Hr5i3k4/EAenqFQyDwdHAoLC+0lYqG9MOOLPv8z4W/gi372/EAe/tt68ABxmkCZrcCjg/1xYW52......

[2025-01-20 22:45:48][websocketserver]Received: {"status":"ok","retcode":0,"data":{"message_id":186386505,"time":1737384345},"echo":" "}

[2025-01-20 23:07:30][websocketserver]Received: {"time":1737385647,"self_id":3827617422,"post_type":"message","message_type":"private","sub_type":"friend","message_id":1146026585,"target_id":395642104,"peer_id":3827617422,"user_id":395642104,"message":[{"data":{"text":"https://www.appinn.com/keep-screen-on/"},"type":"text"}],"raw_message":"https://www.appinn.com/keep-screen-on/","font":0,"sender":{"user_id":395642104,"nickname":"白渊","card":"","role":"member","title":"","level":""}}

[2025-01-20 23:07:30][websocketserver]Posed: {'action': 'send_private_msg', 'echo': ' ', 'params': {'access_token': 'guzhaoqiaoqiaoa1', 'user_id': 395642104, 'message': [{'type': 'reply', 'data': {'id': 1146026585}}, {'type': 'text', 'data': {'text': '对不起主人, 暂不支持直接聊天哦'}}]}}

[2025-01-20 23:07:30][websocketserver]Received: {"status":"ok","retcode":0,"data":{"message_id":541268441,"time":1737385648},"echo":" "}

[2025-01-20 23:08:26][websocketserver]Received: {"time":1737385703,"self_id":3827617422,"post_type":"message","message_type":"group","sub_type":"normal","message_id":720507141,"group_id":721950485,"peer_id":3827617422,"user_id":614372821,"message":[{"data":{"text":"终于结束了"},"type":"text"}],"raw_message":"终于结束了","font":0,"sender":{"user_id":614372821,"nickname":"千里挑一大非酋","card":"千里挑一大非酋","role":"member","title":"","level":""}}

[2025-01-20 23:08:27][websocketserver]Received: {"time":1737385704,"self_id":3827617422,"post_type":"message","message_type":"group","sub_type":"normal","message_id":720507115,"group_id":721950485,"peer_id":3827617422,"user_id":614372821,"message":[{"data":{"file":"fd0beea5a3b244f9bdd2bff6181ddb0f","subType":0,"type":"show","url":"http://gchat.qpic.cn/gchatpic_new/0/0-0-FD0BEEA5A3B244F9BDD2BFF6181DDB0F/0?term=2"},"type":"image"}],"raw_message":"[CQ:image,file=fd0beea5a3b244f9bdd2bff6181ddb0f,subType=0,type=show,url=http://gchat.qpic.cn/gchatpic_new/0/0-0-FD0BEEA5A3B244F9BDD2BFF6181DDB0F/0?term=2]","font":0,"sender":{"user_id":614372821,"nickname":"千里挑一大非酋","card":"千里挑一大非酋","role":"member","title":"","level":""}}

[2025-01-20 23:08:33][websocketserver]Received: {"time":1737385710,"self_id":3827617422,"post_type":"message","message_type":"group","sub_type":"normal","message_id":1106831784,"group_id":721950485,"peer_id":3827617422,"user_id":614372821,"message":[{"data":{"text":"、影月月 关闭！"},"type":"text"}],"raw_message":"、影月月 关闭！","font":0,"sender":{"user_id":614372821,"nickname":"千里挑一大非酋","card":"千里挑一大非酋","role":"member","title":"","level":""}}

[2025-01-20 23:11:58][websocketserver]Connection closed: no close frame received or sent

[2025-01-20 23:12:02][heartbeat]heartbeat finished
[2025-01-20 23:16:16][websocketserver]New connection from ('192.168.0.150', 38266)
[2025-01-20 23:16:16][heartbeat]heartbeat lunched
[2025-01-20 23:16:16][websocketserver]Received: {"time":1737386174,"self_id":3827617422,"post_type":"meta_event","meta_event_type":"lifecycle","sub_type":"connect","status":{"self":{"platform":"qq","user_id":3827617422},"online":true,"good":true,"qq.status":"正常"},"interval":15000}

[2025-01-20 23:16:31][websocketserver]Received: {"time":1737386189,"self_id":3827617422,"post_type":"meta_event","meta_event_type":"heartbeat","sub_type":"connect","status":{"self":{"platform":"qq","user_id":3827617422},"online":true,"good":true,"qq.status":"正常"},"interval":15000}

[2025-01-20 23:16:38][websocketserver]Connection closed: no close frame received or sent

[2025-01-20 23:16:41][heartbeat]heartbeat finished
[2025-01-20 23:19:08][websocketserver]New connection from ('192.168.0.150', 37462)
[2025-01-20 23:19:08][heartbeat]heartbeat lunched
[2025-01-20 23:19:09][websocketserver]Received: {"time":1737386346,"self_id":3827617422,"post_type":"meta_event","meta_event_type":"lifecycle","sub_type":"connect","status":{"self":{"platform":"qq","user_id":3827617422},"online":true,"good":true,"qq.status":"正常"},"interval":15000}

[2025-01-20 23:19:23][websocketserver]Received: {"time":1737386361,"self_id":3827617422,"post_type":"meta_event","meta_event_type":"heartbeat","sub_type":"connect","status":{"self":{"platform":"qq","user_id":3827617422},"online":true,"good":true,"qq.status":"正常"},"interval":15000}

[2025-01-20 23:19:38][websocketserver]Received: {"time":1737386376,"self_id":3827617422,"post_type":"meta_event","meta_event_type":"heartbeat","sub_type":"connect","status":{"self":{"platform":"qq","user_id":3827617422},"online":true,"good":true,"qq.status":"正常"},"interval":15000}

[2025-01-20 23:19:53][websocketserver]Received: {"time":1737386391,"self_id":3827617422,"post_type":"meta_event","meta_event_type":"heartbeat","sub_type":"connect","status":{"self":{"platform":"qq","user_id":3827617422},"online":true,"good":true,"qq.status":"正常"},"interval":15000}

[2025-01-20 23:19:56][websocketserver]Received: {"time":1737386392,"self_id":3827617422,"post_type":"message","message_type":"group","sub_type":"normal","message_id":1934345691,"group_id":721950485,"peer_id":3827617422,"user_id":2182338586,"message":[{"data":{"qq":"3102684670"},"type":"at"},{"data":{"text":" 让我抄"},"type":"text"}],"raw_message":"[CQ:at,qq=3102684670] 让我抄","font":0,"sender":{"user_id":2182338586,"nickname":"爱转圈圈的黑塔","card":"","role":"member","title":"","level":""}}

[2025-01-20 23:20:07][websocketserver]Received: {"time":1737386404,"self_id":3827617422,"post_type":"message","message_type":"group","sub_type":"normal","message_id":299771951,"group_id":721950485,"peer_id":3827617422,"user_id":3102684670,"message":[{"data":{"text":"？"},"type":"text"}],"raw_message":"？","font":0,"sender":{"user_id":3102684670,"nickname":"小秋（超级摸鱼王版本）","card":"小秋（超级摸鱼王版本）","role":"member","title":"","level":""}}

[2025-01-20 23:20:08][websocketserver]Received: {"time":1737386406,"self_id":3827617422,"post_type":"meta_event","meta_event_type":"heartbeat","sub_type":"connect","status":{"self":{"platform":"qq","user_id":3827617422},"online":true,"good":true,"qq.status":"正常"},"interval":15000}

[2025-01-20 23:20:14][websocketserver]Received: {"time":1737386410,"self_id":3827617422,"post_type":"message","message_type":"group","sub_type":"normal","message_id":1852442781,"group_id":721950485,"peer_id":3827617422,"user_id":3102684670,"message":[{"data":{"text":"不是"},"type":"text"}],"raw_message":"不是","font":0,"sender":{"user_id":3102684670,"nickname":"小秋（超级摸鱼王版本）","card":"小秋（超级摸鱼王版本）","role":"member","title":"","level":""}}

[2025-01-20 23:20:23][websocketserver]Received: {"time":1737386421,"self_id":3827617422,"post_type":"meta_event","meta_event_type":"heartbeat","sub_type":"connect","status":{"self":{"platform":"qq","user_id":3827617422},"online":true,"good":true,"qq.status":"正常"},"interval":15000}

[2025-01-20 23:20:38][websocketserver]Received: {"time":1737386436,"self_id":3827617422,"post_type":"meta_event","meta_event_type":"heartbeat","sub_type":"connect","status":{"self":{"platform":"qq","user_id":3827617422},"online":true,"good":true,"qq.status":"正常"},"interval":15000}

[2025-01-20 23:20:53][websocketserver]Received: {"time":1737386451,"self_id":3827617422,"post_type":"meta_event","meta_event_type":"heartbeat","sub_type":"connect","status":{"self":{"platform":"qq","user_id":3827617422},"online":true,"good":true,"qq.status":"正常"},"interval":15000}

[2025-01-20 23:21:08][websocketserver]Received: {"time":1737386466,"self_id":3827617422,"post_type":"meta_event","meta_event_type":"heartbeat","sub_type":"connect","status":{"self":{"platform":"qq","user_id":3827617422},"online":true,"good":true,"qq.status":"正常"},"interval":15000}

[2025-01-20 23:21:23][websocketserver]Received: {"time":1737386481,"self_id":3827617422,"post_type":"meta_event","meta_event_type":"heartbeat","sub_type":"connect","status":{"self":{"platform":"qq","user_id":3827617422},"online":true,"good":true,"qq.status":"正常"},"interval":15000}

[2025-01-20 23:21:38][websocketserver]Received: {"time":1737386496,"self_id":3827617422,"post_type":"meta_event","meta_event_type":"heartbeat","sub_type":"connect","status":{"self":{"platform":"qq","user_id":3827617422},"online":true,"good":true,"qq.status":"正常"},"interval":15000}

[2025-01-20 23:21:53][websocketserver]Received: {"time":1737386511,"self_id":3827617422,"post_type":"meta_event","meta_event_type":"heartbeat","sub_type":"connect","status":{"self":{"platform":"qq","user_id":3827617422},"online":true,"good":true,"qq.status":"正常"},"interval":15000}

[2025-01-20 23:22:08][websocketserver]Received: {"time":1737386526,"self_id":3827617422,"post_type":"meta_event","meta_event_type":"heartbeat","sub_type":"connect","status":{"self":{"platform":"qq","user_id":3827617422},"online":true,"good":true,"qq.status":"正常"},"interval":15000}

[2025-01-20 23:22:23][websocketserver]Received: {"time":1737386541,"self_id":3827617422,"post_type":"meta_event","meta_event_type":"heartbeat","sub_type":"connect","status":{"self":{"platform":"qq","user_id":3827617422},"online":true,"good":true,"qq.status":"正常"},"interval":15000}

[2025-01-20 23:22:38][websocketserver]Received: {"time":1737386556,"self_id":3827617422,"post_type":"meta_event","meta_event_type":"heartbeat","sub_type":"connect","status":{"self":{"platform":"qq","user_id":3827617422},"online":true,"good":true,"qq.status":"正常"},"interval":15000}

[2025-01-20 23:22:53][websocketserver]Received: {"time":1737386571,"self_id":3827617422,"post_type":"meta_event","meta_event_type":"heartbeat","sub_type":"connect","status":{"self":{"platform":"qq","user_id":3827617422},"online":true,"good":true,"qq.status":"正常"},"interval":15000}

[2025-01-20 23:23:08][websocketserver]Received: {"time":1737386586,"self_id":3827617422,"post_type":"meta_event","meta_event_type":"heartbeat","sub_type":"connect","status":{"self":{"platform":"qq","user_id":3827617422},"online":true,"good":true,"qq.status":"正常"},"interval":15000}

[2025-01-20 23:23:23][websocketserver]Received: {"time":1737386601,"self_id":3827617422,"post_type":"meta_event","meta_event_type":"heartbeat","sub_type":"connect","status":{"self":{"platform":"qq","user_id":3827617422},"online":true,"good":true,"qq.status":"正常"},"interval":15000}

[2025-01-20 23:23:38][websocketserver]Received: {"time":1737386616,"self_id":3827617422,"post_type":"meta_event","meta_event_type":"heartbeat","sub_type":"connect","status":{"self":{"platform":"qq","user_id":3827617422},"online":true,"good":true,"qq.status":"正常"},"interval":15000}

[2025-01-20 23:23:53][websocketserver]Received: {"time":1737386631,"self_id":3827617422,"post_type":"meta_event","meta_event_type":"heartbeat","sub_type":"connect","status":{"self":{"platform":"qq","user_id":3827617422},"online":true,"good":true,"qq.status":"正常"},"interval":15000}

[2025-01-20 23:24:08][websocketserver]Received: {"time":1737386646,"self_id":3827617422,"post_type":"meta_event","meta_event_type":"heartbeat","sub_type":"connect","status":{"self":{"platform":"qq","user_id":3827617422},"online":true,"good":true,"qq.status":"正常"},"interval":15000}

[2025-01-20 23:24:23][websocketserver]Received: {"time":1737386661,"self_id":3827617422,"post_type":"meta_event","meta_event_type":"heartbeat","sub_type":"connect","status":{"self":{"platform":"qq","user_id":3827617422},"online":true,"good":true,"qq.status":"正常"},"interval":15000}

[2025-01-20 23:24:38][websocketserver]Received: {"time":1737386676,"self_id":3827617422,"post_type":"meta_event","meta_event_type":"heartbeat","sub_type":"connect","status":{"self":{"platform":"qq","user_id":3827617422},"online":true,"good":true,"qq.status":"正常"},"interval":15000}

[2025-01-20 23:24:53][SenyaHime]Server stopped.
