===================AUTOTOOL HUB EXPORT LOG 2025_01_23_01_04_12================

[2025-01-23 01:04:12][SenyaHime]Running on ws://192.168.0.107:5700
[2025-01-23 01:04:13][websocketserver]New connection from ('192.168.0.150', 48190)
[2025-01-23 01:04:13][heartbeat]heartbeat lunched
[2025-01-23 01:04:13][websocketserver]Received: {"time":1737565449,"self_id":3827617422,"post_type":"meta_event","meta_event_type":"lifecycle","sub_type":"connect","status":{"self":{"platform":"qq","user_id":3827617422},"online":true,"good":true,"qq.status":"正常"},"interval":15000}

[2025-01-23 01:04:13][receive_debug]:curMsgType is lifecycleMsg, the original msg is {'time': 1737565449, 'self_id': 3827617422, 'post_type': 'meta_event', 'meta_event_type': 'lifecycle', 'sub_type': 'connect', 'status': {'self': {'platform': 'qq', 'user_id': 3827617422}, 'online': True, 'good': True, 'qq.status': '正常'}, 'interval': 15000}
[2025-01-23 01:04:16][websocketserver]Received: {"time":1737565452,"self_id":3827617422,"post_type":"message","message_type":"private","sub_type":"friend","message_id":2016403808,"target_id":395642104,"peer_id":3827617422,"user_id":395642104,"message":[{"data":{"text":"晚安"},"type":"text"}],"raw_message":"晚安","font":0,"sender":{"user_id":395642104,"nickname":"白渊","card":"","role":"member","title":"","level":""}}

[2025-01-23 01:04:16][receive_debug]:curMsgType is privateMsg_normal, the original msg is {'time': 1737565452, 'self_id': 3827617422, 'post_type': 'message', 'message_type': 'private', 'sub_type': 'friend', 'message_id': 2016403808, 'target_id': 395642104, 'peer_id': 3827617422, 'user_id': 395642104, 'message': [{'data': {'text': '晚安'}, 'type': 'text'}], 'raw_message': '晚安', 'font': 0, 'sender': {'user_id': 395642104, 'nickname': '白渊', 'card': '', 'role': 'member', 'title': '', 'level': ''}}
[2025-01-23 01:04:16][resolve_debug]cur user is "395642104"
[2025-01-23 01:04:16][resolve_debug]user_id 存在于用户集中为 "True"
[2025-01-23 01:04:16][resolve_debug]error:command.trigger() missing 1 required positional argument: 'self'
[2025-01-23 01:04:18][heartbeat]try send ping...OK
[2025-01-23 01:04:23][heartbeat]try send ping...OK
[2025-01-23 01:04:28][heartbeat]try send ping...OK
[2025-01-23 01:04:33][heartbeat]try send ping...OK
[2025-01-23 01:04:38][heartbeat]try send ping...OK
[2025-01-23 01:04:43][heartbeat]try send ping...OK
[2025-01-23 01:04:48][heartbeat]try send ping...OK
[2025-01-23 01:04:53][heartbeat]try send ping...OK
[2025-01-23 01:04:55][SenyaHime]Server stopped.
