===================AUTOTOOL HUB EXPORT LOG 2025_01_23_00_53_11================

[2025-01-23 00:53:11][SenyaHime]Running on ws://192.168.0.107:5700
[2025-01-23 00:53:40][websocketserver]New connection from ('192.168.0.150', 49824)
[2025-01-23 00:53:40][heartbeat]heartbeat lunched
[2025-01-23 00:53:40][websocketserver]Received: {"time":1737564816,"self_id":3827617422,"post_type":"meta_event","meta_event_type":"lifecycle","sub_type":"connect","status":{"self":{"platform":"qq","user_id":3827617422},"online":true,"good":true,"qq.status":"正常"},"interval":15000}

[2025-01-23 00:53:40][receive_debug]:curMsgType is lifecycleMsg, the original msg is {'time': 1737564816, 'self_id': 3827617422, 'post_type': 'meta_event', 'meta_event_type': 'lifecycle', 'sub_type': 'connect', 'status': {'self': {'platform': 'qq', 'user_id': 3827617422}, 'online': True, 'good': True, 'qq.status': '正常'}, 'interval': 15000}
[2025-01-23 00:53:45][heartbeat]try send ping...OK
[2025-01-23 00:53:45][websocketserver]Received: {"time":1737564821,"self_id":3827617422,"post_type":"message","message_type":"private","sub_type":"friend","message_id":725431015,"target_id":395642104,"peer_id":3827617422,"user_id":395642104,"message":[{"data":{"text":"摸头"},"type":"text"}],"raw_message":"摸头","font":0,"sender":{"user_id":395642104,"nickname":"白渊","card":"","role":"member","title":"","level":""}}

[2025-01-23 00:53:45][receive_debug]:curMsgType is privateMsg_normal, the original msg is {'time': 1737564821, 'self_id': 3827617422, 'post_type': 'message', 'message_type': 'private', 'sub_type': 'friend', 'message_id': 725431015, 'target_id': 395642104, 'peer_id': 3827617422, 'user_id': 395642104, 'message': [{'data': {'text': '摸头'}, 'type': 'text'}], 'raw_message': '摸头', 'font': 0, 'sender': {'user_id': 395642104, 'nickname': '白渊', 'card': '', 'role': 'member', 'title': '', 'level': ''}}
[2025-01-23 00:53:45][resolve_debug]cur user is "395642104"
[2025-01-23 00:53:45][resolve_debug]error:userRecord.__init__() takes 3 positional arguments but 4 were given
[2025-01-23 00:53:50][heartbeat]try send ping...OK
[2025-01-23 00:53:55][heartbeat]try send ping...OK
[2025-01-23 00:54:00][heartbeat]try send ping...OK
[2025-01-23 00:54:05][heartbeat]try send ping...OK
[2025-01-23 00:54:10][heartbeat]try send ping...OK
[2025-01-23 00:54:15][heartbeat]try send ping...OK
[2025-01-23 00:54:20][heartbeat]try send ping...OK
[2025-01-23 00:54:25][heartbeat]try send ping...OK
[2025-01-23 00:54:28][SenyaHime]Server stopped.
