===================AUTOTOOL HUB EXPORT LOG 2025_01_21_21_26_34================

[2025-01-21 21:26:34][SenyaHime]Running on ws://192.168.0.107:5700
[2025-01-21 21:26:35][websocketserver]New connection from ('192.168.0.150', 49398)
[2025-01-21 21:26:35][heartbeat]heartbeat lunched
[2025-01-21 21:26:35][websocketserver]Received: {"time":1737465992,"self_id":3827617422,"post_type":"meta_event","meta_event_type":"lifecycle","sub_type":"connect","status":{"self":{"platform":"qq","user_id":3827617422},"online":true,"good":true,"qq.status":"正常"},"interval":15000}

[2025-01-21 21:26:35][receive_debug]:curMsgType is lifecycleMsg, the original msg is {'time': 1737465992, 'self_id': 3827617422, 'post_type': 'meta_event', 'meta_event_type': 'lifecycle', 'sub_type': 'connect', 'status': {'self': {'platform': 'qq', 'user_id': 3827617422}, 'online': True, 'good': True, 'qq.status': '正常'}, 'interval': 15000}
[2025-01-21 21:26:35][resolve_debug]backMsg have user_id="False"

[2025-01-21 21:26:40][heartbeat]try send ping...OK
[2025-01-21 21:26:45][heartbeat]try send ping...OK
[2025-01-21 21:26:46][websocketserver]Received: {"time":1737466002,"self_id":3827617422,"post_type":"message","message_type":"private","sub_type":"friend","message_id":1411196683,"target_id":395642104,"peer_id":3827617422,"user_id":395642104,"message":[{"data":{"text":"\\戳戳"},"type":"text"}],"raw_message":"\\戳戳","font":0,"sender":{"user_id":395642104,"nickname":"白渊","card":"","role":"member","title":"","level":""}}

[2025-01-21 21:26:46][receive_debug]:curMsgType is privateMsg_normal, the original msg is {'time': 1737466002, 'self_id': 3827617422, 'post_type': 'message', 'message_type': 'private', 'sub_type': 'friend', 'message_id': 1411196683, 'target_id': 395642104, 'peer_id': 3827617422, 'user_id': 395642104, 'message': [{'data': {'text': '\\戳戳'}, 'type': 'text'}], 'raw_message': '\\戳戳', 'font': 0, 'sender': {'user_id': 395642104, 'nickname': '白渊', 'card': '', 'role': 'member', 'title': '', 'level': ''}}
[2025-01-21 21:26:46][resolve_debug]backMsg have user_id="False"

[2025-01-21 21:26:50][heartbeat]try send ping...OK
[2025-01-21 21:26:55][heartbeat]try send ping...OK
[2025-01-21 21:27:01][heartbeat]try send ping...OK
[2025-01-21 21:27:06][heartbeat]try send ping...OK
[2025-01-21 21:27:11][heartbeat]try send ping...OK
[2025-01-21 21:27:11][websocketserver]Received: {"time":1737466027,"self_id":3827617422,"post_type":"message","message_type":"group","sub_type":"normal","message_id":29710266,"group_id":721950485,"peer_id":3827617422,"user_id":1336276492,"message":[{"data":{"text":"呃，我已经在战斗了。"},"type":"text"}],"raw_message":"呃，我已经在战斗了。","font":0,"sender":{"user_id":1336276492,"nickname":"枫","card":"枫","role":"member","title":"","level":""}}

[2025-01-21 21:27:11][receive_debug]:curMsgType is groupMsg_normal, the original msg is {'time': 1737466027, 'self_id': 3827617422, 'post_type': 'message', 'message_type': 'group', 'sub_type': 'normal', 'message_id': 29710266, 'group_id': 721950485, 'peer_id': 3827617422, 'user_id': 1336276492, 'message': [{'data': {'text': '呃，我已经在战斗了。'}, 'type': 'text'}], 'raw_message': '呃，我已经在战斗了。', 'font': 0, 'sender': {'user_id': 1336276492, 'nickname': '枫', 'card': '枫', 'role': 'member', 'title': '', 'level': ''}}
[2025-01-21 21:27:11][resolve_debug]backMsg have user_id="False"

[2025-01-21 21:27:16][heartbeat]try send ping...OK
[2025-01-21 21:27:18][websocketserver]Received: {"time":1737466034,"self_id":3827617422,"post_type":"message","message_type":"group","sub_type":"normal","message_id":628987975,"group_id":721950485,"peer_id":3827617422,"user_id":1336276492,"message":[{"data":{"text":"我就小打一会儿，10点睡觉。"},"type":"text"}],"raw_message":"我就小打一会儿，10点睡觉。","font":0,"sender":{"user_id":1336276492,"nickname":"枫","card":"枫","role":"member","title":"","level":""}}

[2025-01-21 21:27:18][receive_debug]:curMsgType is groupMsg_normal, the original msg is {'time': 1737466034, 'self_id': 3827617422, 'post_type': 'message', 'message_type': 'group', 'sub_type': 'normal', 'message_id': 628987975, 'group_id': 721950485, 'peer_id': 3827617422, 'user_id': 1336276492, 'message': [{'data': {'text': '我就小打一会儿，10点睡觉。'}, 'type': 'text'}], 'raw_message': '我就小打一会儿，10点睡觉。', 'font': 0, 'sender': {'user_id': 1336276492, 'nickname': '枫', 'card': '枫', 'role': 'member', 'title': '', 'level': ''}}
[2025-01-21 21:27:18][resolve_debug]backMsg have user_id="False"

[2025-01-21 21:27:21][heartbeat]try send ping...OK
[2025-01-21 21:27:26][heartbeat]try send ping...OK
[2025-01-21 21:27:31][heartbeat]try send ping...OK
[2025-01-21 21:27:36][heartbeat]try send ping...OK
[2025-01-21 21:27:41][heartbeat]try send ping...OK
[2025-01-21 21:27:46][heartbeat]try send ping...OK
[2025-01-21 21:27:48][websocketserver]Received: {"time":1737466064,"self_id":3827617422,"post_type":"message","message_type":"group","sub_type":"normal","message_id":1220710000,"group_id":721950485,"peer_id":3827617422,"user_id":2182338586,"message":[{"data":{"text":"行吧"},"type":"text"}],"raw_message":"行吧","font":0,"sender":{"user_id":2182338586,"nickname":"爱转圈圈的黑塔","card":"","role":"member","title":"","level":""}}

[2025-01-21 21:27:48][receive_debug]:curMsgType is groupMsg_normal, the original msg is {'time': 1737466064, 'self_id': 3827617422, 'post_type': 'message', 'message_type': 'group', 'sub_type': 'normal', 'message_id': 1220710000, 'group_id': 721950485, 'peer_id': 3827617422, 'user_id': 2182338586, 'message': [{'data': {'text': '行吧'}, 'type': 'text'}], 'raw_message': '行吧', 'font': 0, 'sender': {'user_id': 2182338586, 'nickname': '爱转圈圈的黑塔', 'card': '', 'role': 'member', 'title': '', 'level': ''}}
[2025-01-21 21:27:48][resolve_debug]backMsg have user_id="False"

[2025-01-21 21:27:51][heartbeat]try send ping...OK
[2025-01-21 21:27:56][heartbeat]try send ping...OK
[2025-01-21 21:28:01][heartbeat]try send ping...OK
[2025-01-21 21:28:06][heartbeat]try send ping...OK
[2025-01-21 21:28:11][heartbeat]try send ping...OK
[2025-01-21 21:28:16][heartbeat]try send ping...OK
[2025-01-21 21:28:21][heartbeat]try send ping...OK
[2025-01-21 21:28:26][heartbeat]try send ping...OK
[2025-01-21 21:28:31][heartbeat]try send ping...OK
[2025-01-21 21:28:36][heartbeat]try send ping...OK
[2025-01-21 21:28:41][heartbeat]try send ping...OK
[2025-01-21 21:28:46][heartbeat]try send ping...OK
[2025-01-21 21:28:51][heartbeat]try send ping...OK
[2025-01-21 21:28:56][heartbeat]try send ping...OK
[2025-01-21 21:29:01][heartbeat]try send ping...OK
[2025-01-21 21:29:06][heartbeat]try send ping...OK
[2025-01-21 21:29:11][heartbeat]try send ping...OK
[2025-01-21 21:29:16][heartbeat]try send ping...OK
[2025-01-21 21:29:21][heartbeat]try send ping...OK
[2025-01-21 21:29:26][heartbeat]try send ping...OK
[2025-01-21 21:29:31][heartbeat]try send ping...OK
[2025-01-21 21:29:36][heartbeat]try send ping...OK
[2025-01-21 21:29:41][heartbeat]try send ping...OK
[2025-01-21 21:29:46][heartbeat]try send ping...OK
[2025-01-21 21:29:51][heartbeat]try send ping...OK
[2025-01-21 21:29:56][heartbeat]try send ping...OK
[2025-01-21 21:30:01][heartbeat]try send ping...OK
[2025-01-21 21:30:06][heartbeat]try send ping...OK
[2025-01-21 21:30:11][heartbeat]try send ping...OK
[2025-01-21 21:30:16][heartbeat]try send ping...OK
[2025-01-21 21:30:21][heartbeat]try send ping...OK
[2025-01-21 21:30:26][heartbeat]try send ping...OK
[2025-01-21 21:30:31][heartbeat]try send ping...OK
[2025-01-21 21:30:36][heartbeat]try send ping...OK
[2025-01-21 21:30:41][heartbeat]try send ping...OK
[2025-01-21 21:30:46][heartbeat]try send ping...OK
[2025-01-21 21:30:51][heartbeat]try send ping...OK
[2025-01-21 21:30:56][heartbeat]try send ping...OK
[2025-01-21 21:31:01][heartbeat]try send ping...OK
[2025-01-21 21:31:06][heartbeat]try send ping...OK
[2025-01-21 21:31:11][heartbeat]try send ping...OK
[2025-01-21 21:31:16][heartbeat]try send ping...OK
[2025-01-21 21:31:21][heartbeat]try send ping...OK
[2025-01-21 21:31:26][heartbeat]try send ping...OK
[2025-01-21 21:31:31][heartbeat]try send ping...OK
[2025-01-21 21:31:36][heartbeat]try send ping...OK
[2025-01-21 21:31:40][websocketserver]Received: {"time":1737466297,"self_id":3827617422,"post_type":"notice","notice_type":"notify","sub_type":"poke","group_id":721950485,"operator_id":1336276492,"user_id":1336276492,"target_id":2182338586,"poke_detail":{"action":"揉了揉","suffix":"的头然后被锤飞了","action_img_url":"http://tianquan.gtimg.cn/nudgeaction/item/8/expression.jpg"}}

[2025-01-21 21:31:40][receive_debug]:curMsgType is groupMsg_touch, the original msg is {'time': 1737466297, 'self_id': 3827617422, 'post_type': 'notice', 'notice_type': 'notify', 'sub_type': 'poke', 'group_id': 721950485, 'operator_id': 1336276492, 'user_id': 1336276492, 'target_id': 2182338586, 'poke_detail': {'action': '揉了揉', 'suffix': '的头然后被锤飞了', 'action_img_url': 'http://tianquan.gtimg.cn/nudgeaction/item/8/expression.jpg'}}
[2025-01-21 21:31:40][resolve_debug]backMsg have user_id="False"

[2025-01-21 21:31:41][heartbeat]try send ping...OK
[2025-01-21 21:31:46][heartbeat]try send ping...OK
[2025-01-21 21:31:51][heartbeat]try send ping...OK
[2025-01-21 21:31:56][heartbeat]try send ping...OK
[2025-01-21 21:32:00][SenyaHime]Server stopped.
