===================AUTOTOOL HUB EXPORT LOG 2025_01_20_17_23_35================

[2025-01-20 17:23:35][SenyaHime]Running on ws://192.168.0.107:5700
[2025-01-20 17:23:37][websocketserver]New connection from ('192.168.0.150', 42292)
[2025-01-20 17:23:37][heartbeat]heartbeat lunched
[2025-01-20 17:23:37][heartbeat]try send ping
[2025-01-20 17:23:37][websocketserver]Received: {"time":1737365015,"self_id":3827617422,"post_type":"meta_event","meta_event_type":"lifecycle","sub_type":"connect","status":{"self":{"platform":"qq","user_id":3827617422},"online":true,"good":true,"qq.status":"正常"},"interval":15000}

[2025-01-20 17:23:42][heartbeat]try send ping
[2025-01-20 17:23:47][heartbeat]try send ping
[2025-01-20 17:23:52][heartbeat]try send ping
[2025-01-20 17:23:57][heartbeat]try send ping
[2025-01-20 17:24:02][heartbeat]try send ping
[2025-01-20 17:24:05][websocketserver]Received: {"time":1737365042,"self_id":3827617422,"post_type":"message","message_type":"private","sub_type":"friend","message_id":491586563,"target_id":395642104,"peer_id":3827617422,"user_id":395642104,"message":[{"data":{"text":"测试"},"type":"text"}],"raw_message":"测试","font":0,"sender":{"user_id":395642104,"nickname":"白渊","card":"","role":"member","title":"","level":""}}

[2025-01-20 17:24:05][websocketserver]Posed: {'action': 'send_private_msg', 'echo': ' ', 'params': {'access_token': 'guzhaoqiaoqiaoa1', 'user_id': 395642104, 'message': [{'type': 'reply', 'data': {'id': 491586563}}, {'type': 'text', 'data': {'text': '对不起主人, 暂不支持直接聊天哦'}}]}}

[2025-01-20 17:24:05][websocketserver]Received: {"status":"ok","retcode":0,"data":{"message_id":1339501711,"time":1737365042},"echo":" "}

[2025-01-20 17:24:07][heartbeat]try send ping
[2025-01-20 17:24:12][heartbeat]try send ping
[2025-01-20 17:24:17][heartbeat]try send ping
[2025-01-20 17:24:22][heartbeat]try send ping
[2025-01-20 17:24:27][heartbeat]try send ping
[2025-01-20 17:24:32][heartbeat]try send ping
[2025-01-20 17:24:37][heartbeat]try send ping
[2025-01-20 17:24:42][heartbeat]try send ping
[2025-01-20 17:24:47][heartbeat]try send ping
[2025-01-20 17:24:52][heartbeat]try send ping
[2025-01-20 17:24:57][heartbeat]try send ping
[2025-01-20 17:25:02][heartbeat]try send ping
[2025-01-20 17:25:03][websocketserver]Received: {"time":1737365099,"self_id":3827617422,"post_type":"notice","notice_type":"notify","sub_type":"poke","operator_id":395642104,"user_id":395642104,"sender_id":395642104,"target_id":3827617422,"poke_detail":{"action":"","suffix":"的脸, 并被咬住了手指","action_img_url":"http://tianquan.gtimg.cn/nudgeaction/item/0/expression.jpg"}}

[2025-01-20 17:25:06][websocketserver]Posed: {'action': 'send_private_msg', 'echo': ' ', 'params': {'access_token': 'guzhaoqiaoqiaoa1', 'user_id': 395642104, 'message': [{'type': 'text', 'data': {'text': '杂鱼主人再戳，小千夜可就要扣分咯！扣到负分了也别哭哦～'}}]}}

[2025-01-20 17:25:06][websocketserver]Received: {"status":"ok","retcode":0,"data":{"message_id":286018826,"time":1737365103},"echo":" "}

[2025-01-20 17:25:07][heartbeat]try send ping
[2025-01-20 17:25:12][heartbeat]try send ping
[2025-01-20 17:25:17][heartbeat]try send ping
[2025-01-20 17:25:20][websocketserver]Received: {"time":1737365117,"self_id":3827617422,"post_type":"notice","notice_type":"notify","sub_type":"poke","operator_id":395642104,"user_id":395642104,"sender_id":395642104,"target_id":3827617422,"poke_detail":{"action":"","suffix":"的脸, 并被咬住了手指","action_img_url":"http://tianquan.gtimg.cn/nudgeaction/item/0/expression.jpg"}}

[2025-01-20 17:25:23][websocketserver]Posed: {'action': 'send_private_msg', 'echo': ' ', 'params': {'access_token': 'guzhaoqiaoqiaoa1', 'user_id': 395642104, 'message': [{'type': 'text', 'data': {'text': '戳得好痛哦～不过没关系，小千夜还是最喜欢主人啦～'}}]}}

[2025-01-20 17:25:23][heartbeat]try send ping
[2025-01-20 17:25:24][websocketserver]Received: {"status":"ok","retcode":0,"data":{"message_id":1054405206,"time":1737365121},"echo":" "}

[2025-01-20 17:25:28][heartbeat]try send ping
[2025-01-20 17:25:33][heartbeat]try send ping
[2025-01-20 17:25:38][heartbeat]try send ping
[2025-01-20 17:25:43][heartbeat]try send ping
[2025-01-20 17:25:48][heartbeat]try send ping
[2025-01-20 17:25:53][heartbeat]try send ping
[2025-01-20 17:25:58][SenyaHime]Server stopped.
