===================AUTOTOOL HUB EXPORT LOG 2025_01_21_21_24_20================

[2025-01-21 21:24:20][SenyaHime]Running on ws://192.168.0.107:5700
[2025-01-21 21:24:20][websocketserver]New connection from ('192.168.0.150', 47946)
[2025-01-21 21:24:20][heartbeat]heartbeat lunched
[2025-01-21 21:24:20][websocketserver]Received: {"time":1737465857,"self_id":3827617422,"post_type":"meta_event","meta_event_type":"lifecycle","sub_type":"connect","status":{"self":{"platform":"qq","user_id":3827617422},"online":true,"good":true,"qq.status":"正常"},"interval":15000}

[2025-01-21 21:24:20][receive_debug]:curMsgType is lifecycleMsg, the original msg is {'time': 1737465857, 'self_id': 3827617422, 'post_type': 'meta_event', 'meta_event_type': 'lifecycle', 'sub_type': 'connect', 'status': {'self': {'platform': 'qq', 'user_id': 3827617422}, 'online': True, 'good': True, 'qq.status': '正常'}, 'interval': 15000}
[2025-01-21 21:24:25][heartbeat]try send ping...OK
[2025-01-21 21:24:26][websocketserver]Received: {"time":1737465863,"self_id":3827617422,"post_type":"message","message_type":"private","sub_type":"friend","message_id":2014374671,"target_id":395642104,"peer_id":3827617422,"user_id":395642104,"message":[{"data":{"text":"\\戳戳"},"type":"text"}],"raw_message":"\\戳戳","font":0,"sender":{"user_id":395642104,"nickname":"白渊","card":"","role":"member","title":"","level":""}}

[2025-01-21 21:24:26][receive_debug]:curMsgType is privateMsg_normal, the original msg is {'time': 1737465863, 'self_id': 3827617422, 'post_type': 'message', 'message_type': 'private', 'sub_type': 'friend', 'message_id': 2014374671, 'target_id': 395642104, 'peer_id': 3827617422, 'user_id': 395642104, 'message': [{'data': {'text': '\\戳戳'}, 'type': 'text'}], 'raw_message': '\\戳戳', 'font': 0, 'sender': {'user_id': 395642104, 'nickname': '白渊', 'card': '', 'role': 'member', 'title': '', 'level': ''}}
[2025-01-21 21:24:30][heartbeat]try send ping...OK
[2025-01-21 21:24:35][heartbeat]try send ping...OK
[2025-01-21 21:24:40][heartbeat]try send ping...OK
[2025-01-21 21:24:45][heartbeat]try send ping...OK
[2025-01-21 21:24:50][heartbeat]try send ping...OK
[2025-01-21 21:24:55][heartbeat]try send ping...OK
[2025-01-21 21:25:00][heartbeat]try send ping...OK
[2025-01-21 21:25:05][heartbeat]try send ping...OK
[2025-01-21 21:25:10][heartbeat]try send ping...OK
[2025-01-21 21:25:15][heartbeat]try send ping...OK
[2025-01-21 21:25:20][heartbeat]try send ping...OK
[2025-01-21 21:25:25][heartbeat]try send ping...OK
[2025-01-21 21:25:30][heartbeat]try send ping...OK
[2025-01-21 21:25:35][heartbeat]try send ping...OK
[2025-01-21 21:25:39][websocketserver]Received: {"time":1737465935,"self_id":3827617422,"post_type":"message","message_type":"group","sub_type":"normal","message_id":1241778273,"group_id":721950485,"peer_id":3827617422,"user_id":2182338586,"message":[{"data":{"qq":"1336276492"},"type":"at"},{"data":{"text":" 打农不？"},"type":"text"}],"raw_message":"[CQ:at,qq=1336276492] 打农不？","font":0,"sender":{"user_id":2182338586,"nickname":"爱转圈圈的黑塔","card":"","role":"member","title":"","level":""}}

[2025-01-21 21:25:39][receive_debug]:curMsgType is groupMsg_normal, the original msg is {'time': 1737465935, 'self_id': 3827617422, 'post_type': 'message', 'message_type': 'group', 'sub_type': 'normal', 'message_id': 1241778273, 'group_id': 721950485, 'peer_id': 3827617422, 'user_id': 2182338586, 'message': [{'data': {'qq': '1336276492'}, 'type': 'at'}, {'data': {'text': ' 打农不？'}, 'type': 'text'}], 'raw_message': '[CQ:at,qq=1336276492] 打农不？', 'font': 0, 'sender': {'user_id': 2182338586, 'nickname': '爱转圈圈的黑塔', 'card': '', 'role': 'member', 'title': '', 'level': ''}}
[2025-01-21 21:25:40][heartbeat]try send ping...OK
[2025-01-21 21:25:45][heartbeat]try send ping...OK
[2025-01-21 21:25:50][heartbeat]try send ping...OK
[2025-01-21 21:25:55][heartbeat]try send ping...OK
[2025-01-21 21:26:01][heartbeat]try send ping...OK
[2025-01-21 21:26:06][heartbeat]try send ping...OK
[2025-01-21 21:26:11][heartbeat]try send ping...OK
[2025-01-21 21:26:16][heartbeat]try send ping...OK
[2025-01-21 21:26:21][heartbeat]try send ping...OK
[2025-01-21 21:26:26][heartbeat]try send ping...OK
[2025-01-21 21:26:31][heartbeat]try send ping...OK
[2025-01-21 21:26:31][SenyaHime]Server stopped.
