===================AUTOTOOL HUB EXPORT LOG 2025_01_23_01_38_45================

[2025-01-23 01:38:45][SenyaHime]Running on ws://192.168.0.107:5700
[2025-01-23 01:38:49][websocketserver]New connection from ('192.168.0.150', 37076)
[2025-01-23 01:38:49][heartbeat]heartbeat lunched
[2025-01-23 01:38:49][websocketserver]Received: {"time":1737567525,"self_id":3827617422,"post_type":"meta_event","meta_event_type":"lifecycle","sub_type":"connect","status":{"self":{"platform":"qq","user_id":3827617422},"online":true,"good":true,"qq.status":"正常"},"interval":15000}

[2025-01-23 01:38:49][receive_debug]:curMsgType is lifecycleMsg, the original msg is {'time': 1737567525, 'self_id': 3827617422, 'post_type': 'meta_event', 'meta_event_type': 'lifecycle', 'sub_type': 'connect', 'status': {'self': {'platform': 'qq', 'user_id': 3827617422}, 'online': True, 'good': True, 'qq.status': '正常'}, 'interval': 15000}
[2025-01-23 01:38:49][websocketserver]Received: {"time":1737567525,"self_id":3827617422,"post_type":"message","message_type":"private","sub_type":"friend","message_id":726543639,"target_id":395642104,"peer_id":3827617422,"user_id":395642104,"message":[{"data":{"text":"摸头"},"type":"text"}],"raw_message":"摸头","font":0,"sender":{"user_id":395642104,"nickname":"白渊","card":"","role":"member","title":"","level":""}}

[2025-01-23 01:38:49][receive_debug]:curMsgType is privateMsg_normal, the original msg is {'time': 1737567525, 'self_id': 3827617422, 'post_type': 'message', 'message_type': 'private', 'sub_type': 'friend', 'message_id': 726543639, 'target_id': 395642104, 'peer_id': 3827617422, 'user_id': 395642104, 'message': [{'data': {'text': '摸头'}, 'type': 'text'}], 'raw_message': '摸头', 'font': 0, 'sender': {'user_id': 395642104, 'nickname': '白渊', 'card': '', 'role': 'member', 'title': '', 'level': ''}}
[2025-01-23 01:38:49][resolve_debug]cur user is "395642104"
[2025-01-23 01:38:49][resolve_debug]user_id 存在于用户集中为 "True"
[2025-01-23 01:38:49][resolve_debug]cmd "touchHeadCammand" triggered

[2025-01-23 01:38:49][websocketserver]Posed: {'action': 'send_private_msg', 'echo': ' ', 'params': {'access_token': 'guzhaoqiaoqiaoa1', 'user_id': 395642104, 'message': [{'type': 'text', 'data': {'text': '主人！不要以为摸头可以让千夜喜欢你哦～'}}, {'type': 'text', 'data': {'text': '\nFavor change limited today, 主人明天再来哦'}}]}}

[2025-01-23 01:38:50][websocketserver]Received: {"status":"ok","retcode":0,"data":{"message_id":1234906427,"time":1737567525},"echo":" "}

[2025-01-23 01:38:50][receive_debug]:curMsgType is responseMsg, the original msg is {'status': 'ok', 'retcode': 0, 'data': {'message_id': 1234906427, 'time': 1737567525}, 'echo': ' '}
[2025-01-23 01:38:54][heartbeat]try send ping...OK
[2025-01-23 01:38:59][heartbeat]try send ping...OK
[2025-01-23 01:39:00][update]all user updated
[2025-01-23 01:39:04][heartbeat]try send ping...OK
[2025-01-23 01:39:09][heartbeat]try send ping...OK
[2025-01-23 01:39:14][heartbeat]try send ping...OK
[2025-01-23 01:39:19][heartbeat]try send ping...OK
[2025-01-23 01:39:20][SenyaHime]Server stopped.
