===================AUTOTOOL HUB EXPORT LOG 2025_01_21_21_08_20================

[2025-01-21 21:08:20][SenyaHime]Running on ws://192.168.0.107:5700
[2025-01-21 21:09:00][websocketserver]New connection from ('192.168.0.150', 46442)
[2025-01-21 21:09:00][heartbeat]heartbeat lunched
[2025-01-21 21:09:00][websocketserver]Received: {"time":1737464937,"self_id":3827617422,"post_type":"meta_event","meta_event_type":"lifecycle","sub_type":"connect","status":{"self":{"platform":"qq","user_id":3827617422},"online":true,"good":true,"qq.status":"正常"},"interval":15000}

[2025-01-21 21:09:00]'callbackmsg' object is not subscriptable
[2025-01-21 21:09:15][websocketserver]Received: {"time":1737464952,"self_id":3827617422,"post_type":"meta_event","meta_event_type":"heartbeat","sub_type":"connect","status":{"self":{"platform":"qq","user_id":3827617422},"online":false,"good":true,"qq.status":"正常"},"interval":15000}

[2025-01-21 21:09:15]'callbackmsg' object is not subscriptable
[2025-01-21 21:09:30][websocketserver]Received: {"time":1737464967,"self_id":3827617422,"post_type":"meta_event","meta_event_type":"heartbeat","sub_type":"connect","status":{"self":{"platform":"qq","user_id":3827617422},"online":false,"good":true,"qq.status":"正常"},"interval":15000}

[2025-01-21 21:09:30]'callbackmsg' object is not subscriptable
[2025-01-21 21:09:45][websocketserver]Received: {"time":1737464982,"self_id":3827617422,"post_type":"meta_event","meta_event_type":"heartbeat","sub_type":"connect","status":{"self":{"platform":"qq","user_id":3827617422},"online":false,"good":true,"qq.status":"正常"},"interval":15000}

[2025-01-21 21:09:45]'callbackmsg' object is not subscriptable
[2025-01-21 21:10:00][websocketserver]Received: {"time":1737464997,"self_id":3827617422,"post_type":"meta_event","meta_event_type":"heartbeat","sub_type":"connect","status":{"self":{"platform":"qq","user_id":3827617422},"online":false,"good":true,"qq.status":"正常"},"interval":15000}

[2025-01-21 21:10:00]'callbackmsg' object is not subscriptable
[2025-01-21 21:10:15][websocketserver]Received: {"time":1737465012,"self_id":3827617422,"post_type":"meta_event","meta_event_type":"heartbeat","sub_type":"connect","status":{"self":{"platform":"qq","user_id":3827617422},"online":false,"good":true,"qq.status":"正常"},"interval":15000}

[2025-01-21 21:10:15]'callbackmsg' object is not subscriptable
[2025-01-21 21:10:30][websocketserver]Received: {"time":1737465027,"self_id":3827617422,"post_type":"meta_event","meta_event_type":"heartbeat","sub_type":"connect","status":{"self":{"platform":"qq","user_id":3827617422},"online":true,"good":true,"qq.status":"正常"},"interval":15000}

[2025-01-21 21:10:30]'callbackmsg' object is not subscriptable
[2025-01-21 21:10:31][websocketserver]Connection closed: no close frame received or sent

[2025-01-21 21:10:34][websocketserver]New connection from ('192.168.0.150', 41310)
[2025-01-21 21:10:34][websocketserver]Received: {"time":1737465031,"self_id":3827617422,"post_type":"meta_event","meta_event_type":"lifecycle","sub_type":"connect","status":{"self":{"platform":"qq","user_id":3827617422},"online":true,"good":true,"qq.status":"正常"},"interval":15000}

[2025-01-21 21:10:34]'callbackmsg' object is not subscriptable
[2025-01-21 21:14:13][SenyaHime]Server stopped.
