===================AUTOTOOL HUB EXPORT LOG 2025_01_19_13_47_25================

[2025-01-19 13:47:25][SenyaHime]Running on ws://192.168.0.107:5700
[2025-01-19 13:47:27][websocketserver]New connection from ('192.168.0.150', 37604)
[2025-01-19 13:47:27][websocketserver]Received: {"time":1737265645,"self_id":3827617422,"post_type":"meta_event","meta_event_type":"lifecycle","sub_type":"connect","status":{"self":{"platform":"qq","user_id":3827617422},"online":true,"good":true,"qq.status":"正常"},"interval":15000}
[2025-01-19 13:47:27][receive_debug]:curMsgType is lifecycleMsg, the original msg is {'time': 1737265645, 'self_id': 3827617422, 'post_type': 'meta_event', 'meta_event_type': 'lifecycle', 'sub_type': 'connect', 'status': {'self': {'platform': 'qq', 'user_id': 3827617422}, 'online': True, 'good': True, 'qq.status': '正常'}, 'interval': 15000}
[2025-01-19 13:47:27][receive_debug]get command = "None", atme = False
[2025-01-19 13:48:01][websocketserver]Received: {"time":1737265677,"self_id":3827617422,"post_type":"message","message_type":"private","sub_type":"friend","message_id":1914982627,"target_id":395642104,"peer_id":3827617422,"user_id":395642104,"message":[{"data":{"text":"\\戳戳"},"type":"text"}],"raw_message":"\\戳戳","font":0,"sender":{"user_id":395642104,"nickname":"白渊","card":"","role":"member","title":"","level":""}}
[2025-01-19 13:48:01][receive_debug]:curMsgType is privateMsg_normal, the original msg is {'time': 1737265677, 'self_id': 3827617422, 'post_type': 'message', 'message_type': 'private', 'sub_type': 'friend', 'message_id': 1914982627, 'target_id': 395642104, 'peer_id': 3827617422, 'user_id': 395642104, 'message': [{'data': {'text': '\\戳戳'}, 'type': 'text'}], 'raw_message': '\\戳戳', 'font': 0, 'sender': {'user_id': 395642104, 'nickname': '白渊', 'card': '', 'role': 'member', 'title': '', 'level': ''}}
[2025-01-19 13:48:01][receive_debug]get command = "\戳戳", atme = True
[2025-01-19 13:48:01][receive_debug]当前检测命令 "chuochuoCommand" 被触发

[2025-01-19 13:48:04][post_debug]try send msg:{'action': 'send_private_msg', 'echo': ' ', 'params': {'access_token': 'guzhaoqiaoqiaoa1', 'user_id': 395642104, 'message': [{'type': 'reply', 'data': {'id': 1914982627}}, {'type': 'text', 'data': {'text': '杂鱼主人再戳，小千夜可就要扣分咯！扣到负分了也别哭哦～'}}]}}
[2025-01-19 13:48:04][reply_response]:None
[2025-01-19 13:48:04][websocketserver]Received: {"status":"ok","retcode":0,"data":{"message_id":871058483,"time":1737265681},"echo":" "}
[2025-01-19 13:48:04][websocketserver]Error handling connection: 'post_type'
[2025-01-19 13:48:07][websocketserver]New connection from ('192.168.0.150', 48080)
[2025-01-19 13:48:07][websocketserver]Received: {"time":1737265685,"self_id":3827617422,"post_type":"meta_event","meta_event_type":"lifecycle","sub_type":"connect","status":{"self":{"platform":"qq","user_id":3827617422},"online":true,"good":true,"qq.status":"正常"},"interval":15000}
[2025-01-19 13:48:07][receive_debug]:curMsgType is lifecycleMsg, the original msg is {'time': 1737265685, 'self_id': 3827617422, 'post_type': 'meta_event', 'meta_event_type': 'lifecycle', 'sub_type': 'connect', 'status': {'self': {'platform': 'qq', 'user_id': 3827617422}, 'online': True, 'good': True, 'qq.status': '正常'}, 'interval': 15000}
[2025-01-19 13:48:07][receive_debug]get command = "None", atme = False
[2025-01-19 13:49:04][websocketserver]Received: {"time":1737265740,"self_id":3827617422,"post_type":"message","message_type":"private","sub_type":"friend","message_id":1139266019,"target_id":395642104,"peer_id":3827617422,"user_id":395642104,"message":[{"data":{"text":"\\测试"},"type":"text"}],"raw_message":"\\测试","font":0,"sender":{"user_id":395642104,"nickname":"白渊","card":"","role":"member","title":"","level":""}}
[2025-01-19 13:49:04][receive_debug]:curMsgType is privateMsg_normal, the original msg is {'time': 1737265740, 'self_id': 3827617422, 'post_type': 'message', 'message_type': 'private', 'sub_type': 'friend', 'message_id': 1139266019, 'target_id': 395642104, 'peer_id': 3827617422, 'user_id': 395642104, 'message': [{'data': {'text': '\\测试'}, 'type': 'text'}], 'raw_message': '\\测试', 'font': 0, 'sender': {'user_id': 395642104, 'nickname': '白渊', 'card': '', 'role': 'member', 'title': '', 'level': ''}}
[2025-01-19 13:49:04][receive_debug]get command = "\测试", atme = True
[2025-01-19 13:49:04][receive_debug]当前检测命令 "sorryCommand" 被触发

[2025-01-19 13:49:04][post_debug]try send msg:{'action': 'send_private_msg', 'echo': ' ', 'params': {'access_token': 'guzhaoqiaoqiaoa1', 'user_id': 395642104, 'message': [{'type': 'reply', 'data': {'id': 1139266019}}, {'type': 'text', 'data': {'text': '呜呜, 对不起主人, 命令"\\测试"还不支持呜喵'}}]}}
[2025-01-19 13:49:04][reply_response]:None
[2025-01-19 13:49:04][websocketserver]Received: {"status":"ok","retcode":0,"data":{"message_id":1158272498,"time":1737265741},"echo":" "}
[2025-01-19 13:49:04][websocketserver]Error handling connection: 'post_type'
[2025-01-19 13:49:07][websocketserver]New connection from ('192.168.0.150', 48328)
[2025-01-19 13:49:07][websocketserver]Received: {"time":1737265745,"self_id":3827617422,"post_type":"meta_event","meta_event_type":"lifecycle","sub_type":"connect","status":{"self":{"platform":"qq","user_id":3827617422},"online":true,"good":true,"qq.status":"正常"},"interval":15000}
[2025-01-19 13:49:07][receive_debug]:curMsgType is lifecycleMsg, the original msg is {'time': 1737265745, 'self_id': 3827617422, 'post_type': 'meta_event', 'meta_event_type': 'lifecycle', 'sub_type': 'connect', 'status': {'self': {'platform': 'qq', 'user_id': 3827617422}, 'online': True, 'good': True, 'qq.status': '正常'}, 'interval': 15000}
[2025-01-19 13:49:07][receive_debug]get command = "None", atme = False
[2025-01-19 13:49:27][websocketserver]Received: {"time":1737265764,"self_id":3827617422,"post_type":"message","message_type":"group","sub_type":"normal","message_id":1065597137,"group_id":721950485,"peer_id":3827617422,"user_id":395642104,"message":[{"data":{"file":"3cb79cc0960c1ff1c5f276b64b73ed0d","subType":0,"type":"original","url":"http://gchat.qpic.cn/gchatpic_new/0/0-0-3CB79CC0960C1FF1C5F276B64B73ED0D/0?term=2"},"type":"image"},{"data":{"text":"没问题, websocket能用了"},"type":"text"}],"raw_message":"[CQ:image,file=3cb79cc0960c1ff1c5f276b64b73ed0d,subType=0,type=original,url=http://gchat.qpic.cn/gchatpic_new/0/0-0-3CB79CC0960C1FF1C5F276B64B73ED0D/0?term=2]没问题&#44; websocket能用了","font":0,"sender":{"user_id":395642104,"nickname":"い愿此愛永恆࿐ེ","card":"万里挑一大非酋肝帝","role":"admin","title":"","level":""}}
[2025-01-19 13:49:27][receive_debug]:curMsgType is groupMsg_normal, the original msg is {'time': 1737265764, 'self_id': 3827617422, 'post_type': 'message', 'message_type': 'group', 'sub_type': 'normal', 'message_id': 1065597137, 'group_id': 721950485, 'peer_id': 3827617422, 'user_id': 395642104, 'message': [{'data': {'file': '3cb79cc0960c1ff1c5f276b64b73ed0d', 'subType': 0, 'type': 'original', 'url': 'http://gchat.qpic.cn/gchatpic_new/0/0-0-3CB79CC0960C1FF1C5F276B64B73ED0D/0?term=2'}, 'type': 'image'}, {'data': {'text': '没问题, websocket能用了'}, 'type': 'text'}], 'raw_message': '[CQ:image,file=3cb79cc0960c1ff1c5f276b64b73ed0d,subType=0,type=original,url=http://gchat.qpic.cn/gchatpic_new/0/0-0-3CB79CC0960C1FF1C5F276B64B73ED0D/0?term=2]没问题&#44; websocket能用了', 'font': 0, 'sender': {'user_id': 395642104, 'nickname': 'い愿此愛永恆࿐ེ', 'card': '万里挑一大非酋肝帝', 'role': 'admin', 'title': '', 'level': ''}}
[2025-01-19 13:49:27][receive_debug]get command = "没问题, websocket能用了", atme = False
[2025-01-19 13:49:46][websocketserver]Received: {"time":1737265782,"self_id":3827617422,"post_type":"message","message_type":"group","sub_type":"normal","message_id":2090530362,"group_id":721950485,"peer_id":3827617422,"user_id":395642104,"message":[{"data":{"text":"高贵的websocket"},"type":"text"}],"raw_message":"高贵的websocket","font":0,"sender":{"user_id":395642104,"nickname":"い愿此愛永恆࿐ེ","card":"万里挑一大非酋肝帝","role":"admin","title":"","level":""}}
[2025-01-19 13:49:46][receive_debug]:curMsgType is groupMsg_normal, the original msg is {'time': 1737265782, 'self_id': 3827617422, 'post_type': 'message', 'message_type': 'group', 'sub_type': 'normal', 'message_id': 2090530362, 'group_id': 721950485, 'peer_id': 3827617422, 'user_id': 395642104, 'message': [{'data': {'text': '高贵的websocket'}, 'type': 'text'}], 'raw_message': '高贵的websocket', 'font': 0, 'sender': {'user_id': 395642104, 'nickname': 'い愿此愛永恆࿐ེ', 'card': '万里挑一大非酋肝帝', 'role': 'admin', 'title': '', 'level': ''}}
[2025-01-19 13:49:46][receive_debug]get command = "高贵的websocket", atme = False
[2025-01-19 13:50:27][websocketserver]Received: {"time":1737265823,"self_id":3827617422,"post_type":"message","message_type":"group","sub_type":"normal","message_id":1449438197,"group_id":721950485,"peer_id":3827617422,"user_id":395642104,"message":[{"data":{"id":"2bdd89cca99259bc03c3ea803082c0d3"},"type":"mface"}],"raw_message":"[CQ:mface,id=2bdd89cca99259bc03c3ea803082c0d3]","font":0,"sender":{"user_id":395642104,"nickname":"い愿此愛永恆࿐ེ","card":"万里挑一大非酋肝帝","role":"admin","title":"","level":""}}
[2025-01-19 13:50:27][receive_debug]:curMsgType is groupMsg_normal, the original msg is {'time': 1737265823, 'self_id': 3827617422, 'post_type': 'message', 'message_type': 'group', 'sub_type': 'normal', 'message_id': 1449438197, 'group_id': 721950485, 'peer_id': 3827617422, 'user_id': 395642104, 'message': [{'data': {'id': '2bdd89cca99259bc03c3ea803082c0d3'}, 'type': 'mface'}], 'raw_message': '[CQ:mface,id=2bdd89cca99259bc03c3ea803082c0d3]', 'font': 0, 'sender': {'user_id': 395642104, 'nickname': 'い愿此愛永恆࿐ེ', 'card': '万里挑一大非酋肝帝', 'role': 'admin', 'title': '', 'level': ''}}
[2025-01-19 13:50:27][receive_debug]get command = "None", atme = False
