===================AUTOTOOL HUB EXPORT LOG 2025_01_23_02_26_11================

[2025-01-23 02:26:11][SenyaHime]Running on ws://192.168.0.107:5700
[2025-01-23 02:26:19][websocketserver]New connection from ('192.168.0.150', 42294)
[2025-01-23 02:26:19][heartbeat]heartbeat lunched
[2025-01-23 02:26:19][websocketserver]Received: {"time":1737570374,"self_id":3827617422,"post_type":"meta_event","meta_event_type":"lifecycle","sub_type":"connect","status":{"self":{"platform":"qq","user_id":3827617422},"online":true,"good":true,"qq.status":"正常"},"interval":15000}

[2025-01-23 02:26:19][receive_debug]:curMsgType is lifecycleMsg, the original msg is {'time': 1737570374, 'self_id': 3827617422, 'post_type': 'meta_event', 'meta_event_type': 'lifecycle', 'sub_type': 'connect', 'status': {'self': {'platform': 'qq', 'user_id': 3827617422}, 'online': True, 'good': True, 'qq.status': '正常'}, 'interval': 15000}
[2025-01-23 02:26:20][websocketserver]Received: {"time":1737570372,"self_id":3827617422,"post_type":"message","message_type":"private","sub_type":"friend","message_id":1811519637,"target_id":395642104,"peer_id":3827617422,"user_id":395642104,"message":[{"data":{"text":"摸头"},"type":"text"}],"raw_message":"摸头","font":0,"sender":{"user_id":395642104,"nickname":"白渊","card":"","role":"member","title":"","level":""}}

[2025-01-23 02:26:20][receive_debug]:curMsgType is privateMsg_normal, the original msg is {'time': 1737570372, 'self_id': 3827617422, 'post_type': 'message', 'message_type': 'private', 'sub_type': 'friend', 'message_id': 1811519637, 'target_id': 395642104, 'peer_id': 3827617422, 'user_id': 395642104, 'message': [{'data': {'text': '摸头'}, 'type': 'text'}], 'raw_message': '摸头', 'font': 0, 'sender': {'user_id': 395642104, 'nickname': '白渊', 'card': '', 'role': 'member', 'title': '', 'level': ''}}
[2025-01-23 02:26:20][resolve_debug]cur user is "395642104"
[2025-01-23 02:26:20][resolve_debug]user_id 存在于用户集中为 "True"
[2025-01-23 02:26:20][resolve_debug]cmd "touchHeadCammand" triggered

[2025-01-23 02:26:20][websocketserver]Posed: {'action': 'send_private_msg', 'echo': ' ', 'params': {'access_token': 'guzhaoqiaoqiaoa1', 'user_id': 395642104, 'message': [{'type': 'text', 'data': {'text': '嗯……手感还行，主人可以再努力点哦～'}}, {'type': 'text', 'data': {'text': '\nFavor change limited today, 主人明天再来哦'}}]}}

[2025-01-23 02:26:20][websocketserver]Received: {"time":1737570354,"self_id":3827617422,"post_type":"message","message_type":"group","sub_type":"normal","message_id":1752001280,"group_id":721950485,"peer_id":3827617422,"user_id":1431176940,"message":[{"data":{"text":"6"},"type":"text"}],"raw_message":"6","font":0,"sender":{"user_id":1431176940,"nickname":"浮梦浮旧","card":"","role":"member","title":"","level":""}}

[2025-01-23 02:26:20][receive_debug]:curMsgType is groupMsg_normal, the original msg is {'time': 1737570354, 'self_id': 3827617422, 'post_type': 'message', 'message_type': 'group', 'sub_type': 'normal', 'message_id': 1752001280, 'group_id': 721950485, 'peer_id': 3827617422, 'user_id': 1431176940, 'message': [{'data': {'text': '6'}, 'type': 'text'}], 'raw_message': '6', 'font': 0, 'sender': {'user_id': 1431176940, 'nickname': '浮梦浮旧', 'card': '', 'role': 'member', 'title': '', 'level': ''}}
[2025-01-23 02:26:20][resolve_debug]cur user is "1431176940"
[2025-01-23 02:26:20][resolve_debug]user_id 存在于用户集中为 "True"
[2025-01-23 02:26:20][websocketserver]Received: {"status":"ok","retcode":0,"data":{"message_id":80534738,"time":1737570376},"echo":" "}

[2025-01-23 02:26:20][receive_debug]:curMsgType is responseMsg, the original msg is {'status': 'ok', 'retcode': 0, 'data': {'message_id': 80534738, 'time': 1737570376}, 'echo': ' '}
[2025-01-23 02:26:21][websocketserver]Connection closed: no close frame received or sent

[2025-01-23 02:26:24][heartbeat]try send ping...OK
[2025-01-23 02:26:24][heartbeat]heartbeat finished
[2025-01-23 02:26:36][websocketserver]New connection from ('192.168.0.150', 44210)
[2025-01-23 02:26:36][heartbeat]heartbeat lunched
[2025-01-23 02:26:36][websocketserver]Received: {"time":1737570392,"self_id":3827617422,"post_type":"meta_event","meta_event_type":"lifecycle","sub_type":"connect","status":{"self":{"platform":"qq","user_id":3827617422},"online":true,"good":true,"qq.status":"正常"},"interval":15000}

[2025-01-23 02:26:36][receive_debug]:curMsgType is lifecycleMsg, the original msg is {'time': 1737570392, 'self_id': 3827617422, 'post_type': 'meta_event', 'meta_event_type': 'lifecycle', 'sub_type': 'connect', 'status': {'self': {'platform': 'qq', 'user_id': 3827617422}, 'online': True, 'good': True, 'qq.status': '正常'}, 'interval': 15000}
[2025-01-23 02:26:37][websocketserver]Received: {"time":1737570390,"self_id":3827617422,"post_type":"message","message_type":"private","sub_type":"friend","message_id":920377013,"target_id":395642104,"peer_id":3827617422,"user_id":395642104,"message":[{"data":{"text":"摸头"},"type":"text"}],"raw_message":"摸头","font":0,"sender":{"user_id":395642104,"nickname":"白渊","card":"","role":"member","title":"","level":""}}

[2025-01-23 02:26:37][receive_debug]:curMsgType is privateMsg_normal, the original msg is {'time': 1737570390, 'self_id': 3827617422, 'post_type': 'message', 'message_type': 'private', 'sub_type': 'friend', 'message_id': 920377013, 'target_id': 395642104, 'peer_id': 3827617422, 'user_id': 395642104, 'message': [{'data': {'text': '摸头'}, 'type': 'text'}], 'raw_message': '摸头', 'font': 0, 'sender': {'user_id': 395642104, 'nickname': '白渊', 'card': '', 'role': 'member', 'title': '', 'level': ''}}
[2025-01-23 02:26:37][resolve_debug]cur user is "395642104"
[2025-01-23 02:26:37][resolve_debug]user_id 存在于用户集中为 "True"
[2025-01-23 02:26:37][resolve_debug]cmd "touchHeadCammand" triggered

[2025-01-23 02:26:37][websocketserver]Posed: {'action': 'send_private_msg', 'echo': ' ', 'params': {'access_token': 'guzhaoqiaoqiaoa1', 'user_id': 395642104, 'message': [{'type': 'text', 'data': {'text': '嗯，好吧，主人摸头这种小事，千夜不计较了～'}}, {'type': 'text', 'data': {'text': '\nFavor change limited today, 主人明天再来哦'}}]}}

[2025-01-23 02:26:38][websocketserver]Received: {"status":"ok","retcode":0,"data":{"message_id":469385788,"time":1737570393},"echo":" "}

[2025-01-23 02:26:38][receive_debug]:curMsgType is responseMsg, the original msg is {'status': 'ok', 'retcode': 0, 'data': {'message_id': 469385788, 'time': 1737570393}, 'echo': ' '}
[2025-01-23 02:26:38][websocketserver]Connection closed: no close frame received or sent

[2025-01-23 02:26:41][heartbeat]try send ping...OK
[2025-01-23 02:26:41][heartbeat]heartbeat finished
[2025-01-23 02:29:13][SenyaHime]Server stopped.
