===================AUTOTOOL HUB EXPORT LOG 2025_01_18_23_52_53================

[2025-01-18 23:52:53][SenyaHime]Running on http://192.168.0.107:5700
[2025-01-18 23:52:57][receive_debug]:curMsgType is groupMsg_normal, the original msg is {'time': 1737215574, 'self_id': 3827617422, 'post_type': 'message', 'message_type': 'group', 'sub_type': 'normal', 'message_id': 1961100070, 'group_id': 104491286, 'peer_id': 3827617422, 'user_id': 395642104, 'message': [{'data': {'qq': '3827617422'}, 'type': 'at'}, {'data': {'text': ' 1'}, 'type': 'text'}], 'raw_message': '[CQ:at,qq=3827617422] 1', 'font': 0, 'sender': {'user_id': 395642104, 'nickname': '白渊', 'card': '', 'role': 'owner', 'title': '', 'level': ''}}
[2025-01-18 23:52:57][receive_debug]get Shamrock src IP: 192.168.0.150, src port: 37582
[2025-01-18 23:52:57][receive_debug]get command = "1", atme = True
[2025-01-18 23:52:57][receive_debug]当前检测命令drawCardCommand
[2025-01-18 23:52:57][receive_debug]当前检测命令reInitCardPoolCommand
[2025-01-18 23:52:57][receive_debug]当前检测命令stateInfoCommand
[2025-01-18 23:52:57][receive_debug]当前检测命令chuochuoCommand
[2025-01-18 23:52:57][receive_debug]当前检测命令sorryCommand
[2025-01-18 23:52:57][receive_debug]当前检测命令confuseCommand
[2025-01-18 23:52:57][receive_debug]当前检测命令confuseCommand被触发
[2025-01-18 23:52:58][reply_response]:{'status': 'ok', 'retcode': 0, 'data': {'message_id': 685754792, 'time': 1737215576}, 'echo': ''}
[2025-01-18 23:53:05][receive_debug]:curMsgType is groupMsg_normal, the original msg is {'time': 1737215582, 'self_id': 3827617422, 'post_type': 'message', 'message_type': 'group', 'sub_type': 'normal', 'message_id': 346519992, 'group_id': 104491286, 'peer_id': 3827617422, 'user_id': 395642104, 'message': [{'data': {'qq': '3827617422'}, 'type': 'at'}, {'data': {'text': ' \\2343'}, 'type': 'text'}], 'raw_message': '[CQ:at,qq=3827617422] \\2343', 'font': 0, 'sender': {'user_id': 395642104, 'nickname': '白渊', 'card': '', 'role': 'owner', 'title': '', 'level': ''}}
[2025-01-18 23:53:05][receive_debug]get Shamrock src IP: 192.168.0.150, src port: 47554
[2025-01-18 23:53:05][receive_debug]get command = "\2343", atme = True
[2025-01-18 23:53:05][receive_debug]当前检测命令drawCardCommand
[2025-01-18 23:53:05][receive_debug]当前检测命令reInitCardPoolCommand
[2025-01-18 23:53:05][receive_debug]当前检测命令stateInfoCommand
[2025-01-18 23:53:05][receive_debug]当前检测命令chuochuoCommand
[2025-01-18 23:53:05][receive_debug]当前检测命令sorryCommand
[2025-01-18 23:53:05][receive_debug]当前检测命令sorryCommand被触发
[2025-01-18 23:53:06][reply_response]:{'status': 'ok', 'retcode': 0, 'data': {'message_id': 1042642975, 'time': 1737215584}, 'echo': ''}
