===================AUTOTOOL HUB EXPORT LOG 2025_01_15_22_06_31================

[2025-01-15 22:06:31][SenyaHime]启动服务器
[2025-01-15 22:07:43][receive]:the original msg is {'time': 1736949999, 'self_id': 3827617422, 'post_type': 'message', 'message_type': 'private', 'sub_type': 'friend', 'message_id': 540936526, 'target_id': 395642104, 'peer_id': 3827617422, 'user_id': 395642104, 'message': [{'data': {'text': '戳戳'}, 'type': 'text'}], 'raw_message': '戳戳', 'font': 0, 'sender': {'user_id': 395642104, 'nickname': '白渊', 'card': '', 'role': 'member', 'title': '', 'level': ''}}
[2025-01-15 22:07:43][receive]解析出的命令为戳戳
[2025-01-15 22:07:47][reply]:{'status': 'ok', 'retcode': 0, 'data': {'message_id': 1115637731, 'time': 1736950064}, 'echo': ''}
[2025-01-15 22:08:02][receive]:the original msg is {'time': 1736950081, 'self_id': 3827617422, 'post_type': 'message', 'message_type': 'private', 'sub_type': 'friend', 'message_id': 1811130964, 'target_id': 395642104, 'peer_id': 3827617422, 'user_id': 395642104, 'message': [{'data': {'text': '戳戳'}, 'type': 'text'}], 'raw_message': '戳戳', 'font': 0, 'sender': {'user_id': 395642104, 'nickname': '白渊', 'card': '', 'role': 'member', 'title': '', 'level': ''}}
[2025-01-15 22:08:02][receive]解析出的命令为戳戳
[2025-01-15 22:08:06][reply]:{'status': 'ok', 'retcode': 0, 'data': {'message_id': 1911432881, 'time': 1736950083}, 'echo': ''}
[2025-01-15 22:08:25][receive]:the original msg is {'time': 1736950103, 'self_id': 3827617422, 'post_type': 'message', 'message_type': 'group', 'sub_type': 'normal', 'message_id': 2081136563, 'group_id': 721950485, 'peer_id': 3827617422, 'user_id': 395642104, 'message': [{'data': {'text': '安卓虚拟机配置成功了, 能用'}, 'type': 'text'}], 'raw_message': '安卓虚拟机配置成功了&#44; 能用', 'font': 0, 'sender': {'user_id': 395642104, 'nickname': 'い愿此愛永恆࿐ེ', 'card': '万里挑一大非酋肝帝', 'role': 'admin', 'title': '', 'level': ''}}
[2025-01-15 22:08:25][receive]解析出的命令为None
[2025-01-15 22:09:08][receive]:the original msg is {'time': 1736950147, 'self_id': 3827617422, 'post_type': 'message', 'message_type': 'private', 'sub_type': 'friend', 'message_id': 1869032430, 'target_id': 395642104, 'peer_id': 3827617422, 'user_id': 395642104, 'message': [{'data': {'text': '测试'}, 'type': 'text'}], 'raw_message': '测试', 'font': 0, 'sender': {'user_id': 395642104, 'nickname': '白渊', 'card': '', 'role': 'member', 'title': '', 'level': ''}}
[2025-01-15 22:09:08][receive]解析出的命令为测试
[2025-01-15 22:09:09][reply]:{'status': 'ok', 'retcode': 0, 'data': {'message_id': 941980915, 'time': 1736950146}, 'echo': ''}
[2025-01-15 22:09:09][Test]:{'status': 'ok', 'retcode': 0, 'data': {'message_id': 1545694529, 'time': 1736950146}, 'echo': ''}
[2025-01-15 22:09:29][receive]:the original msg is {'time': 1736950168, 'self_id': 3827617422, 'post_type': 'message', 'message_type': 'group', 'sub_type': 'normal', 'message_id': 1522818416, 'group_id': 721950485, 'peer_id': 3827617422, 'user_id': 395642104, 'message': [{'data': {'text': '这下不用开安卓模拟器了'}, 'type': 'text'}], 'raw_message': '这下不用开安卓模拟器了', 'font': 0, 'sender': {'user_id': 395642104, 'nickname': 'い愿此愛永恆࿐ེ', 'card': '万里挑一大非酋肝帝', 'role': 'admin', 'title': '', 'level': ''}}
[2025-01-15 22:09:29][receive]解析出的命令为None
[2025-01-15 22:10:12][receive]:the original msg is {'time': 1736950210, 'self_id': 3827617422, 'post_type': 'message', 'message_type': 'private', 'sub_type': 'friend', 'message_id': 770891334, 'target_id': 395642104, 'peer_id': 3827617422, 'user_id': 395642104, 'message': [{'data': {'text': '戳戳'}, 'type': 'text'}], 'raw_message': '戳戳', 'font': 0, 'sender': {'user_id': 395642104, 'nickname': '白渊', 'card': '', 'role': 'member', 'title': '', 'level': ''}}
[2025-01-15 22:10:12][receive]解析出的命令为戳戳
[2025-01-15 22:10:15][reply]:{'status': 'ok', 'retcode': 0, 'data': {'message_id': 2053647730, 'time': 1736950212}, 'echo': ''}
[2025-01-15 22:19:45][receive]:the original msg is {'time': 1736950783, 'self_id': 3827617422, 'post_type': 'message', 'message_type': 'group', 'sub_type': 'normal', 'message_id': 1775416819, 'group_id': 721950485, 'peer_id': 3827617422, 'user_id': 1965615544, 'message': [{'data': {'text': 'tql肝帝'}, 'type': 'text'}], 'raw_message': 'tql肝帝', 'font': 0, 'sender': {'user_id': 1965615544, 'nickname': '山高狐狸野，有姐叫万叶', 'card': '山高狐狸野，有姐叫万叶', 'role': 'member', 'title': '', 'level': ''}}
[2025-01-15 22:19:45][receive]解析出的命令为None
[2025-01-15 22:19:52][receive]:the original msg is {'time': 1736950790, 'self_id': 3827617422, 'post_type': 'message', 'message_type': 'group', 'sub_type': 'normal', 'message_id': 1167209089, 'group_id': 721950485, 'peer_id': 3827617422, 'user_id': 1965615544, 'message': [{'data': {'text': '什么时候能端出来'}, 'type': 'text'}], 'raw_message': '什么时候能端出来', 'font': 0, 'sender': {'user_id': 1965615544, 'nickname': '山高狐狸野，有姐叫万叶', 'card': '山高狐狸野，有姐叫万叶', 'role': 'member', 'title': '', 'level': ''}}
[2025-01-15 22:19:52][receive]解析出的命令为None
[2025-01-15 22:20:09][receive]:the original msg is {'time': 1736950808, 'self_id': 3827617422, 'post_type': 'message', 'message_type': 'group', 'sub_type': 'normal', 'message_id': 1143365306, 'group_id': 721950485, 'peer_id': 3827617422, 'user_id': 395642104, 'message': [{'data': {'text': '还早'}, 'type': 'text'}], 'raw_message': '还早', 'font': 0, 'sender': {'user_id': 395642104, 'nickname': 'い愿此愛永恆࿐ེ', 'card': '万里挑一大非酋肝帝', 'role': 'admin', 'title': '', 'level': ''}}
[2025-01-15 22:20:09][receive]解析出的命令为None
[2025-01-15 22:20:23][receive]:the original msg is {'time': 1736950822, 'self_id': 3827617422, 'post_type': 'message', 'message_type': 'group', 'sub_type': 'normal', 'message_id': 909269822, 'group_id': 721950485, 'peer_id': 3827617422, 'user_id': 395642104, 'message': [{'data': {'text': '至少得两个周吧感觉'}, 'type': 'text'}], 'raw_message': '至少得两个周吧感觉', 'font': 0, 'sender': {'user_id': 395642104, 'nickname': 'い愿此愛永恆࿐ེ', 'card': '万里挑一大非酋肝帝', 'role': 'admin', 'title': '', 'level': ''}}
[2025-01-15 22:20:23][receive]解析出的命令为None
[2025-01-15 22:20:48][receive]:the original msg is {'time': 1736950846, 'self_id': 3827617422, 'post_type': 'message', 'message_type': 'group', 'sub_type': 'normal', 'message_id': 101701211, 'group_id': 721950485, 'peer_id': 3827617422, 'user_id': 395642104, 'message': [{'data': {'text': '把客户端搬到手机上就折腾了一天了'}, 'type': 'text'}], 'raw_message': '把客户端搬到手机上就折腾了一天了', 'font': 0, 'sender': {'user_id': 395642104, 'nickname': 'い愿此愛永恆࿐ེ', 'card': '万里挑一大非酋肝帝', 'role': 'admin', 'title': '', 'level': ''}}
[2025-01-15 22:20:48][receive]解析出的命令为None
[2025-01-15 22:21:00][receive]:the original msg is {'time': 1736950858, 'self_id': 3827617422, 'post_type': 'message', 'message_type': 'group', 'sub_type': 'normal', 'message_id': 849272029, 'group_id': 721950485, 'peer_id': 3827617422, 'user_id': 395642104, 'message': [{'data': {'text': '明天试试把服务器端搬到阿里云上'}, 'type': 'text'}], 'raw_message': '明天试试把服务器端搬到阿里云上', 'font': 0, 'sender': {'user_id': 395642104, 'nickname': 'い愿此愛永恆࿐ེ', 'card': '万里挑一大非酋肝帝', 'role': 'admin', 'title': '', 'level': ''}}
[2025-01-15 22:21:00][receive]解析出的命令为None
[2025-01-15 22:21:30][receive]:the original msg is {'time': 1736950888, 'self_id': 3827617422, 'post_type': 'message', 'message_type': 'group', 'sub_type': 'normal', 'message_id': 255270889, 'group_id': 721950485, 'peer_id': 3827617422, 'user_id': 395642104, 'message': [{'data': {'text': '应该新建一个github项目'}, 'type': 'text'}], 'raw_message': '应该新建一个github项目', 'font': 0, 'sender': {'user_id': 395642104, 'nickname': 'い愿此愛永恆࿐ེ', 'card': '万里挑一大非酋肝帝', 'role': 'admin', 'title': '', 'level': ''}}
[2025-01-15 22:21:30][receive]解析出的命令为None
[2025-01-15 22:25:39][receive]:the original msg is {'time': 1736951113, 'self_id': 3827617422, 'post_type': 'message', 'message_type': 'group', 'sub_type': 'normal', 'message_id': 1920566018, 'group_id': 721950485, 'peer_id': 3827617422, 'user_id': 395642104, 'message': [{'data': {'text': '有的折腾的'}, 'type': 'text'}], 'raw_message': '有的折腾的', 'font': 0, 'sender': {'user_id': 395642104, 'nickname': 'い愿此愛永恆࿐ེ', 'card': '万里挑一大非酋肝帝', 'role': 'admin', 'title': '', 'level': ''}}
[2025-01-15 22:25:39][receive]解析出的命令为None
