===================AUTOTOOL HUB EXPORT LOG 2025_01_21_21_21_41================

[2025-01-21 21:21:41][SenyaHime]Running on ws://192.168.0.107:5700
[2025-01-21 21:21:42][websocketserver]New connection from ('192.168.0.150', 40902)
[2025-01-21 21:21:42][heartbeat]heartbeat lunched
[2025-01-21 21:21:42][websocketserver]Received: {"time":1737465699,"self_id":3827617422,"post_type":"meta_event","meta_event_type":"lifecycle","sub_type":"connect","status":{"self":{"platform":"qq","user_id":3827617422},"online":true,"good":true,"qq.status":"正常"},"interval":15000}

[2025-01-21 21:21:42][receive_debug]:curMsgType is lifecycleMsg, the original msg is {'time': 1737465699, 'self_id': 3827617422, 'post_type': 'meta_event', 'meta_event_type': 'lifecycle', 'sub_type': 'connect', 'status': {'self': {'platform': 'qq', 'user_id': 3827617422}, 'online': True, 'good': True, 'qq.status': '正常'}, 'interval': 15000}
[2025-01-21 21:21:47][heartbeat]try send ping...OK
[2025-01-21 21:21:50][websocketserver]Received: {"time":1737465706,"self_id":3827617422,"post_type":"message","message_type":"private","sub_type":"friend","message_id":739709947,"target_id":395642104,"peer_id":3827617422,"user_id":395642104,"message":[{"data":{"text":"\\戳戳"},"type":"text"}],"raw_message":"\\戳戳","font":0,"sender":{"user_id":395642104,"nickname":"白渊","card":"","role":"member","title":"","level":""}}

[2025-01-21 21:21:50][receive_debug]:curMsgType is privateMsg_normal, the original msg is {'time': 1737465706, 'self_id': 3827617422, 'post_type': 'message', 'message_type': 'private', 'sub_type': 'friend', 'message_id': 739709947, 'target_id': 395642104, 'peer_id': 3827617422, 'user_id': 395642104, 'message': [{'data': {'text': '\\戳戳'}, 'type': 'text'}], 'raw_message': '\\戳戳', 'font': 0, 'sender': {'user_id': 395642104, 'nickname': '白渊', 'card': '', 'role': 'member', 'title': '', 'level': ''}}
[2025-01-21 21:21:52][heartbeat]try send ping...OK
[2025-01-21 21:21:57][heartbeat]try send ping...OK
[2025-01-21 21:22:02][heartbeat]try send ping...OK
[2025-01-21 21:22:07][heartbeat]try send ping...OK
[2025-01-21 21:22:12][heartbeat]try send ping...OK
[2025-01-21 21:22:17][heartbeat]try send ping...OK
[2025-01-21 21:22:22][heartbeat]try send ping...OK
[2025-01-21 21:22:27][heartbeat]try send ping...OK
[2025-01-21 21:22:32][heartbeat]try send ping...OK
[2025-01-21 21:22:37][heartbeat]try send ping...OK
[2025-01-21 21:22:42][heartbeat]try send ping...OK
[2025-01-21 21:22:47][heartbeat]try send ping...OK
[2025-01-21 21:22:52][heartbeat]try send ping...OK
[2025-01-21 21:22:57][websocketserver]Received: {"time":1737465774,"self_id":3827617422,"post_type":"message","message_type":"group","sub_type":"normal","message_id":2032883000,"group_id":721950485,"peer_id":3827617422,"user_id":2182338586,"message":[{"data":{"data":"{\"app\":\"com.tencent.together\",\"bizsrc\":\"\",\"config\":{\"autosize\":0,\"ctime\":1737465774,\"forward\":0,\"token\":\"84f690246836af15523be074047354e0\",\"type\":\"normal\"},\"extra\":{\"app_type\":1,\"appid\":101831532,\"uin\":2182338586},\"meta\":{\"invite\":{\"button\":\"加入一起听歌\",\"cover\":\"http://img.tencentmusic.com/T002R500x500M000000DsOKF01Cxsc.jpg\",\"extra\":{\"aio_media_id\":1737465773952,\"song_id\":\"004MSVWm3iZWai\"},\"summary\":\"君の待つ世界(Short ver.)-Baby Band\",\"title\":\"一起听歌\",\"type\":\"listen\"}},\"prompt\":\"[开启了一起听歌] 君の待つ世界(Short ver.)-Baby Band\",\"ver\":\"0.0.0.1\",\"view\":\"invite\"}"},"type":"json"}],"raw_message":"[CQ:json,data={\"app\":\"com.tencent.together\"&#44;\"bizsrc\":\"\"&#44;\"config\":{\"autosize\":0......(735)

[2025-01-21 21:22:57][receive_debug]:curMsgType is groupMsg_normal, the original msg is {'time': 1737465774, 'self_id': 3827617422, 'post_type': 'message', 'message_type': 'group', 'sub_type': 'normal', 'message_id': 2032883000, 'group_id': 721950485, 'peer_id': 3827617422, 'user_id': 2182338586, 'message': [{'data': {'data': '{"app":"com.tencent.together","bizsrc":"","config":{"autosize":0,"ctime":1737465774,"forward":0,"token":"84f690246836af15523be074047354e0","type":"normal"},"extra":{"app_type":1,"appid":101831532,"uin":2182338586},"meta":{"invite":{"button":"加入一起听歌","cover":"http://img.tencentmusic.com/T002R500x500M000000DsOKF01Cxsc.jpg","extra":{"aio_media_id":1737465773952,"song_id":"004MSVWm3iZWai"},"summary":"君の待つ世界(Short ver.)-Baby Band","title":"一起听歌","type":"listen"}},"prompt":"[开启了一起听歌] 君の待つ世界(Short ver.)-Baby Band","ver":"0.0.0.1","view":"invite"}'}, 'type': 'json'}], 'raw_message': '[CQ:json,data={"app":"com.tencent.together"&#44;"bizsrc":""&#44;"config":{"autosize":0&#44;"ctime":1737465774......(662)

[2025-01-21 21:22:57][heartbeat]try send ping...OK
[2025-01-21 21:23:02][heartbeat]try send ping...OK
[2025-01-21 21:23:07][heartbeat]try send ping...OK
[2025-01-21 21:23:12][heartbeat]try send ping...OK
[2025-01-21 21:23:17][heartbeat]try send ping...OK
[2025-01-21 21:23:22][heartbeat]try send ping...OK
[2025-01-21 21:23:27][heartbeat]try send ping...OK
[2025-01-21 21:23:32][heartbeat]try send ping...OK
[2025-01-21 21:23:38][heartbeat]try send ping...OK
[2025-01-21 21:23:43][heartbeat]try send ping...OK
[2025-01-21 21:23:48][heartbeat]try send ping...OK
[2025-01-21 21:23:53][heartbeat]try send ping...OK
[2025-01-21 21:23:58][heartbeat]try send ping...OK
[2025-01-21 21:24:03][heartbeat]try send ping...OK
[2025-01-21 21:24:08][heartbeat]try send ping...OK
[2025-01-21 21:24:13][heartbeat]try send ping...OK
[2025-01-21 21:24:16][SenyaHime]Server stopped.
