===================AUTOTOOL HUB EXPORT LOG 2025_01_23_01_09_05================

[2025-01-23 01:09:05][SenyaHime]Running on ws://192.168.0.107:5700
[2025-01-23 01:09:06][websocketserver]New connection from ('192.168.0.150', 37046)
[2025-01-23 01:09:06][heartbeat]heartbeat lunched
[2025-01-23 01:09:06][websocketserver]Received: {"time":1737565742,"self_id":3827617422,"post_type":"meta_event","meta_event_type":"lifecycle","sub_type":"connect","status":{"self":{"platform":"qq","user_id":3827617422},"online":true,"good":true,"qq.status":"正常"},"interval":15000}

[2025-01-23 01:09:06][receive_debug]:curMsgType is lifecycleMsg, the original msg is {'time': 1737565742, 'self_id': 3827617422, 'post_type': 'meta_event', 'meta_event_type': 'lifecycle', 'sub_type': 'connect', 'status': {'self': {'platform': 'qq', 'user_id': 3827617422}, 'online': True, 'good': True, 'qq.status': '正常'}, 'interval': 15000}
[2025-01-23 01:09:09][websocketserver]Received: {"time":1737565745,"self_id":3827617422,"post_type":"message","message_type":"private","sub_type":"friend","message_id":610858564,"target_id":395642104,"peer_id":3827617422,"user_id":395642104,"message":[{"data":{"text":"晚安"},"type":"text"}],"raw_message":"晚安","font":0,"sender":{"user_id":395642104,"nickname":"白渊","card":"","role":"member","title":"","level":""}}

[2025-01-23 01:09:09][receive_debug]:curMsgType is privateMsg_normal, the original msg is {'time': 1737565745, 'self_id': 3827617422, 'post_type': 'message', 'message_type': 'private', 'sub_type': 'friend', 'message_id': 610858564, 'target_id': 395642104, 'peer_id': 3827617422, 'user_id': 395642104, 'message': [{'data': {'text': '晚安'}, 'type': 'text'}], 'raw_message': '晚安', 'font': 0, 'sender': {'user_id': 395642104, 'nickname': '白渊', 'card': '', 'role': 'member', 'title': '', 'level': ''}}
[2025-01-23 01:09:09][resolve_debug]cur user is "395642104"
[2025-01-23 01:09:09][resolve_debug]user_id 存在于用户集中为 "True"
[2025-01-23 01:09:09][resolve_debug]cmd "wananCommand" triggered

[2025-01-23 01:09:09][websocketserver]Posed: {'action': 'send_private_msg', 'echo': ' ', 'params': {'access_token': 'guzhaoqiaoqiaoa1', 'user_id': 395642104, 'message': [{'type': 'reply', 'data': {'id': 610858564}}, {'type': 'text', 'data': {'text': '晚安主人, 祝您好梦哦'}}]}}

[2025-01-23 01:09:09][websocketserver]Received: {"status":"ok","retcode":0,"data":{"message_id":547887188,"time":1737565745},"echo":" "}

[2025-01-23 01:09:09][receive_debug]:curMsgType is responseMsg, the original msg is {'status': 'ok', 'retcode': 0, 'data': {'message_id': 547887188, 'time': 1737565745}, 'echo': ' '}
[2025-01-23 01:09:11][heartbeat]try send ping...OK
[2025-01-23 01:09:16][heartbeat]try send ping...OK
[2025-01-23 01:09:17][websocketserver]Received: {"time":1737565753,"self_id":3827617422,"post_type":"message","message_type":"private","sub_type":"friend","message_id":2022111145,"target_id":395642104,"peer_id":3827617422,"user_id":395642104,"message":[{"data":{"text":"摸小穴"},"type":"text"}],"raw_message":"摸小穴","font":0,"sender":{"user_id":395642104,"nickname":"白渊","card":"","role":"member","title":"","level":""}}

[2025-01-23 01:09:17][receive_debug]:curMsgType is privateMsg_normal, the original msg is {'time': 1737565753, 'self_id': 3827617422, 'post_type': 'message', 'message_type': 'private', 'sub_type': 'friend', 'message_id': 2022111145, 'target_id': 395642104, 'peer_id': 3827617422, 'user_id': 395642104, 'message': [{'data': {'text': '摸小穴'}, 'type': 'text'}], 'raw_message': '摸小穴', 'font': 0, 'sender': {'user_id': 395642104, 'nickname': '白渊', 'card': '', 'role': 'member', 'title': '', 'level': ''}}
[2025-01-23 01:09:17][resolve_debug]cur user is "395642104"
[2025-01-23 01:09:17][resolve_debug]user_id 存在于用户集中为 "True"
[2025-01-23 01:09:17][resolve_debug]cmd "touchSensitiveCammand" triggered

[2025-01-23 01:09:17][websocketserver]Posed: {'action': 'send_private_msg', 'echo': ' ', 'params': {'access_token': 'guzhaoqiaoqiaoa1', 'user_id': 395642104, 'message': [{'type': 'text', 'data': {'text': '这种行为有点太过分了，主人还是停下吧。'}}, {'type': 'text', 'data': {'text': '\nFavor added: -193, 变态主人 好感度已经降低到"普通"了哦'}}]}}

[2025-01-23 01:09:17][websocketserver]Received: {"status":"ok","retcode":0,"data":{"message_id":82677904,"time":1737565753},"echo":" "}

[2025-01-23 01:09:17][receive_debug]:curMsgType is responseMsg, the original msg is {'status': 'ok', 'retcode': 0, 'data': {'message_id': 82677904, 'time': 1737565753}, 'echo': ' '}
[2025-01-23 01:09:21][heartbeat]try send ping...OK
[2025-01-23 01:09:26][heartbeat]try send ping...OK
[2025-01-23 01:09:31][heartbeat]try send ping...OK
[2025-01-23 01:09:36][heartbeat]try send ping...OK
[2025-01-23 01:09:41][heartbeat]try send ping...OK
[2025-01-23 01:09:46][websocketserver]Received: {"time":1737565781,"self_id":3827617422,"post_type":"message","message_type":"private","sub_type":"friend","message_id":1137559191,"target_id":395642104,"peer_id":3827617422,"user_id":395642104,"message":[{"data":{"text":"摸头"},"type":"text"}],"raw_message":"摸头","font":0,"sender":{"user_id":395642104,"nickname":"白渊","card":"","role":"member","title":"","level":""}}

[2025-01-23 01:09:46][receive_debug]:curMsgType is privateMsg_normal, the original msg is {'time': 1737565781, 'self_id': 3827617422, 'post_type': 'message', 'message_type': 'private', 'sub_type': 'friend', 'message_id': 1137559191, 'target_id': 395642104, 'peer_id': 3827617422, 'user_id': 395642104, 'message': [{'data': {'text': '摸头'}, 'type': 'text'}], 'raw_message': '摸头', 'font': 0, 'sender': {'user_id': 395642104, 'nickname': '白渊', 'card': '', 'role': 'member', 'title': '', 'level': ''}}
[2025-01-23 01:09:46][resolve_debug]cur user is "395642104"
[2025-01-23 01:09:46][resolve_debug]user_id 存在于用户集中为 "True"
[2025-01-23 01:09:46][resolve_debug]cmd "touchHeadCammand" triggered

[2025-01-23 01:09:46][websocketserver]Posed: {'action': 'send_private_msg', 'echo': ' ', 'params': {'access_token': 'guzhaoqiaoqiaoa1', 'user_id': 395642104, 'message': [{'type': 'text', 'data': {'text': '啊，主人摸了这么久，是觉得千夜像猫咪吗？'}}, {'type': 'text', 'data': {'text': '\nFavor added: 33'}}]}}

[2025-01-23 01:09:46][websocketserver]Received: {"status":"ok","retcode":0,"data":{"message_id":925433451,"time":1737565782},"echo":" "}

[2025-01-23 01:09:46][receive_debug]:curMsgType is responseMsg, the original msg is {'status': 'ok', 'retcode': 0, 'data': {'message_id': 925433451, 'time': 1737565782}, 'echo': ' '}
[2025-01-23 01:09:46][heartbeat]try send ping...OK
[2025-01-23 01:09:51][heartbeat]try send ping...OK
[2025-01-23 01:09:56][heartbeat]try send ping...OK
[2025-01-23 01:10:01][heartbeat]try send ping...OK
[2025-01-23 01:10:06][heartbeat]try send ping...OK
[2025-01-23 01:10:11][heartbeat]try send ping...OK
[2025-01-23 01:10:16][heartbeat]try send ping...OK
[2025-01-23 01:10:21][heartbeat]try send ping...OK
[2025-01-23 01:10:26][heartbeat]try send ping...OK
[2025-01-23 01:10:31][heartbeat]try send ping...OK
[2025-01-23 01:10:36][heartbeat]try send ping...OK
[2025-01-23 01:10:41][heartbeat]try send ping...OK
[2025-01-23 01:10:46][heartbeat]try send ping...OK
[2025-01-23 01:10:51][heartbeat]try send ping...OK
[2025-01-23 01:10:57][heartbeat]try send ping...OK
[2025-01-23 01:11:02][heartbeat]try send ping...OK
[2025-01-23 01:11:07][heartbeat]try send ping...OK
[2025-01-23 01:11:07][websocketserver]Received: {"time":1737565862,"self_id":3827617422,"post_type":"message","message_type":"group","sub_type":"normal","message_id":200486761,"group_id":104491286,"peer_id":3827617422,"user_id":395642104,"message":[{"data":{"qq":"3827617422"},"type":"at"},{"data":{"text":" "},"type":"text"}],"raw_message":"[CQ:at,qq=3827617422] ","font":0,"sender":{"user_id":395642104,"nickname":"白渊","card":"","role":"owner","title":"","level":""}}

[2025-01-23 01:11:07][receive_debug]:curMsgType is groupMsg_normal, the original msg is {'time': 1737565862, 'self_id': 3827617422, 'post_type': 'message', 'message_type': 'group', 'sub_type': 'normal', 'message_id': 200486761, 'group_id': 104491286, 'peer_id': 3827617422, 'user_id': 395642104, 'message': [{'data': {'qq': '3827617422'}, 'type': 'at'}, {'data': {'text': ' '}, 'type': 'text'}], 'raw_message': '[CQ:at,qq=3827617422] ', 'font': 0, 'sender': {'user_id': 395642104, 'nickname': '白渊', 'card': '', 'role': 'owner', 'title': '', 'level': ''}}
[2025-01-23 01:11:07][resolve_debug]cur user is "395642104"
[2025-01-23 01:11:07][resolve_debug]user_id 存在于用户集中为 "True"
[2025-01-23 01:11:07][resolve_debug]cmd "confuseCommand" triggered

[2025-01-23 01:11:07][websocketserver]Posed: {'action': 'send_group_msg', 'echo': ' ', 'params': {'access_token': 'guzhaoqiaoqiaoa1', 'group_id': 104491286, 'message': [{'type': 'reply', 'data': {'id': 200486761}}, {'type': 'text', 'data': {'text': '怎么啦主人, 想小千夜了吗, 要和小千夜聊天, 请输入\\开头的命令哦'}}]}}

[2025-01-23 01:11:07][websocketserver]Received: {"status":"ok","retcode":0,"data":{"message_id":74241905,"time":1737565863},"echo":" "}

[2025-01-23 01:11:07][receive_debug]:curMsgType is responseMsg, the original msg is {'status': 'ok', 'retcode': 0, 'data': {'message_id': 74241905, 'time': 1737565863}, 'echo': ' '}
[2025-01-23 01:11:12][heartbeat]try send ping...OK
[2025-01-23 01:11:17][heartbeat]try send ping...OK
[2025-01-23 01:11:22][heartbeat]try send ping...OK
[2025-01-23 01:11:24][websocketserver]Received: {"time":1737565879,"self_id":3827617422,"post_type":"message","message_type":"group","sub_type":"normal","message_id":1013838575,"group_id":104491286,"peer_id":3827617422,"user_id":395642104,"message":[{"data":{"qq":"3827617422"},"type":"at"},{"data":{"text":" 摸胸"},"type":"text"}],"raw_message":"[CQ:at,qq=3827617422] 摸胸","font":0,"sender":{"user_id":395642104,"nickname":"白渊","card":"","role":"owner","title":"","level":""}}

[2025-01-23 01:11:24][receive_debug]:curMsgType is groupMsg_normal, the original msg is {'time': 1737565879, 'self_id': 3827617422, 'post_type': 'message', 'message_type': 'group', 'sub_type': 'normal', 'message_id': 1013838575, 'group_id': 104491286, 'peer_id': 3827617422, 'user_id': 395642104, 'message': [{'data': {'qq': '3827617422'}, 'type': 'at'}, {'data': {'text': ' 摸胸'}, 'type': 'text'}], 'raw_message': '[CQ:at,qq=3827617422] 摸胸', 'font': 0, 'sender': {'user_id': 395642104, 'nickname': '白渊', 'card': '', 'role': 'owner', 'title': '', 'level': ''}}
[2025-01-23 01:11:24][resolve_debug]cur user is "395642104"
[2025-01-23 01:11:24][resolve_debug]user_id 存在于用户集中为 "True"
[2025-01-23 01:11:24][resolve_debug]cmd "touchSensitiveCammand" triggered

[2025-01-23 01:11:24][websocketserver]Posed: {'action': 'send_group_msg', 'echo': ' ', 'params': {'access_token': 'guzhaoqiaoqiaoa1', 'group_id': 104491286, 'message': [{'type': 'text', 'data': {'text': '主人，这样做真的很让千夜困扰，请不要乱来。'}}, {'type': 'text', 'data': {'text': '\nFavor added: -152, 变态主人 好感度已经降低到"讨厌"了哦'}}]}}

[2025-01-23 01:11:24][websocketserver]Received: {"status":"ok","retcode":0,"data":{"message_id":1570892219,"time":1737565879},"echo":" "}

[2025-01-23 01:11:24][receive_debug]:curMsgType is responseMsg, the original msg is {'status': 'ok', 'retcode': 0, 'data': {'message_id': 1570892219, 'time': 1737565879}, 'echo': ' '}
[2025-01-23 01:11:27][heartbeat]try send ping...OK
[2025-01-23 01:11:32][heartbeat]try send ping...OK
[2025-01-23 01:11:37][heartbeat]try send ping...OK
[2025-01-23 01:11:42][heartbeat]try send ping...OK
[2025-01-23 01:11:47][heartbeat]try send ping...OK
[2025-01-23 01:11:52][heartbeat]try send ping...OK
[2025-01-23 01:11:57][heartbeat]try send ping...OK
[2025-01-23 01:12:02][heartbeat]try send ping...OK
[2025-01-23 01:12:07][heartbeat]try send ping...OK
[2025-01-23 01:12:12][heartbeat]try send ping...OK
[2025-01-23 01:12:17][heartbeat]try send ping...OK
[2025-01-23 01:12:22][heartbeat]try send ping...OK
[2025-01-23 01:12:27][heartbeat]try send ping...OK
[2025-01-23 01:12:32][heartbeat]try send ping...OK
[2025-01-23 01:12:37][heartbeat]try send ping...OK
[2025-01-23 01:12:42][heartbeat]try send ping...OK
[2025-01-23 01:12:47][heartbeat]try send ping...OK
[2025-01-23 01:12:52][heartbeat]try send ping...OK
[2025-01-23 01:12:57][heartbeat]try send ping...OK
[2025-01-23 01:13:02][heartbeat]try send ping...OK
[2025-01-23 01:13:07][heartbeat]try send ping...OK
[2025-01-23 01:13:12][heartbeat]try send ping...OK
[2025-01-23 01:13:17][heartbeat]try send ping...OK
[2025-01-23 01:13:22][heartbeat]try send ping...OK
[2025-01-23 01:13:27][heartbeat]try send ping...OK
[2025-01-23 01:13:32][heartbeat]try send ping...OK
[2025-01-23 01:13:37][heartbeat]try send ping...OK
[2025-01-23 01:13:42][heartbeat]try send ping...OK
[2025-01-23 01:13:47][heartbeat]try send ping...OK
[2025-01-23 01:13:52][heartbeat]try send ping...OK
[2025-01-23 01:13:57][heartbeat]try send ping...OK
[2025-01-23 01:14:02][heartbeat]try send ping...OK
[2025-01-23 01:14:07][heartbeat]try send ping...OK
[2025-01-23 01:14:12][heartbeat]try send ping...OK
[2025-01-23 01:14:17][heartbeat]try send ping...OK
[2025-01-23 01:14:22][heartbeat]try send ping...OK
[2025-01-23 01:14:27][heartbeat]try send ping...OK
[2025-01-23 01:14:32][heartbeat]try send ping...OK
[2025-01-23 01:14:37][heartbeat]try send ping...OK
[2025-01-23 01:14:42][heartbeat]try send ping...OK
[2025-01-23 01:14:47][heartbeat]try send ping...OK
[2025-01-23 01:14:52][heartbeat]try send ping...OK
[2025-01-23 01:14:57][heartbeat]try send ping...OK
[2025-01-23 01:15:02][heartbeat]try send ping...OK
[2025-01-23 01:15:07][heartbeat]try send ping...OK
[2025-01-23 01:15:12][heartbeat]try send ping...OK
[2025-01-23 01:15:17][heartbeat]try send ping...OK
[2025-01-23 01:15:22][heartbeat]try send ping...OK
[2025-01-23 01:15:27][heartbeat]try send ping...OK
[2025-01-23 01:15:32][heartbeat]try send ping...OK
[2025-01-23 01:15:37][heartbeat]try send ping...OK
[2025-01-23 01:15:42][heartbeat]try send ping...OK
[2025-01-23 01:15:47][heartbeat]try send ping...OK
[2025-01-23 01:15:52][heartbeat]try send ping...OK
[2025-01-23 01:15:57][heartbeat]try send ping...OK
[2025-01-23 01:16:02][heartbeat]try send ping...OK
[2025-01-23 01:16:07][heartbeat]try send ping...OK
[2025-01-23 01:16:12][heartbeat]try send ping...OK
[2025-01-23 01:16:17][heartbeat]try send ping...OK
[2025-01-23 01:16:22][heartbeat]try send ping...OK
[2025-01-23 01:16:27][heartbeat]try send ping...OK
[2025-01-23 01:16:32][heartbeat]try send ping...OK
[2025-01-23 01:16:37][heartbeat]try send ping...OK
[2025-01-23 01:16:42][heartbeat]try send ping...OK
[2025-01-23 01:16:47][heartbeat]try send ping...OK
[2025-01-23 01:16:52][heartbeat]try send ping...OK
[2025-01-23 01:16:57][heartbeat]try send ping...OK
[2025-01-23 01:17:02][heartbeat]try send ping...OK
[2025-01-23 01:17:07][heartbeat]try send ping...OK
[2025-01-23 01:17:12][heartbeat]try send ping...OK
[2025-01-23 01:17:17][heartbeat]try send ping...OK
[2025-01-23 01:17:22][heartbeat]try send ping...OK
[2025-01-23 01:17:27][heartbeat]try send ping...OK
[2025-01-23 01:17:32][heartbeat]try send ping...OK
[2025-01-23 01:17:37][heartbeat]try send ping...OK
[2025-01-23 01:17:42][heartbeat]try send ping...OK
[2025-01-23 01:17:47][heartbeat]try send ping...OK
[2025-01-23 01:17:52][heartbeat]try send ping...OK
[2025-01-23 01:17:57][heartbeat]try send ping...OK
[2025-01-23 01:18:02][heartbeat]try send ping...OK
[2025-01-23 01:18:07][heartbeat]try send ping...OK
[2025-01-23 01:18:12][heartbeat]try send ping...OK
[2025-01-23 01:18:17][heartbeat]try send ping...OK
[2025-01-23 01:18:22][heartbeat]try send ping...OK
[2025-01-23 01:18:27][heartbeat]try send ping...OK
[2025-01-23 01:18:32][heartbeat]try send ping...OK
[2025-01-23 01:18:37][heartbeat]try send ping...OK
[2025-01-23 01:18:42][heartbeat]try send ping...OK
[2025-01-23 01:18:45][SenyaHime]Server stopped.
