===================AUTOTOOL HUB EXPORT LOG 2025_01_13_22_38_21================

[2025-01-13 22:38:21][SenyaHime]启动服务器
[2025-01-13 22:38:27][receive]:message_type="group", user_id="395642104", rawMessage=[CQ:at,qq=2854197266] /菜单
[2025-01-13 22:38:27][receive]:message_type="group", user_id="2854197266", rawMessage=[CQ:markdown,content=&#91;&#93;(%7B%22version%22%3A2%7D)
# 邦邦咔邦，老师您好！

  > 功能列表：

  > ➢ &#91;🔮今日运势查询&#93;(mqqapi://aio/inlinecmd?command=%2F%E4%BB%8A%E6%97%A5%E8%BF%90%E5%8A%BF&amp;enter=false&amp;reply=true)

***

  > ➢ &#91;🌦️查看您所在城市的天气&#93;(mqqapi://aio/inlinecmd?command=%2F%E5%A4%A9%E6%B0%94%20&amp;enter=false&amp;reply=true)

***

  > ➢ &#91;💞查看今天的老婆群友&#93;(mqqapi://aio/inlinecmd?command=%2Fwife&amp;enter=false&amp;reply=true)

***

  > ➢ &#91;🥳随机ba表情包&#93;(mqqapi://aio/inlinecmd?command=%2Fba%E8%A1%A8%E6%83%85%E5%8C%85&amp;enter=false&amp;reply=true)

***

  > ➢ &#91;🖼️随机ba图片&#93;(mqqapi://aio/inlinecmd?command=%2F%E5%9B%BE%E5%9B%BE&amp;enter=false&amp;reply=true)

***

  > ➢ &#91;💬生成momotalk对话&#93;(mqqapi://aio/inlinecmd?command=%2Ftalk%20&amp;enter=false&amp;reply=true)

***

  > ➢ &#91;🌈随机ba漫画&#93;(mqqapi://aio/inlinecmd?command=%2F%E6%8A%BD%E6%BC%AB%E7%94%BB&amp;enter=false&amp;reply=true)

***

  > ➢ &#91;💫生成ba标题风格的图片&#93;(mqqapi://aio/inlinecmd?command=%2Fbalogo%20&amp;enter=false&amp;reply=true)

   ***

  ]@白渊 
邦邦咔邦，老师您好！

  > 功能列表：

  > ➢ 🔮今日运势查询

  > ➢ 🌦️查看您所在城市的天气

  > ➢ 💞查看今天的老婆群友

  > ➢ 🥳随机ba表情包

  > ➢ 🖼️随机ba图片

  > ➢ 💬生成momotalk对话

  > ➢ 🌈随机ba漫画

  > ➢ 💫生成ba标题风格的图片

   

  
[2025-01-13 22:40:55][receive]:message_type="group", user_id="395642104", rawMessage=[CQ:reply,id=2103915571][CQ:at,qq=2854197266] /今日运势 
[2025-01-13 22:40:57][receive]:message_type="group", user_id="2854197266", rawMessage=[CQ:markdown,content=&#91;&#93;(%7B%22version%22%3A2%7D)
&#91;@白渊&#93;(mqqapi://markdown/mention?at_type=1&amp;at_tinyid=395642104)
您的今日运势为：
***中吉+官运***
#★★★★★☆☆
> 杨柳遇春，绿叶发枝，冲破难关，一举成名
***
> 新生泰运顺行舟，排除万难总无忧，成功繁荣四海明，荣华富贵好前程。
> !&#91;img #119px #230px&#93;(https://qqbot.ugcimg.cn/102062652/56a79dfdded86c91ec84f8e715f92125212d861a/457ecb96724bd01a3e49537afb323ce9)
> 仅供娱乐|相信科学|请勿迷信]@白渊 
@白渊 
您的今日运势为：
中吉+官运
★★★★★☆☆
> 杨柳遇春，绿叶发枝，冲破难关，一举成名
***
> 新生泰运顺行舟，排除万难总无忧，成功繁荣四海明，荣华富贵好前程。
>> 仅供娱乐|相信科学|请勿迷信
