===================AUTOTOOL HUB EXPORT LOG 2025_01_23_02_16_48================

[2025-01-23 02:16:48][update]all user updated
[2025-01-23 02:16:48][SenyaHime]Running on ws://192.168.0.107:5700
[2025-01-23 02:16:51][websocketserver]New connection from ('192.168.0.150', 49764)
[2025-01-23 02:16:51][heartbeat]heartbeat lunched
[2025-01-23 02:16:51][websocketserver]Received: {"time":1737569807,"self_id":3827617422,"post_type":"meta_event","meta_event_type":"lifecycle","sub_type":"connect","status":{"self":{"platform":"qq","user_id":3827617422},"online":true,"good":true,"qq.status":"正常"},"interval":15000}

[2025-01-23 02:16:51][receive_debug]:curMsgType is lifecycleMsg, the original msg is {'time': 1737569807, 'self_id': 3827617422, 'post_type': 'meta_event', 'meta_event_type': 'lifecycle', 'sub_type': 'connect', 'status': {'self': {'platform': 'qq', 'user_id': 3827617422}, 'online': True, 'good': True, 'qq.status': '正常'}, 'interval': 15000}
[2025-01-23 02:16:56][heartbeat]try send ping...OK
[2025-01-23 02:17:01][heartbeat]try send ping...OK
[2025-01-23 02:17:03][websocketserver]Received: {"time":1737569819,"self_id":3827617422,"post_type":"message","message_type":"group","sub_type":"normal","message_id":1083400291,"group_id":721950485,"peer_id":3827617422,"user_id":2182338586,"message":[{"data":{"text":"点点秋雨绵绵"},"type":"text"}],"raw_message":"点点秋雨绵绵","font":0,"sender":{"user_id":2182338586,"nickname":"爱转圈圈的黑塔","card":"","role":"member","title":"","level":""}}

[2025-01-23 02:17:03][receive_debug]:curMsgType is groupMsg_normal, the original msg is {'time': 1737569819, 'self_id': 3827617422, 'post_type': 'message', 'message_type': 'group', 'sub_type': 'normal', 'message_id': 1083400291, 'group_id': 721950485, 'peer_id': 3827617422, 'user_id': 2182338586, 'message': [{'data': {'text': '点点秋雨绵绵'}, 'type': 'text'}], 'raw_message': '点点秋雨绵绵', 'font': 0, 'sender': {'user_id': 2182338586, 'nickname': '爱转圈圈的黑塔', 'card': '', 'role': 'member', 'title': '', 'level': ''}}
[2025-01-23 02:17:03][resolve_debug]cur user is "2182338586"
[2025-01-23 02:17:03][resolve_debug]user_id 存在于用户集中为 "True"
[2025-01-23 02:17:06][heartbeat]try send ping...OK
[2025-01-23 02:17:11][heartbeat]try send ping...OK
[2025-01-23 02:17:16][heartbeat]try send ping...OK
[2025-01-23 02:17:21][heartbeat]try send ping...OK
[2025-01-23 02:17:26][heartbeat]try send ping...OK
[2025-01-23 02:17:31][heartbeat]try send ping...OK
[2025-01-23 02:17:36][heartbeat]try send ping...OK
[2025-01-23 02:17:41][heartbeat]try send ping...OK
[2025-01-23 02:17:46][heartbeat]try send ping...OK
[2025-01-23 02:17:51][heartbeat]try send ping...OK
[2025-01-23 02:17:56][heartbeat]try send ping...OK
[2025-01-23 02:17:56][websocketserver]Received: {"time":1737569872,"self_id":3827617422,"post_type":"message","message_type":"group","sub_type":"normal","message_id":1958758464,"group_id":721950485,"peer_id":3827617422,"user_id":2182338586,"message":[{"data":{"text":"点点秋雨漫"},"type":"text"}],"raw_message":"点点秋雨漫","font":0,"sender":{"user_id":2182338586,"nickname":"爱转圈圈的黑塔","card":"","role":"member","title":"","level":""}}

[2025-01-23 02:17:56][receive_debug]:curMsgType is groupMsg_normal, the original msg is {'time': 1737569872, 'self_id': 3827617422, 'post_type': 'message', 'message_type': 'group', 'sub_type': 'normal', 'message_id': 1958758464, 'group_id': 721950485, 'peer_id': 3827617422, 'user_id': 2182338586, 'message': [{'data': {'text': '点点秋雨漫'}, 'type': 'text'}], 'raw_message': '点点秋雨漫', 'font': 0, 'sender': {'user_id': 2182338586, 'nickname': '爱转圈圈的黑塔', 'card': '', 'role': 'member', 'title': '', 'level': ''}}
[2025-01-23 02:17:56][resolve_debug]cur user is "2182338586"
[2025-01-23 02:17:56][resolve_debug]user_id 存在于用户集中为 "True"
[2025-01-23 02:18:01][heartbeat]try send ping...OK
[2025-01-23 02:18:06][heartbeat]try send ping...OK
[2025-01-23 02:18:11][heartbeat]try send ping...OK
[2025-01-23 02:18:16][heartbeat]try send ping...OK
[2025-01-23 02:18:21][heartbeat]try send ping...OK
[2025-01-23 02:18:26][heartbeat]try send ping...OK
[2025-01-23 02:18:31][heartbeat]try send ping...OK
[2025-01-23 02:18:36][heartbeat]try send ping...OK
[2025-01-23 02:18:41][heartbeat]try send ping...OK
[2025-01-23 02:18:46][heartbeat]try send ping...OK
[2025-01-23 02:18:51][heartbeat]try send ping...OK
[2025-01-23 02:18:56][heartbeat]try send ping...OK
[2025-01-23 02:19:01][heartbeat]try send ping...OK
[2025-01-23 02:19:06][heartbeat]try send ping...OK
[2025-01-23 02:19:11][heartbeat]try send ping...OK
[2025-01-23 02:19:16][heartbeat]try send ping...OK
[2025-01-23 02:19:21][heartbeat]try send ping...OK
[2025-01-23 02:19:26][heartbeat]try send ping...OK
[2025-01-23 02:19:31][heartbeat]try send ping...OK
[2025-01-23 02:19:36][heartbeat]try send ping...OK
[2025-01-23 02:19:41][heartbeat]try send ping...OK
[2025-01-23 02:19:46][heartbeat]try send ping...OK
[2025-01-23 02:19:51][heartbeat]try send ping...OK
[2025-01-23 02:19:56][heartbeat]try send ping...OK
[2025-01-23 02:20:01][heartbeat]try send ping...OK
[2025-01-23 02:20:06][heartbeat]try send ping...OK
[2025-01-23 02:20:11][heartbeat]try send ping...OK
[2025-01-23 02:20:16][heartbeat]try send ping...OK
[2025-01-23 02:20:21][heartbeat]try send ping...OK
[2025-01-23 02:20:26][heartbeat]try send ping...OK
[2025-01-23 02:20:31][heartbeat]try send ping...OK
[2025-01-23 02:20:36][heartbeat]try send ping...OK
[2025-01-23 02:20:41][heartbeat]try send ping...OK
[2025-01-23 02:20:46][heartbeat]try send ping...OK
[2025-01-23 02:20:51][heartbeat]try send ping...OK
[2025-01-23 02:20:56][heartbeat]try send ping...OK
[2025-01-23 02:21:01][heartbeat]try send ping...OK
[2025-01-23 02:21:06][heartbeat]try send ping...OK
[2025-01-23 02:21:11][heartbeat]try send ping...OK
[2025-01-23 02:21:16][heartbeat]try send ping...OK
[2025-01-23 02:21:21][heartbeat]try send ping...OK
[2025-01-23 02:21:26][heartbeat]try send ping...OK
[2025-01-23 02:21:31][heartbeat]try send ping...OK
[2025-01-23 02:21:36][heartbeat]try send ping...OK
[2025-01-23 02:21:41][heartbeat]try send ping...OK
[2025-01-23 02:21:46][heartbeat]try send ping...OK
[2025-01-23 02:21:51][heartbeat]try send ping...OK
[2025-01-23 02:21:56][heartbeat]try send ping...OK
[2025-01-23 02:22:01][heartbeat]try send ping...OK
[2025-01-23 02:22:06][heartbeat]try send ping...OK
[2025-01-23 02:22:11][heartbeat]try send ping...OK
[2025-01-23 02:22:16][heartbeat]try send ping...OK
[2025-01-23 02:22:21][heartbeat]try send ping...OK
[2025-01-23 02:22:26][heartbeat]try send ping...OK
[2025-01-23 02:22:27][websocketserver]Connection closed: no close frame received or sent

[2025-01-23 02:22:31][heartbeat]try send ping...OK
[2025-01-23 02:22:31][heartbeat]heartbeat finished
[2025-01-23 02:24:29][websocketserver]New connection from ('192.168.0.150', 45854)
[2025-01-23 02:24:29][heartbeat]heartbeat lunched
[2025-01-23 02:24:29][websocketserver]Received: {"time":1737570265,"self_id":3827617422,"post_type":"meta_event","meta_event_type":"lifecycle","sub_type":"connect","status":{"self":{"platform":"qq","user_id":3827617422},"online":true,"good":true,"qq.status":"正常"},"interval":15000}

[2025-01-23 02:24:29][receive_debug]:curMsgType is lifecycleMsg, the original msg is {'time': 1737570265, 'self_id': 3827617422, 'post_type': 'meta_event', 'meta_event_type': 'lifecycle', 'sub_type': 'connect', 'status': {'self': {'platform': 'qq', 'user_id': 3827617422}, 'online': True, 'good': True, 'qq.status': '正常'}, 'interval': 15000}
[2025-01-23 02:24:32][websocketserver]Received: {"time":1737570262,"self_id":3827617422,"post_type":"message","message_type":"group","sub_type":"normal","message_id":1604127927,"group_id":721950485,"peer_id":3827617422,"user_id":2182338586,"message":[{"data":{"qq":"1010801806"},"type":"at"},{"data":{"text":" "},"type":"text"}],"raw_message":"[CQ:at,qq=1010801806] ","font":0,"sender":{"user_id":2182338586,"nickname":"爱转圈圈的黑塔","card":"","role":"member","title":"","level":""}}

[2025-01-23 02:24:32][receive_debug]:curMsgType is groupMsg_normal, the original msg is {'time': 1737570262, 'self_id': 3827617422, 'post_type': 'message', 'message_type': 'group', 'sub_type': 'normal', 'message_id': 1604127927, 'group_id': 721950485, 'peer_id': 3827617422, 'user_id': 2182338586, 'message': [{'data': {'qq': '1010801806'}, 'type': 'at'}, {'data': {'text': ' '}, 'type': 'text'}], 'raw_message': '[CQ:at,qq=1010801806] ', 'font': 0, 'sender': {'user_id': 2182338586, 'nickname': '爱转圈圈的黑塔', 'card': '', 'role': 'member', 'title': '', 'level': ''}}
[2025-01-23 02:24:32][resolve_debug]cur user is "2182338586"
[2025-01-23 02:24:32][resolve_debug]user_id 存在于用户集中为 "True"
[2025-01-23 02:24:32][websocketserver]Received: {"time":1737570267,"self_id":3827617422,"post_type":"message","message_type":"group","sub_type":"normal","message_id":1002673679,"group_id":721950485,"peer_id":3827617422,"user_id":2182338586,"message":[{"data":{"file":"075a2b0d5dc8bdab638136c20df1a939","subType":0,"type":"original","url":"http://gchat.qpic.cn/gchatpic_new/0/0-0-075A2B0D5DC8BDAB638136C20DF1A939/0?term=2"},"type":"image"}],"raw_message":"[CQ:image,file=075a2b0d5dc8bdab638136c20df1a939,subType=0,type=original,url=http://gchat.qpic.cn/gchatpic_new/0/0-0-075A2B0D5DC8BDAB638136C20DF1A939/0?term=2]","font":0,"sender":{"user_id":2182338586,"nickname":"爱转圈圈的黑塔","card":"","role":"member","title":"","level":""}}

[2025-01-23 02:24:32][receive_debug]:curMsgType is groupMsg_normal, the original msg is {'time': 1737570267, 'self_id': 3827617422, 'post_type': 'message', 'message_type': 'group', 'sub_type': 'normal', 'message_id': 1002673679, 'group_id': 721950485, 'peer_id': 3827617422, 'user_id': 2182338586, 'message': [{'data': {'file': '075a2b0d5dc8bdab638136c20df1a939', 'subType': 0, 'type': 'original', 'url': 'http://gchat.qpic.cn/gchatpic_new/0/0-0-075A2B0D5DC8BDAB638136C20DF1A939/0?term=2'}, 'type': 'image'}], 'raw_message': '[CQ:image,file=075a2b0d5dc8bdab638136c20df1a939,subType=0,type=original,url=http://gchat.qpic.cn/gchatpic_new/0/0-0-075A2B0D5DC8BDAB638136C20DF1A939/0?term=2]', 'font': 0, 'sender': {'user_id': 2182338586, 'nickname': '爱转圈圈的黑塔', 'card': '', 'role': 'member', 'title': '', 'level': ''}}
[2025-01-23 02:24:32][resolve_debug]cur user is "2182338586"
[2025-01-23 02:24:32][resolve_debug]user_id 存在于用户集中为 "True"
[2025-01-23 02:24:34][heartbeat]try send ping...OK
[2025-01-23 02:24:36][websocketserver]Received: {"time":1737570271,"self_id":3827617422,"post_type":"message","message_type":"group","sub_type":"normal","message_id":1274161095,"group_id":721950485,"peer_id":3827617422,"user_id":2182338586,"message":[{"data":{"text":"遇到大哥了"},"type":"text"}],"raw_message":"遇到大哥了","font":0,"sender":{"user_id":2182338586,"nickname":"爱转圈圈的黑塔","card":"","role":"member","title":"","level":""}}

[2025-01-23 02:24:36][receive_debug]:curMsgType is groupMsg_normal, the original msg is {'time': 1737570271, 'self_id': 3827617422, 'post_type': 'message', 'message_type': 'group', 'sub_type': 'normal', 'message_id': 1274161095, 'group_id': 721950485, 'peer_id': 3827617422, 'user_id': 2182338586, 'message': [{'data': {'text': '遇到大哥了'}, 'type': 'text'}], 'raw_message': '遇到大哥了', 'font': 0, 'sender': {'user_id': 2182338586, 'nickname': '爱转圈圈的黑塔', 'card': '', 'role': 'member', 'title': '', 'level': ''}}
[2025-01-23 02:24:36][resolve_debug]cur user is "2182338586"
[2025-01-23 02:24:36][resolve_debug]user_id 存在于用户集中为 "True"
[2025-01-23 02:24:39][heartbeat]try send ping...OK
[2025-01-23 02:24:43][websocketserver]Received: {"time":1737570279,"self_id":3827617422,"post_type":"message","message_type":"group","sub_type":"normal","message_id":2047243461,"group_id":721950485,"peer_id":3827617422,"user_id":2182338586,"message":[{"data":{"text":"送了3个储存"},"type":"text"}],"raw_message":"送了3个储存","font":0,"sender":{"user_id":2182338586,"nickname":"爱转圈圈的黑塔","card":"","role":"member","title":"","level":""}}

[2025-01-23 02:24:43][receive_debug]:curMsgType is groupMsg_normal, the original msg is {'time': 1737570279, 'self_id': 3827617422, 'post_type': 'message', 'message_type': 'group', 'sub_type': 'normal', 'message_id': 2047243461, 'group_id': 721950485, 'peer_id': 3827617422, 'user_id': 2182338586, 'message': [{'data': {'text': '送了3个储存'}, 'type': 'text'}], 'raw_message': '送了3个储存', 'font': 0, 'sender': {'user_id': 2182338586, 'nickname': '爱转圈圈的黑塔', 'card': '', 'role': 'member', 'title': '', 'level': ''}}
[2025-01-23 02:24:43][resolve_debug]cur user is "2182338586"
[2025-01-23 02:24:43][resolve_debug]user_id 存在于用户集中为 "True"
[2025-01-23 02:24:44][websocketserver]Received: {"time":1737570280,"self_id":3827617422,"post_type":"meta_event","meta_event_type":"heartbeat","sub_type":"connect","status":{"self":{"platform":"qq","user_id":3827617422},"online":true,"good":true,"qq.status":"正常"},"interval":15000}

[2025-01-23 02:24:44][receive_debug]:curMsgType is lifecycleMsg, the original msg is {'time': 1737570280, 'self_id': 3827617422, 'post_type': 'meta_event', 'meta_event_type': 'heartbeat', 'sub_type': 'connect', 'status': {'self': {'platform': 'qq', 'user_id': 3827617422}, 'online': True, 'good': True, 'qq.status': '正常'}, 'interval': 15000}
[2025-01-23 02:24:44][heartbeat]try send ping...OK
[2025-01-23 02:24:49][heartbeat]try send ping...OK
[2025-01-23 02:24:54][heartbeat]try send ping...OK
[2025-01-23 02:24:56][websocketserver]Received: {"time":1737570291,"self_id":3827617422,"post_type":"message","message_type":"group","sub_type":"normal","message_id":1298465060,"group_id":721950485,"peer_id":3827617422,"user_id":2182338586,"message":[{"data":{"text":"想给大哥了"},"type":"text"}],"raw_message":"想给大哥了","font":0,"sender":{"user_id":2182338586,"nickname":"爱转圈圈的黑塔","card":"","role":"member","title":"","level":""}}

[2025-01-23 02:24:56][receive_debug]:curMsgType is groupMsg_normal, the original msg is {'time': 1737570291, 'self_id': 3827617422, 'post_type': 'message', 'message_type': 'group', 'sub_type': 'normal', 'message_id': 1298465060, 'group_id': 721950485, 'peer_id': 3827617422, 'user_id': 2182338586, 'message': [{'data': {'text': '想给大哥了'}, 'type': 'text'}], 'raw_message': '想给大哥了', 'font': 0, 'sender': {'user_id': 2182338586, 'nickname': '爱转圈圈的黑塔', 'card': '', 'role': 'member', 'title': '', 'level': ''}}
[2025-01-23 02:24:56][resolve_debug]cur user is "2182338586"
[2025-01-23 02:24:56][resolve_debug]user_id 存在于用户集中为 "True"
[2025-01-23 02:24:59][websocketserver]Received: {"time":1737570295,"self_id":3827617422,"post_type":"meta_event","meta_event_type":"heartbeat","sub_type":"connect","status":{"self":{"platform":"qq","user_id":3827617422},"online":true,"good":true,"qq.status":"正常"},"interval":15000}

[2025-01-23 02:24:59][receive_debug]:curMsgType is lifecycleMsg, the original msg is {'time': 1737570295, 'self_id': 3827617422, 'post_type': 'meta_event', 'meta_event_type': 'heartbeat', 'sub_type': 'connect', 'status': {'self': {'platform': 'qq', 'user_id': 3827617422}, 'online': True, 'good': True, 'qq.status': '正常'}, 'interval': 15000}
[2025-01-23 02:24:59][heartbeat]try send ping...OK
[2025-01-23 02:25:02][websocketserver]Received: {"time":1737570297,"self_id":3827617422,"post_type":"message","message_type":"group","sub_type":"normal","message_id":1476024221,"group_id":721950485,"peer_id":3827617422,"user_id":2182338586,"message":[{"data":{"file":"46adfa1c12cc08c372a631e0a0b3413a","subType":1,"type":"show","url":"http://gchat.qpic.cn/gchatpic_new/0/0-0-46ADFA1C12CC08C372A631E0A0B3413A/0?term=2"},"type":"image"}],"raw_message":"[CQ:image,file=46adfa1c12cc08c372a631e0a0b3413a,subType=1,type=show,url=http://gchat.qpic.cn/gchatpic_new/0/0-0-46ADFA1C12CC08C372A631E0A0B3413A/0?term=2]","font":0,"sender":{"user_id":2182338586,"nickname":"爱转圈圈的黑塔","card":"","role":"member","title":"","level":""}}

[2025-01-23 02:25:02][receive_debug]:curMsgType is groupMsg_normal, the original msg is {'time': 1737570297, 'self_id': 3827617422, 'post_type': 'message', 'message_type': 'group', 'sub_type': 'normal', 'message_id': 1476024221, 'group_id': 721950485, 'peer_id': 3827617422, 'user_id': 2182338586, 'message': [{'data': {'file': '46adfa1c12cc08c372a631e0a0b3413a', 'subType': 1, 'type': 'show', 'url': 'http://gchat.qpic.cn/gchatpic_new/0/0-0-46ADFA1C12CC08C372A631E0A0B3413A/0?term=2'}, 'type': 'image'}], 'raw_message': '[CQ:image,file=46adfa1c12cc08c372a631e0a0b3413a,subType=1,type=show,url=http://gchat.qpic.cn/gchatpic_new/0/0-0-46ADFA1C12CC08C372A631E0A0B3413A/0?term=2]', 'font': 0, 'sender': {'user_id': 2182338586, 'nickname': '爱转圈圈的黑塔', 'card': '', 'role': 'member', 'title': '', 'level': ''}}
[2025-01-23 02:25:02][resolve_debug]cur user is "2182338586"
[2025-01-23 02:25:02][resolve_debug]user_id 存在于用户集中为 "True"
[2025-01-23 02:25:04][heartbeat]try send ping...OK
[2025-01-23 02:25:09][heartbeat]try send ping...OK
[2025-01-23 02:25:14][websocketserver]Received: {"time":1737570310,"self_id":3827617422,"post_type":"meta_event","meta_event_type":"heartbeat","sub_type":"connect","status":{"self":{"platform":"qq","user_id":3827617422},"online":true,"good":true,"qq.status":"正常"},"interval":15000}

[2025-01-23 02:25:14][receive_debug]:curMsgType is lifecycleMsg, the original msg is {'time': 1737570310, 'self_id': 3827617422, 'post_type': 'meta_event', 'meta_event_type': 'heartbeat', 'sub_type': 'connect', 'status': {'self': {'platform': 'qq', 'user_id': 3827617422}, 'online': True, 'good': True, 'qq.status': '正常'}, 'interval': 15000}
[2025-01-23 02:25:14][heartbeat]try send ping...OK
[2025-01-23 02:25:19][heartbeat]try send ping...OK
[2025-01-23 02:25:24][heartbeat]try send ping...OK
[2025-01-23 02:25:29][websocketserver]Received: {"time":1737570325,"self_id":3827617422,"post_type":"meta_event","meta_event_type":"heartbeat","sub_type":"connect","status":{"self":{"platform":"qq","user_id":3827617422},"online":true,"good":true,"qq.status":"正常"},"interval":15000}

[2025-01-23 02:25:29][receive_debug]:curMsgType is lifecycleMsg, the original msg is {'time': 1737570325, 'self_id': 3827617422, 'post_type': 'meta_event', 'meta_event_type': 'heartbeat', 'sub_type': 'connect', 'status': {'self': {'platform': 'qq', 'user_id': 3827617422}, 'online': True, 'good': True, 'qq.status': '正常'}, 'interval': 15000}
[2025-01-23 02:25:29][heartbeat]try send ping...OK
[2025-01-23 02:25:34][heartbeat]try send ping...OK
[2025-01-23 02:25:39][heartbeat]try send ping...OK
[2025-01-23 02:25:44][websocketserver]Received: {"time":1737570340,"self_id":3827617422,"post_type":"meta_event","meta_event_type":"heartbeat","sub_type":"connect","status":{"self":{"platform":"qq","user_id":3827617422},"online":true,"good":true,"qq.status":"正常"},"interval":15000}

[2025-01-23 02:25:44][receive_debug]:curMsgType is lifecycleMsg, the original msg is {'time': 1737570340, 'self_id': 3827617422, 'post_type': 'meta_event', 'meta_event_type': 'heartbeat', 'sub_type': 'connect', 'status': {'self': {'platform': 'qq', 'user_id': 3827617422}, 'online': True, 'good': True, 'qq.status': '正常'}, 'interval': 15000}
[2025-01-23 02:25:44][heartbeat]try send ping...OK
[2025-01-23 02:25:49][heartbeat]try send ping...OK
[2025-01-23 02:25:54][heartbeat]try send ping...OK
[2025-01-23 02:25:58][websocketserver]Connection closed: no close frame received or sent

[2025-01-23 02:25:59][heartbeat]try send ping...OK
[2025-01-23 02:25:59][heartbeat]heartbeat finished
[2025-01-23 02:26:08][SenyaHime]Server stopped.
