===================AUTOTOOL HUB EXPORT LOG 2025_01_23_01_06_25================

[2025-01-23 01:06:25][SenyaHime]Running on ws://192.168.0.107:5700
[2025-01-23 01:06:25][websocketserver]New connection from ('192.168.0.150', 43440)
[2025-01-23 01:06:25][heartbeat]heartbeat lunched
[2025-01-23 01:06:25][websocketserver]Received: {"time":1737565581,"self_id":3827617422,"post_type":"meta_event","meta_event_type":"lifecycle","sub_type":"connect","status":{"self":{"platform":"qq","user_id":3827617422},"online":true,"good":true,"qq.status":"正常"},"interval":15000}

[2025-01-23 01:06:25][receive_debug]:curMsgType is lifecycleMsg, the original msg is {'time': 1737565581, 'self_id': 3827617422, 'post_type': 'meta_event', 'meta_event_type': 'lifecycle', 'sub_type': 'connect', 'status': {'self': {'platform': 'qq', 'user_id': 3827617422}, 'online': True, 'good': True, 'qq.status': '正常'}, 'interval': 15000}
[2025-01-23 01:06:29][websocketserver]Received: {"time":1737565584,"self_id":3827617422,"post_type":"message","message_type":"private","sub_type":"friend","message_id":890330189,"target_id":395642104,"peer_id":3827617422,"user_id":395642104,"message":[{"data":{"text":"晚安"},"type":"text"}],"raw_message":"晚安","font":0,"sender":{"user_id":395642104,"nickname":"白渊","card":"","role":"member","title":"","level":""}}

[2025-01-23 01:06:29][receive_debug]:curMsgType is privateMsg_normal, the original msg is {'time': 1737565584, 'self_id': 3827617422, 'post_type': 'message', 'message_type': 'private', 'sub_type': 'friend', 'message_id': 890330189, 'target_id': 395642104, 'peer_id': 3827617422, 'user_id': 395642104, 'message': [{'data': {'text': '晚安'}, 'type': 'text'}], 'raw_message': '晚安', 'font': 0, 'sender': {'user_id': 395642104, 'nickname': '白渊', 'card': '', 'role': 'member', 'title': '', 'level': ''}}
[2025-01-23 01:06:29][resolve_debug]cur user is "395642104"
[2025-01-23 01:06:29][resolve_debug]user_id 存在于用户集中为 "True"
[2025-01-23 01:06:29][resolve_debug]error:command.trigger() missing 1 required positional argument: 'self'
[2025-01-23 01:06:30][heartbeat]try send ping...OK
[2025-01-23 01:06:35][heartbeat]try send ping...OK
[2025-01-23 01:06:40][heartbeat]try send ping...OK
[2025-01-23 01:06:45][heartbeat]try send ping...OK
[2025-01-23 01:06:50][heartbeat]try send ping...OK
[2025-01-23 01:06:55][heartbeat]try send ping...OK
[2025-01-23 01:07:00][heartbeat]try send ping...OK
[2025-01-23 01:07:05][heartbeat]try send ping...OK
[2025-01-23 01:07:10][heartbeat]try send ping...OK
[2025-01-23 01:07:15][heartbeat]try send ping...OK
[2025-01-23 01:07:20][heartbeat]try send ping...OK
[2025-01-23 01:07:25][heartbeat]try send ping...OK
[2025-01-23 01:07:30][heartbeat]try send ping...OK
[2025-01-23 01:07:35][heartbeat]try send ping...OK
[2025-01-23 01:07:40][heartbeat]try send ping...OK
[2025-01-23 01:07:45][heartbeat]try send ping...OK
[2025-01-23 01:07:50][heartbeat]try send ping...OK
[2025-01-23 01:07:55][heartbeat]try send ping...OK
[2025-01-23 01:08:00][heartbeat]try send ping...OK
[2025-01-23 01:08:05][heartbeat]try send ping...OK
[2025-01-23 01:08:10][heartbeat]try send ping...OK
[2025-01-23 01:08:15][heartbeat]try send ping...OK
[2025-01-23 01:08:20][heartbeat]try send ping...OK
[2025-01-23 01:08:25][heartbeat]try send ping...OK
[2025-01-23 01:08:30][heartbeat]try send ping...OK
[2025-01-23 01:08:36][heartbeat]try send ping...OK
[2025-01-23 01:08:40][heartbeat]try send ping...OK
[2025-01-23 01:08:46][heartbeat]try send ping...OK
[2025-01-23 01:08:51][heartbeat]try send ping...OK
[2025-01-23 01:08:56][heartbeat]try send ping...OK
[2025-01-23 01:09:01][heartbeat]try send ping...OK
[2025-01-23 01:09:02][SenyaHime]Server stopped.
