===================AUTOTOOL HUB EXPORT LOG 2025_01_19_13_32_09================

[2025-01-19 13:32:09][SenyaHime]Running on ws://192.168.0.107:5700
[2025-01-19 13:32:10][websocketserver]New connection from ('192.168.0.150', 38560)
[2025-01-19 13:32:10][websocketserver]Received: {"time":1737264728,"self_id":3827617422,"post_type":"meta_event","meta_event_type":"lifecycle","sub_type":"connect","status":{"self":{"platform":"qq","user_id":3827617422},"online":true,"good":true,"qq.status":"正常"},"interval":15000}
[2025-01-19 13:32:10][receive_debug]:curMsgType is lifecycleMsg, the original msg is {'time': 1737264728, 'self_id': 3827617422, 'post_type': 'meta_event', 'meta_event_type': 'lifecycle', 'sub_type': 'connect', 'status': {'self': {'platform': 'qq', 'user_id': 3827617422}, 'online': True, 'good': True, 'qq.status': '正常'}, 'interval': 15000}
[2025-01-19 13:32:10][receive_debug]get command = "None", atme = False
[2025-01-19 13:32:12][websocketserver]Received: {"time":1737264728,"self_id":3827617422,"post_type":"message","message_type":"private","sub_type":"friend","message_id":1003498944,"target_id":395642104,"peer_id":3827617422,"user_id":395642104,"message":[{"data":{"text":"123"},"type":"text"}],"raw_message":"123","font":0,"sender":{"user_id":395642104,"nickname":"白渊","card":"","role":"member","title":"","level":""}}
[2025-01-19 13:32:12][receive_debug]:curMsgType is privateMsg_normal, the original msg is {'time': 1737264728, 'self_id': 3827617422, 'post_type': 'message', 'message_type': 'private', 'sub_type': 'friend', 'message_id': 1003498944, 'target_id': 395642104, 'peer_id': 3827617422, 'user_id': 395642104, 'message': [{'data': {'text': '123'}, 'type': 'text'}], 'raw_message': '123', 'font': 0, 'sender': {'user_id': 395642104, 'nickname': '白渊', 'card': '', 'role': 'member', 'title': '', 'level': ''}}
[2025-01-19 13:32:12][receive_debug]get command = "123", atme = True
[2025-01-19 13:32:12][receive_debug]当前检测命令 "confuseCommand" 被触发

[2025-01-19 13:32:12][reply_response]:None
[2025-01-19 13:32:12][websocketserver]Received: {"status":"failed","retcode":10002,"data":{},"message":"不支持的Action","echo":" "}
[2025-01-19 13:32:12][callbackmsg]meet undefined msg, msg is {'status': 'failed', 'retcode': 10002, 'data': {}, 'message': '不支持的Action', 'echo': ' '}
[2025-01-19 13:32:36][websocketserver]Received: {"time":1737264752,"self_id":3827617422,"post_type":"message","message_type":"private","sub_type":"friend","message_id":442157346,"target_id":395642104,"peer_id":3827617422,"user_id":395642104,"message":[{"data":{"text":"\\戳戳"},"type":"text"}],"raw_message":"\\戳戳","font":0,"sender":{"user_id":395642104,"nickname":"白渊","card":"","role":"member","title":"","level":""}}
[2025-01-19 13:32:36][receive_debug]:curMsgType is privateMsg_normal, the original msg is {'time': 1737264752, 'self_id': 3827617422, 'post_type': 'message', 'message_type': 'private', 'sub_type': 'friend', 'message_id': 442157346, 'target_id': 395642104, 'peer_id': 3827617422, 'user_id': 395642104, 'message': [{'data': {'text': '\\戳戳'}, 'type': 'text'}], 'raw_message': '\\戳戳', 'font': 0, 'sender': {'user_id': 395642104, 'nickname': '白渊', 'card': '', 'role': 'member', 'title': '', 'level': ''}}
[2025-01-19 13:32:36][receive_debug]get command = "\戳戳", atme = True
[2025-01-19 13:32:36][receive_debug]当前检测命令 "chuochuoCommand" 被触发

[2025-01-19 13:32:39][reply_response]:None
[2025-01-19 13:32:39][websocketserver]Received: {"status":"failed","retcode":10002,"data":{},"message":"不支持的Action","echo":" "}
[2025-01-19 13:32:39][callbackmsg]meet undefined msg, msg is {'status': 'failed', 'retcode': 10002, 'data': {}, 'message': '不支持的Action', 'echo': ' '}
