===================AUTOTOOL HUB EXPORT LOG 2025_01_20_22_08_17================

[2025-01-20 22:08:17][SenyaHime]Running on ws://192.168.0.107:5700
[2025-01-20 22:08:21][websocketserver]New connection from ('192.168.0.150', 42408)
[2025-01-20 22:08:21][heartbeat]heartbeat lunched
[2025-01-20 22:08:21][websocketserver]Received: {"time":1737382099,"self_id":3827617422,"post_type":"meta_event","meta_event_type":"lifecycle","sub_type":"connect","status":{"self":{"platform":"qq","user_id":3827617422},"online":true,"good":true,"qq.status":"正常"},"interval":15000}

[2025-01-20 22:08:43][websocketserver]Connection closed: no close frame received or sent

[2025-01-20 22:08:46][heartbeat]heartbeat finished
[2025-01-20 22:08:52][websocketserver]New connection from ('192.168.0.150', 38300)
[2025-01-20 22:08:52][heartbeat]heartbeat lunched
[2025-01-20 22:08:52][websocketserver]Received: {"time":1737382130,"self_id":3827617422,"post_type":"meta_event","meta_event_type":"lifecycle","sub_type":"connect","status":{"self":{"platform":"qq","user_id":3827617422},"online":true,"good":true,"qq.status":"正常"},"interval":15000}

[2025-01-20 22:08:55][websocketserver]Received: {"time":1737382103,"self_id":3827617422,"post_type":"message","message_type":"private","sub_type":"friend","message_id":2004878065,"target_id":395642104,"peer_id":3827617422,"user_id":395642104,"message":[{"data":{"text":"测试"},"type":"text"}],"raw_message":"测试","font":0,"sender":{"user_id":395642104,"nickname":"白渊","card":"","role":"member","title":"","level":""}}

[2025-01-20 22:08:55][websocketserver]Posed: {'action': 'send_private_msg', 'echo': ' ', 'params': {'access_token': 'guzhaoqiaoqiaoa1', 'user_id': 395642104, 'message': [{'type': 'reply', 'data': {'id': 2004878065}}, {'type': 'text', 'data': {'text': '对不起主人, 暂不支持直接聊天哦'}}]}}

[2025-01-20 22:08:56][websocketserver]Received: {"status":"ok","retcode":0,"data":{"message_id":1535766766,"time":1737382133},"echo":" "}

[2025-01-20 22:09:07][websocketserver]Received: {"time":1737382144,"self_id":3827617422,"post_type":"meta_event","meta_event_type":"heartbeat","sub_type":"connect","status":{"self":{"platform":"qq","user_id":3827617422},"online":true,"good":true,"qq.status":"正常"},"interval":15000}

[2025-01-20 22:09:13][websocketserver]Received: {"time":1737382150,"self_id":3827617422,"post_type":"message","message_type":"private","sub_type":"friend","message_id":798690645,"target_id":395642104,"peer_id":3827617422,"user_id":395642104,"message":[{"data":{"text":"测试"},"type":"text"}],"raw_message":"测试","font":0,"sender":{"user_id":395642104,"nickname":"白渊","card":"","role":"member","title":"","level":""}}

[2025-01-20 22:09:13][websocketserver]Posed: {'action': 'send_private_msg', 'echo': ' ', 'params': {'access_token': 'guzhaoqiaoqiaoa1', 'user_id': 395642104, 'message': [{'type': 'reply', 'data': {'id': 798690645}}, {'type': 'text', 'data': {'text': '对不起主人, 暂不支持直接聊天哦'}}]}}

[2025-01-20 22:09:14][websocketserver]Received: {"status":"ok","retcode":0,"data":{"message_id":238158581,"time":1737382151},"echo":" "}

[2025-01-20 22:09:22][websocketserver]Received: {"time":1737382159,"self_id":3827617422,"post_type":"meta_event","meta_event_type":"heartbeat","sub_type":"connect","status":{"self":{"platform":"qq","user_id":3827617422},"online":true,"good":true,"qq.status":"正常"},"interval":15000}

[2025-01-20 22:09:37][websocketserver]Received: {"time":1737382174,"self_id":3827617422,"post_type":"meta_event","meta_event_type":"heartbeat","sub_type":"connect","status":{"self":{"platform":"qq","user_id":3827617422},"online":true,"good":true,"qq.status":"正常"},"interval":15000}

[2025-01-20 22:09:52][websocketserver]Received: {"time":1737382189,"self_id":3827617422,"post_type":"meta_event","meta_event_type":"heartbeat","sub_type":"connect","status":{"self":{"platform":"qq","user_id":3827617422},"online":true,"good":true,"qq.status":"正常"},"interval":15000}

[2025-01-20 22:10:07][websocketserver]Received: {"time":1737382204,"self_id":3827617422,"post_type":"meta_event","meta_event_type":"heartbeat","sub_type":"connect","status":{"self":{"platform":"qq","user_id":3827617422},"online":true,"good":true,"qq.status":"正常"},"interval":15000}

[2025-01-20 22:10:22][websocketserver]Received: {"time":1737382219,"self_id":3827617422,"post_type":"meta_event","meta_event_type":"heartbeat","sub_type":"connect","status":{"self":{"platform":"qq","user_id":3827617422},"online":true,"good":true,"qq.status":"正常"},"interval":15000}

[2025-01-20 22:10:37][websocketserver]Received: {"time":1737382234,"self_id":3827617422,"post_type":"meta_event","meta_event_type":"heartbeat","sub_type":"connect","status":{"self":{"platform":"qq","user_id":3827617422},"online":true,"good":true,"qq.status":"正常"},"interval":15000}

[2025-01-20 22:10:47][websocketserver]Received: {"time":1737382244,"self_id":3827617422,"post_type":"message","message_type":"group","sub_type":"normal","message_id":1464941101,"group_id":721950485,"peer_id":3827617422,"user_id":395642104,"message":[{"data":{"text":"虚拟机问题也很大, 时不时就会崩溃一次"},"type":"text"}],"raw_message":"虚拟机问题也很大&#44; 时不时就会崩溃一次","font":0,"sender":{"user_id":395642104,"nickname":"い愿此愛永恆࿐ེ","card":"万里挑一大非酋肝帝","role":"admin","title":"","level":""}}

[2025-01-20 22:10:52][websocketserver]Received: {"time":1737382248,"self_id":3827617422,"post_type":"message","message_type":"group","sub_type":"normal","message_id":759287558,"group_id":721950485,"peer_id":3827617422,"user_id":395642104,"message":[{"data":{"text":"想想有什么办法"},"type":"text"}],"raw_message":"想想有什么办法","font":0,"sender":{"user_id":395642104,"nickname":"い愿此愛永恆࿐ེ","card":"万里挑一大非酋肝帝","role":"admin","title":"","level":""}}

[2025-01-20 22:10:52][websocketserver]Received: {"time":1737382249,"self_id":3827617422,"post_type":"meta_event","meta_event_type":"heartbeat","sub_type":"connect","status":{"self":{"platform":"qq","user_id":3827617422},"online":true,"good":true,"qq.status":"正常"},"interval":15000}

[2025-01-20 22:11:07][websocketserver]Received: {"time":1737382264,"self_id":3827617422,"post_type":"meta_event","meta_event_type":"heartbeat","sub_type":"connect","status":{"self":{"platform":"qq","user_id":3827617422},"online":true,"good":true,"qq.status":"正常"},"interval":15000}

[2025-01-20 22:11:10][websocketserver]Received: {"time":1737382267,"self_id":3827617422,"post_type":"message","message_type":"group","sub_type":"normal","message_id":561021482,"group_id":721950485,"peer_id":3827617422,"user_id":395642104,"message":[{"data":{"text":"不过虚拟机崩溃总比框架崩溃好"},"type":"text"}],"raw_message":"不过虚拟机崩溃总比框架崩溃好","font":0,"sender":{"user_id":395642104,"nickname":"い愿此愛永恆࿐ེ","card":"万里挑一大非酋肝帝","role":"admin","title":"","level":""}}

[2025-01-20 22:11:13][websocketserver]Received: {"time":1737382270,"self_id":3827617422,"post_type":"message","message_type":"group","sub_type":"normal","message_id":1126901240,"group_id":721950485,"peer_id":3827617422,"user_id":395642104,"message":[{"data":{"text":"至少不会被封号"},"type":"text"}],"raw_message":"至少不会被封号","font":0,"sender":{"user_id":395642104,"nickname":"い愿此愛永恆࿐ེ","card":"万里挑一大非酋肝帝","role":"admin","title":"","level":""}}

[2025-01-20 22:11:22][websocketserver]Received: {"time":1737382279,"self_id":3827617422,"post_type":"meta_event","meta_event_type":"heartbeat","sub_type":"connect","status":{"self":{"platform":"qq","user_id":3827617422},"online":true,"good":true,"qq.status":"正常"},"interval":15000}

[2025-01-20 22:11:37][websocketserver]Received: {"time":1737382294,"self_id":3827617422,"post_type":"meta_event","meta_event_type":"heartbeat","sub_type":"connect","status":{"self":{"platform":"qq","user_id":3827617422},"online":true,"good":true,"qq.status":"正常"},"interval":15000}

[2025-01-20 22:11:52][websocketserver]Received: {"time":1737382309,"self_id":3827617422,"post_type":"meta_event","meta_event_type":"heartbeat","sub_type":"connect","status":{"self":{"platform":"qq","user_id":3827617422},"online":true,"good":true,"qq.status":"正常"},"interval":15000}

[2025-01-20 22:12:07][websocketserver]Received: {"time":1737382324,"self_id":3827617422,"post_type":"meta_event","meta_event_type":"heartbeat","sub_type":"connect","status":{"self":{"platform":"qq","user_id":3827617422},"online":true,"good":true,"qq.status":"正常"},"interval":15000}

[2025-01-20 22:12:22][websocketserver]Received: {"time":1737382339,"self_id":3827617422,"post_type":"meta_event","meta_event_type":"heartbeat","sub_type":"connect","status":{"self":{"platform":"qq","user_id":3827617422},"online":true,"good":true,"qq.status":"正常"},"interval":15000}

[2025-01-20 22:12:37][websocketserver]Received: {"time":1737382354,"self_id":3827617422,"post_type":"meta_event","meta_event_type":"heartbeat","sub_type":"connect","status":{"self":{"platform":"qq","user_id":3827617422},"online":true,"good":true,"qq.status":"正常"},"interval":15000}

[2025-01-20 22:12:52][websocketserver]Received: {"time":1737382369,"self_id":3827617422,"post_type":"meta_event","meta_event_type":"heartbeat","sub_type":"connect","status":{"self":{"platform":"qq","user_id":3827617422},"online":true,"good":true,"qq.status":"正常"},"interval":15000}

[2025-01-20 22:13:07][websocketserver]Received: {"time":1737382384,"self_id":3827617422,"post_type":"meta_event","meta_event_type":"heartbeat","sub_type":"connect","status":{"self":{"platform":"qq","user_id":3827617422},"online":true,"good":true,"qq.status":"正常"},"interval":15000}

[2025-01-20 22:13:22][websocketserver]Received: {"time":1737382399,"self_id":3827617422,"post_type":"meta_event","meta_event_type":"heartbeat","sub_type":"connect","status":{"self":{"platform":"qq","user_id":3827617422},"online":true,"good":true,"qq.status":"正常"},"interval":15000}

[2025-01-20 22:13:37][websocketserver]Received: {"time":1737382414,"self_id":3827617422,"post_type":"meta_event","meta_event_type":"heartbeat","sub_type":"connect","status":{"self":{"platform":"qq","user_id":3827617422},"online":true,"good":true,"qq.status":"正常"},"interval":15000}

[2025-01-20 22:13:52][websocketserver]Received: {"time":1737382429,"self_id":3827617422,"post_type":"meta_event","meta_event_type":"heartbeat","sub_type":"connect","status":{"self":{"platform":"qq","user_id":3827617422},"online":true,"good":true,"qq.status":"正常"},"interval":15000}

[2025-01-20 22:14:07][websocketserver]Received: {"time":1737382444,"self_id":3827617422,"post_type":"meta_event","meta_event_type":"heartbeat","sub_type":"connect","status":{"self":{"platform":"qq","user_id":3827617422},"online":true,"good":true,"qq.status":"正常"},"interval":15000}

[2025-01-20 22:14:22][websocketserver]Received: {"time":1737382459,"self_id":3827617422,"post_type":"meta_event","meta_event_type":"heartbeat","sub_type":"connect","status":{"self":{"platform":"qq","user_id":3827617422},"online":true,"good":true,"qq.status":"正常"},"interval":15000}

[2025-01-20 22:14:37][websocketserver]Received: {"time":1737382474,"self_id":3827617422,"post_type":"meta_event","meta_event_type":"heartbeat","sub_type":"connect","status":{"self":{"platform":"qq","user_id":3827617422},"online":true,"good":true,"qq.status":"正常"},"interval":15000}

[2025-01-20 22:14:52][websocketserver]Received: {"time":1737382489,"self_id":3827617422,"post_type":"meta_event","meta_event_type":"heartbeat","sub_type":"connect","status":{"self":{"platform":"qq","user_id":3827617422},"online":true,"good":true,"qq.status":"正常"},"interval":15000}

[2025-01-20 22:15:07][websocketserver]Received: {"time":1737382504,"self_id":3827617422,"post_type":"meta_event","meta_event_type":"heartbeat","sub_type":"connect","status":{"self":{"platform":"qq","user_id":3827617422},"online":true,"good":true,"qq.status":"正常"},"interval":15000}

[2025-01-20 22:15:16][websocketserver]Received: {"time":1737382513,"self_id":3827617422,"post_type":"message","message_type":"private","sub_type":"friend","message_id":1132483202,"target_id":395642104,"peer_id":3827617422,"user_id":395642104,"message":[{"data":{"text":"测试"},"type":"text"}],"raw_message":"测试","font":0,"sender":{"user_id":395642104,"nickname":"白渊","card":"","role":"member","title":"","level":""}}

[2025-01-20 22:15:16][websocketserver]Posed: {'action': 'send_private_msg', 'echo': ' ', 'params': {'access_token': 'guzhaoqiaoqiaoa1', 'user_id': 395642104, 'message': [{'type': 'reply', 'data': {'id': 1132483202}}, {'type': 'text', 'data': {'text': '对不起主人, 暂不支持直接聊天哦'}}]}}

[2025-01-20 22:15:16][websocketserver]Received: {"status":"ok","retcode":0,"data":{"message_id":1132785070,"time":1737382514},"echo":" "}

[2025-01-20 22:15:22][websocketserver]Received: {"time":1737382519,"self_id":3827617422,"post_type":"meta_event","meta_event_type":"heartbeat","sub_type":"connect","status":{"self":{"platform":"qq","user_id":3827617422},"online":true,"good":true,"qq.status":"正常"},"interval":15000}

[2025-01-20 22:15:37][websocketserver]Received: {"time":1737382534,"self_id":3827617422,"post_type":"meta_event","meta_event_type":"heartbeat","sub_type":"connect","status":{"self":{"platform":"qq","user_id":3827617422},"online":true,"good":true,"qq.status":"正常"},"interval":15000}

[2025-01-20 22:15:52][websocketserver]Received: {"time":1737382549,"self_id":3827617422,"post_type":"meta_event","meta_event_type":"heartbeat","sub_type":"connect","status":{"self":{"platform":"qq","user_id":3827617422},"online":true,"good":true,"qq.status":"正常"},"interval":15000}

[2025-01-20 22:16:07][websocketserver]Received: {"time":1737382564,"self_id":3827617422,"post_type":"meta_event","meta_event_type":"heartbeat","sub_type":"connect","status":{"self":{"platform":"qq","user_id":3827617422},"online":true,"good":true,"qq.status":"正常"},"interval":15000}

[2025-01-20 22:16:22][websocketserver]Received: {"time":1737382579,"self_id":3827617422,"post_type":"meta_event","meta_event_type":"heartbeat","sub_type":"connect","status":{"self":{"platform":"qq","user_id":3827617422},"online":true,"good":true,"qq.status":"正常"},"interval":15000}

[2025-01-20 22:16:37][websocketserver]Received: {"time":1737382594,"self_id":3827617422,"post_type":"meta_event","meta_event_type":"heartbeat","sub_type":"connect","status":{"self":{"platform":"qq","user_id":3827617422},"online":true,"good":true,"qq.status":"正常"},"interval":15000}

[2025-01-20 22:16:52][websocketserver]Received: {"time":1737382609,"self_id":3827617422,"post_type":"meta_event","meta_event_type":"heartbeat","sub_type":"connect","status":{"self":{"platform":"qq","user_id":3827617422},"online":true,"good":true,"qq.status":"正常"},"interval":15000}

[2025-01-20 22:17:07][websocketserver]Received: {"time":1737382624,"self_id":3827617422,"post_type":"meta_event","meta_event_type":"heartbeat","sub_type":"connect","status":{"self":{"platform":"qq","user_id":3827617422},"online":true,"good":true,"qq.status":"正常"},"interval":15000}

[2025-01-20 22:17:22][websocketserver]Received: {"time":1737382639,"self_id":3827617422,"post_type":"meta_event","meta_event_type":"heartbeat","sub_type":"connect","status":{"self":{"platform":"qq","user_id":3827617422},"online":true,"good":true,"qq.status":"正常"},"interval":15000}

[2025-01-20 22:17:37][websocketserver]Received: {"time":1737382654,"self_id":3827617422,"post_type":"meta_event","meta_event_type":"heartbeat","sub_type":"connect","status":{"self":{"platform":"qq","user_id":3827617422},"online":true,"good":true,"qq.status":"正常"},"interval":15000}

[2025-01-20 22:17:52][websocketserver]Received: {"time":1737382669,"self_id":3827617422,"post_type":"meta_event","meta_event_type":"heartbeat","sub_type":"connect","status":{"self":{"platform":"qq","user_id":3827617422},"online":true,"good":true,"qq.status":"正常"},"interval":15000}

[2025-01-20 22:18:07][websocketserver]Received: {"time":1737382684,"self_id":3827617422,"post_type":"meta_event","meta_event_type":"heartbeat","sub_type":"connect","status":{"self":{"platform":"qq","user_id":3827617422},"online":true,"good":true,"qq.status":"正常"},"interval":15000}

[2025-01-20 22:18:22][websocketserver]Received: {"time":1737382699,"self_id":3827617422,"post_type":"meta_event","meta_event_type":"heartbeat","sub_type":"connect","status":{"self":{"platform":"qq","user_id":3827617422},"online":true,"good":true,"qq.status":"正常"},"interval":15000}

[2025-01-20 22:18:37][websocketserver]Received: {"time":1737382714,"self_id":3827617422,"post_type":"meta_event","meta_event_type":"heartbeat","sub_type":"connect","status":{"self":{"platform":"qq","user_id":3827617422},"online":true,"good":true,"qq.status":"正常"},"interval":15000}

[2025-01-20 22:18:52][websocketserver]Received: {"time":1737382729,"self_id":3827617422,"post_type":"meta_event","meta_event_type":"heartbeat","sub_type":"connect","status":{"self":{"platform":"qq","user_id":3827617422},"online":true,"good":true,"qq.status":"正常"},"interval":15000}

[2025-01-20 22:19:07][websocketserver]Received: {"time":1737382744,"self_id":3827617422,"post_type":"meta_event","meta_event_type":"heartbeat","sub_type":"connect","status":{"self":{"platform":"qq","user_id":3827617422},"online":true,"good":true,"qq.status":"正常"},"interval":15000}

[2025-01-20 22:19:22][websocketserver]Received: {"time":1737382759,"self_id":3827617422,"post_type":"meta_event","meta_event_type":"heartbeat","sub_type":"connect","status":{"self":{"platform":"qq","user_id":3827617422},"online":true,"good":true,"qq.status":"正常"},"interval":15000}

[2025-01-20 22:19:37][websocketserver]Received: {"time":1737382774,"self_id":3827617422,"post_type":"meta_event","meta_event_type":"heartbeat","sub_type":"connect","status":{"self":{"platform":"qq","user_id":3827617422},"online":true,"good":true,"qq.status":"正常"},"interval":15000}

[2025-01-20 22:19:52][websocketserver]Received: {"time":1737382789,"self_id":3827617422,"post_type":"meta_event","meta_event_type":"heartbeat","sub_type":"connect","status":{"self":{"platform":"qq","user_id":3827617422},"online":true,"good":true,"qq.status":"正常"},"interval":15000}

[2025-01-20 22:20:07][websocketserver]Received: {"time":1737382804,"self_id":3827617422,"post_type":"meta_event","meta_event_type":"heartbeat","sub_type":"connect","status":{"self":{"platform":"qq","user_id":3827617422},"online":true,"good":true,"qq.status":"正常"},"interval":15000}

[2025-01-20 22:20:14][websocketserver]Received: {"time":1737382810,"self_id":3827617422,"post_type":"message","message_type":"group","sub_type":"normal","message_id":927071122,"group_id":721950485,"peer_id":3827617422,"user_id":3102684670,"message":[{"data":{"id":184496167},"type":"reply"},{"data":{"qq":"2874851873"},"type":"at"},{"data":{"text":" ？真假啊"},"type":"text"}],"raw_message":"[CQ:reply,id=184496167][CQ:at,qq=2874851873] ？真假啊","font":0,"sender":{"user_id":3102684670,"nickname":"小秋（超级摸鱼王版本）","card":"小秋（超级摸鱼王版本）","role":"member","title":"","level":""}}

[2025-01-20 22:20:17][websocketserver]Received: {"time":1737382814,"self_id":3827617422,"post_type":"message","message_type":"group","sub_type":"normal","message_id":830583408,"group_id":721950485,"peer_id":3827617422,"user_id":3102684670,"message":[{"data":{"text":"这么离谱"},"type":"text"}],"raw_message":"这么离谱","font":0,"sender":{"user_id":3102684670,"nickname":"小秋（超级摸鱼王版本）","card":"小秋（超级摸鱼王版本）","role":"member","title":"","level":""}}

[2025-01-20 22:20:19][websocketserver]Received: {"time":1737382816,"self_id":3827617422,"post_type":"message","message_type":"group","sub_type":"normal","message_id":1970071144,"group_id":721950485,"peer_id":3827617422,"user_id":3102684670,"message":[{"data":{"text":"吗"},"type":"text"}],"raw_message":"吗","font":0,"sender":{"user_id":3102684670,"nickname":"小秋（超级摸鱼王版本）","card":"小秋（超级摸鱼王版本）","role":"member","title":"","level":""}}

[2025-01-20 22:20:22][websocketserver]Received: {"time":1737382819,"self_id":3827617422,"post_type":"meta_event","meta_event_type":"heartbeat","sub_type":"connect","status":{"self":{"platform":"qq","user_id":3827617422},"online":true,"good":true,"qq.status":"正常"},"interval":15000}

[2025-01-20 22:20:37][websocketserver]Received: {"time":1737382834,"self_id":3827617422,"post_type":"meta_event","meta_event_type":"heartbeat","sub_type":"connect","status":{"self":{"platform":"qq","user_id":3827617422},"online":true,"good":true,"qq.status":"正常"},"interval":15000}

[2025-01-20 22:20:49][websocketserver]Received: {"time":1737382845,"self_id":3827617422,"post_type":"message","message_type":"group","sub_type":"normal","message_id":1101670264,"group_id":721950485,"peer_id":3827617422,"user_id":2874851873,"message":[{"data":{"text":"不知道，感觉像瞎编的"},"type":"text"}],"raw_message":"不知道，感觉像瞎编的","font":0,"sender":{"user_id":2874851873,"nickname":"琪亚娜，出击！","card":"琪亚娜，出击！","role":"member","title":"","level":""}}

[2025-01-20 22:20:52][websocketserver]Received: {"time":1737382849,"self_id":3827617422,"post_type":"meta_event","meta_event_type":"heartbeat","sub_type":"connect","status":{"self":{"platform":"qq","user_id":3827617422},"online":true,"good":true,"qq.status":"正常"},"interval":15000}

[2025-01-20 22:21:07][websocketserver]Received: {"time":1737382864,"self_id":3827617422,"post_type":"meta_event","meta_event_type":"heartbeat","sub_type":"connect","status":{"self":{"platform":"qq","user_id":3827617422},"online":true,"good":true,"qq.status":"正常"},"interval":15000}

[2025-01-20 22:21:22][websocketserver]Received: {"time":1737382879,"self_id":3827617422,"post_type":"meta_event","meta_event_type":"heartbeat","sub_type":"connect","status":{"self":{"platform":"qq","user_id":3827617422},"online":true,"good":true,"qq.status":"正常"},"interval":15000}

[2025-01-20 22:21:37][websocketserver]Received: {"time":1737382894,"self_id":3827617422,"post_type":"meta_event","meta_event_type":"heartbeat","sub_type":"connect","status":{"self":{"platform":"qq","user_id":3827617422},"online":true,"good":true,"qq.status":"正常"},"interval":15000}

[2025-01-20 22:21:46][websocketserver]Received: {"time":1737382902,"self_id":3827617422,"post_type":"message","message_type":"group","sub_type":"normal","message_id":1118938640,"group_id":721950485,"peer_id":3827617422,"user_id":3102684670,"message":[{"data":{"text":"逆天了这个"},"type":"text"}],"raw_message":"逆天了这个","font":0,"sender":{"user_id":3102684670,"nickname":"小秋（超级摸鱼王版本）","card":"小秋（超级摸鱼王版本）","role":"member","title":"","level":""}}

[2025-01-20 22:21:52][websocketserver]Received: {"time":1737382909,"self_id":3827617422,"post_type":"meta_event","meta_event_type":"heartbeat","sub_type":"connect","status":{"self":{"platform":"qq","user_id":3827617422},"online":true,"good":true,"qq.status":"正常"},"interval":15000}

[2025-01-20 22:21:56][websocketserver]Received: {"time":1737382913,"self_id":3827617422,"post_type":"message","message_type":"group","sub_type":"normal","message_id":1761508506,"group_id":721950485,"peer_id":3827617422,"user_id":507538712,"message":[{"data":{"file":"fb310d57cd8eb2760fef12d729220c35","subType":0,"type":"show","url":"http://gchat.qpic.cn/gchatpic_new/0/0-0-FB310D57CD8EB2760FEF12D729220C35/0?term=2"},"type":"image"}],"raw_message":"[CQ:image,file=fb310d57cd8eb2760fef12d729220c35,subType=0,type=show,url=http://gchat.qpic.cn/gchatpic_new/0/0-0-FB310D57CD8EB2760FEF12D729220C35/0?term=2]","font":0,"sender":{"user_id":507538712,"nickname":"夏灬扇","card":"","role":"member","title":"","level":""}}

[2025-01-20 22:21:58][websocketserver]Received: {"time":1737382914,"self_id":3827617422,"post_type":"message","message_type":"group","sub_type":"normal","message_id":445348781,"group_id":721950485,"peer_id":3827617422,"user_id":507538712,"message":[{"data":{"file":"1e418b31a53edf305fbe0623b7a91e7a","subType":0,"type":"show","url":"http://gchat.qpic.cn/gchatpic_new/0/0-0-1E418B31A53EDF305FBE0623B7A91E7A/0?term=2"},"type":"image"}],"raw_message":"[CQ:image,file=1e418b31a53edf305fbe0623b7a91e7a,subType=0,type=show,url=http://gchat.qpic.cn/gchatpic_new/0/0-0-1E418B31A53EDF305FBE0623B7A91E7A/0?term=2]","font":0,"sender":{"user_id":507538712,"nickname":"夏灬扇","card":"","role":"member","title":"","level":""}}

[2025-01-20 22:22:00][websocketserver]Received: {"time":1737382917,"self_id":3827617422,"post_type":"message","message_type":"group","sub_type":"normal","message_id":50460259,"group_id":721950485,"peer_id":3827617422,"user_id":507538712,"message":[{"data":{"file":"6519f343c6f0fe1120ac7c3acd21bdc3","subType":1,"type":"show","url":"http://gchat.qpic.cn/gchatpic_new/0/0-0-6519F343C6F0FE1120AC7C3ACD21BDC3/0?term=2"},"type":"image"}],"raw_message":"[CQ:image,file=6519f343c6f0fe1120ac7c3acd21bdc3,subType=1,type=show,url=http://gchat.qpic.cn/gchatpic_new/0/0-0-6519F343C6F0FE1120AC7C3ACD21BDC3/0?term=2]","font":0,"sender":{"user_id":507538712,"nickname":"夏灬扇","card":"","role":"member","title":"","level":""}}

[2025-01-20 22:22:07][websocketserver]Received: {"time":1737382924,"self_id":3827617422,"post_type":"meta_event","meta_event_type":"heartbeat","sub_type":"connect","status":{"self":{"platform":"qq","user_id":3827617422},"online":true,"good":true,"qq.status":"正常"},"interval":15000}

[2025-01-20 22:22:22][websocketserver]Received: {"time":1737382939,"self_id":3827617422,"post_type":"meta_event","meta_event_type":"heartbeat","sub_type":"connect","status":{"self":{"platform":"qq","user_id":3827617422},"online":true,"good":true,"qq.status":"正常"},"interval":15000}

[2025-01-20 22:22:37][websocketserver]Received: {"time":1737382954,"self_id":3827617422,"post_type":"meta_event","meta_event_type":"heartbeat","sub_type":"connect","status":{"self":{"platform":"qq","user_id":3827617422},"online":true,"good":true,"qq.status":"正常"},"interval":15000}

[2025-01-20 22:22:52][websocketserver]Received: {"time":1737382969,"self_id":3827617422,"post_type":"meta_event","meta_event_type":"heartbeat","sub_type":"connect","status":{"self":{"platform":"qq","user_id":3827617422},"online":true,"good":true,"qq.status":"正常"},"interval":15000}

[2025-01-20 22:23:07][websocketserver]Received: {"time":1737382984,"self_id":3827617422,"post_type":"meta_event","meta_event_type":"heartbeat","sub_type":"connect","status":{"self":{"platform":"qq","user_id":3827617422},"online":true,"good":true,"qq.status":"正常"},"interval":15000}

[2025-01-20 22:23:22][websocketserver]Received: {"time":1737382999,"self_id":3827617422,"post_type":"meta_event","meta_event_type":"heartbeat","sub_type":"connect","status":{"self":{"platform":"qq","user_id":3827617422},"online":true,"good":true,"qq.status":"正常"},"interval":15000}

[2025-01-20 22:23:37][websocketserver]Received: {"time":1737383014,"self_id":3827617422,"post_type":"meta_event","meta_event_type":"heartbeat","sub_type":"connect","status":{"self":{"platform":"qq","user_id":3827617422},"online":true,"good":true,"qq.status":"正常"},"interval":15000}

[2025-01-20 22:23:52][websocketserver]Received: {"time":1737383029,"self_id":3827617422,"post_type":"meta_event","meta_event_type":"heartbeat","sub_type":"connect","status":{"self":{"platform":"qq","user_id":3827617422},"online":true,"good":true,"qq.status":"正常"},"interval":15000}

[2025-01-20 22:24:07][websocketserver]Received: {"time":1737383044,"self_id":3827617422,"post_type":"meta_event","meta_event_type":"heartbeat","sub_type":"connect","status":{"self":{"platform":"qq","user_id":3827617422},"online":true,"good":true,"qq.status":"正常"},"interval":15000}

[2025-01-20 22:24:22][websocketserver]Received: {"time":1737383059,"self_id":3827617422,"post_type":"meta_event","meta_event_type":"heartbeat","sub_type":"connect","status":{"self":{"platform":"qq","user_id":3827617422},"online":true,"good":true,"qq.status":"正常"},"interval":15000}

[2025-01-20 22:24:37][websocketserver]Received: {"time":1737383074,"self_id":3827617422,"post_type":"meta_event","meta_event_type":"heartbeat","sub_type":"connect","status":{"self":{"platform":"qq","user_id":3827617422},"online":true,"good":true,"qq.status":"正常"},"interval":15000}

[2025-01-20 22:24:52][websocketserver]Received: {"time":1737383089,"self_id":3827617422,"post_type":"meta_event","meta_event_type":"heartbeat","sub_type":"connect","status":{"self":{"platform":"qq","user_id":3827617422},"online":true,"good":true,"qq.status":"正常"},"interval":15000}

[2025-01-20 22:25:07][websocketserver]Received: {"time":1737383104,"self_id":3827617422,"post_type":"meta_event","meta_event_type":"heartbeat","sub_type":"connect","status":{"self":{"platform":"qq","user_id":3827617422},"online":true,"good":true,"qq.status":"正常"},"interval":15000}

[2025-01-20 22:25:22][websocketserver]Received: {"time":1737383119,"self_id":3827617422,"post_type":"meta_event","meta_event_type":"heartbeat","sub_type":"connect","status":{"self":{"platform":"qq","user_id":3827617422},"online":true,"good":true,"qq.status":"正常"},"interval":15000}

[2025-01-20 22:25:37][websocketserver]Received: {"time":1737383134,"self_id":3827617422,"post_type":"meta_event","meta_event_type":"heartbeat","sub_type":"connect","status":{"self":{"platform":"qq","user_id":3827617422},"online":true,"good":true,"qq.status":"正常"},"interval":15000}

[2025-01-20 22:25:52][websocketserver]Received: {"time":1737383149,"self_id":3827617422,"post_type":"meta_event","meta_event_type":"heartbeat","sub_type":"connect","status":{"self":{"platform":"qq","user_id":3827617422},"online":true,"good":true,"qq.status":"正常"},"interval":15000}

[2025-01-20 22:26:07][websocketserver]Received: {"time":1737383164,"self_id":3827617422,"post_type":"meta_event","meta_event_type":"heartbeat","sub_type":"connect","status":{"self":{"platform":"qq","user_id":3827617422},"online":true,"good":true,"qq.status":"正常"},"interval":15000}

[2025-01-20 22:26:22][websocketserver]Received: {"time":1737383179,"self_id":3827617422,"post_type":"meta_event","meta_event_type":"heartbeat","sub_type":"connect","status":{"self":{"platform":"qq","user_id":3827617422},"online":true,"good":true,"qq.status":"正常"},"interval":15000}

[2025-01-20 22:26:37][websocketserver]Received: {"time":1737383194,"self_id":3827617422,"post_type":"meta_event","meta_event_type":"heartbeat","sub_type":"connect","status":{"self":{"platform":"qq","user_id":3827617422},"online":true,"good":true,"qq.status":"正常"},"interval":15000}

[2025-01-20 22:26:52][websocketserver]Received: {"time":1737383209,"self_id":3827617422,"post_type":"meta_event","meta_event_type":"heartbeat","sub_type":"connect","status":{"self":{"platform":"qq","user_id":3827617422},"online":true,"good":true,"qq.status":"正常"},"interval":15000}

[2025-01-20 22:27:07][websocketserver]Received: {"time":1737383225,"self_id":3827617422,"post_type":"meta_event","meta_event_type":"heartbeat","sub_type":"connect","status":{"self":{"platform":"qq","user_id":3827617422},"online":true,"good":true,"qq.status":"正常"},"interval":15000}

[2025-01-20 22:27:22][websocketserver]Received: {"time":1737383240,"self_id":3827617422,"post_type":"meta_event","meta_event_type":"heartbeat","sub_type":"connect","status":{"self":{"platform":"qq","user_id":3827617422},"online":true,"good":true,"qq.status":"正常"},"interval":15000}

[2025-01-20 22:27:37][websocketserver]Received: {"time":1737383255,"self_id":3827617422,"post_type":"meta_event","meta_event_type":"heartbeat","sub_type":"connect","status":{"self":{"platform":"qq","user_id":3827617422},"online":true,"good":true,"qq.status":"正常"},"interval":15000}

[2025-01-20 22:27:52][websocketserver]Received: {"time":1737383270,"self_id":3827617422,"post_type":"meta_event","meta_event_type":"heartbeat","sub_type":"connect","status":{"self":{"platform":"qq","user_id":3827617422},"online":true,"good":true,"qq.status":"正常"},"interval":15000}

[2025-01-20 22:28:07][websocketserver]Received: {"time":1737383285,"self_id":3827617422,"post_type":"meta_event","meta_event_type":"heartbeat","sub_type":"connect","status":{"self":{"platform":"qq","user_id":3827617422},"online":true,"good":true,"qq.status":"正常"},"interval":15000}

[2025-01-20 22:28:22][websocketserver]Received: {"time":1737383300,"self_id":3827617422,"post_type":"meta_event","meta_event_type":"heartbeat","sub_type":"connect","status":{"self":{"platform":"qq","user_id":3827617422},"online":true,"good":true,"qq.status":"正常"},"interval":15000}

[2025-01-20 22:28:37][websocketserver]Received: {"time":1737383315,"self_id":3827617422,"post_type":"meta_event","meta_event_type":"heartbeat","sub_type":"connect","status":{"self":{"platform":"qq","user_id":3827617422},"online":true,"good":true,"qq.status":"正常"},"interval":15000}

[2025-01-20 22:28:52][websocketserver]Received: {"time":1737383330,"self_id":3827617422,"post_type":"meta_event","meta_event_type":"heartbeat","sub_type":"connect","status":{"self":{"platform":"qq","user_id":3827617422},"online":true,"good":true,"qq.status":"正常"},"interval":15000}

[2025-01-20 22:29:07][websocketserver]Received: {"time":1737383345,"self_id":3827617422,"post_type":"meta_event","meta_event_type":"heartbeat","sub_type":"connect","status":{"self":{"platform":"qq","user_id":3827617422},"online":true,"good":true,"qq.status":"正常"},"interval":15000}

[2025-01-20 22:29:22][websocketserver]Received: {"time":1737383360,"self_id":3827617422,"post_type":"meta_event","meta_event_type":"heartbeat","sub_type":"connect","status":{"self":{"platform":"qq","user_id":3827617422},"online":true,"good":true,"qq.status":"正常"},"interval":15000}

[2025-01-20 22:29:37][websocketserver]Received: {"time":1737383375,"self_id":3827617422,"post_type":"meta_event","meta_event_type":"heartbeat","sub_type":"connect","status":{"self":{"platform":"qq","user_id":3827617422},"online":true,"good":true,"qq.status":"正常"},"interval":15000}

[2025-01-20 22:29:52][SenyaHime]Server stopped.
