===================AUTOTOOL HUB EXPORT LOG 2025_01_23_02_45_14================

[2025-01-23 02:45:14][SenyaHime]Running on ws://192.168.0.107:5700
[2025-01-23 02:45:14][websocketserver]New connection from ('192.168.0.150', 42108)
[2025-01-23 02:45:14][heartbeat]heartbeat lunched
[2025-01-23 02:45:14][websocketserver]Received: {"time":1737571510,"self_id":3827617422,"post_type":"meta_event","meta_event_type":"lifecycle","sub_type":"connect","status":{"self":{"platform":"qq","user_id":3827617422},"online":true,"good":true,"qq.status":"正常"},"interval":15000}

[2025-01-23 02:45:14][receive_debug]:curMsgType is lifecycleMsg, the original msg is {'time': 1737571510, 'self_id': 3827617422, 'post_type': 'meta_event', 'meta_event_type': 'lifecycle', 'sub_type': 'connect', 'status': {'self': {'platform': 'qq', 'user_id': 3827617422}, 'online': True, 'good': True, 'qq.status': '正常'}, 'interval': 15000}
[2025-01-23 02:45:19][heartbeat]try send ping...OK
[2025-01-23 02:45:20][websocketserver]Received: {"time":1737571515,"self_id":3827617422,"post_type":"message","message_type":"private","sub_type":"friend","message_id":1046008968,"target_id":395642104,"peer_id":3827617422,"user_id":395642104,"message":[{"data":{"text":"摸脸"},"type":"text"}],"raw_message":"摸脸","font":0,"sender":{"user_id":395642104,"nickname":"白渊","card":"","role":"member","title":"","level":""}}

[2025-01-23 02:45:20][receive_debug]:curMsgType is privateMsg_normal, the original msg is {'time': 1737571515, 'self_id': 3827617422, 'post_type': 'message', 'message_type': 'private', 'sub_type': 'friend', 'message_id': 1046008968, 'target_id': 395642104, 'peer_id': 3827617422, 'user_id': 395642104, 'message': [{'data': {'text': '摸脸'}, 'type': 'text'}], 'raw_message': '摸脸', 'font': 0, 'sender': {'user_id': 395642104, 'nickname': '白渊', 'card': '', 'role': 'member', 'title': '', 'level': ''}}
[2025-01-23 02:45:20][resolve_debug]cur user is "395642104"
[2025-01-23 02:45:20][resolve_debug]user_id 存在于用户集中为 "True"
[2025-01-23 02:45:20][resolve_debug]cmd "touchFaceCammand" triggered

[2025-01-23 02:45:20][websocketserver]Posed: {'action': 'send_private_msg', 'echo': ' ', 'params': {'access_token': 'guzhaoqiaoqiaoa1', 'user_id': 395642104, 'message': [{'type': 'text', 'data': {'text': '虽然没有生气，但这种行为确实让我很困扰。'}}, {'type': 'text', 'data': {'text': '\nFavor added: 29, 好感度已经提升到"非常喜欢"了哦'}}]}}

[2025-01-23 02:45:20][websocketserver]Received: {"status":"ok","retcode":0,"data":{"message_id":1121666014,"time":1737571516},"echo":" "}

[2025-01-23 02:45:20][receive_debug]:curMsgType is responseMsg, the original msg is {'status': 'ok', 'retcode': 0, 'data': {'message_id': 1121666014, 'time': 1737571516}, 'echo': ' '}
[2025-01-23 02:45:24][heartbeat]try send ping...OK
[2025-01-23 02:45:29][websocketserver]Received: {"time":1737571525,"self_id":3827617422,"post_type":"message","message_type":"private","sub_type":"friend","message_id":487979065,"target_id":395642104,"peer_id":3827617422,"user_id":395642104,"message":[{"data":{"text":"摸脸"},"type":"text"}],"raw_message":"摸脸","font":0,"sender":{"user_id":395642104,"nickname":"白渊","card":"","role":"member","title":"","level":""}}

[2025-01-23 02:45:29][receive_debug]:curMsgType is privateMsg_normal, the original msg is {'time': 1737571525, 'self_id': 3827617422, 'post_type': 'message', 'message_type': 'private', 'sub_type': 'friend', 'message_id': 487979065, 'target_id': 395642104, 'peer_id': 3827617422, 'user_id': 395642104, 'message': [{'data': {'text': '摸脸'}, 'type': 'text'}], 'raw_message': '摸脸', 'font': 0, 'sender': {'user_id': 395642104, 'nickname': '白渊', 'card': '', 'role': 'member', 'title': '', 'level': ''}}
[2025-01-23 02:45:29][resolve_debug]cur user is "395642104"
[2025-01-23 02:45:29][resolve_debug]user_id 存在于用户集中为 "True"
[2025-01-23 02:45:29][resolve_debug]cmd "touchFaceCammand" triggered

[2025-01-23 02:45:29][websocketserver]Posed: {'action': 'send_private_msg', 'echo': ' ', 'params': {'access_token': 'guzhaoqiaoqiaoa1', 'user_id': 395642104, 'message': [{'type': 'text', 'data': {'text': '主人摸脸的动作好温柔，千夜不讨厌这种感觉。'}}, {'type': 'text', 'data': {'text': '\nFavor change limited today, 主人明天再来哦'}}]}}

[2025-01-23 02:45:29][websocketserver]Received: {"status":"ok","retcode":0,"data":{"message_id":751623146,"time":1737571525},"echo":" "}

[2025-01-23 02:45:29][receive_debug]:curMsgType is responseMsg, the original msg is {'status': 'ok', 'retcode': 0, 'data': {'message_id': 751623146, 'time': 1737571525}, 'echo': ' '}
[2025-01-23 02:45:29][heartbeat]try send ping...OK
[2025-01-23 02:45:34][heartbeat]try send ping...OK
[2025-01-23 02:45:38][websocketserver]Received: {"time":1737571533,"self_id":3827617422,"post_type":"message","message_type":"private","sub_type":"friend","message_id":1060092110,"target_id":395642104,"peer_id":3827617422,"user_id":395642104,"message":[{"data":{"text":"\\好感度"},"type":"text"}],"raw_message":"\\好感度","font":0,"sender":{"user_id":395642104,"nickname":"白渊","card":"","role":"member","title":"","level":""}}

[2025-01-23 02:45:38][receive_debug]:curMsgType is privateMsg_normal, the original msg is {'time': 1737571533, 'self_id': 3827617422, 'post_type': 'message', 'message_type': 'private', 'sub_type': 'friend', 'message_id': 1060092110, 'target_id': 395642104, 'peer_id': 3827617422, 'user_id': 395642104, 'message': [{'data': {'text': '\\好感度'}, 'type': 'text'}], 'raw_message': '\\好感度', 'font': 0, 'sender': {'user_id': 395642104, 'nickname': '白渊', 'card': '', 'role': 'member', 'title': '', 'level': ''}}
[2025-01-23 02:45:38][resolve_debug]cur user is "395642104"
[2025-01-23 02:45:38][resolve_debug]user_id 存在于用户集中为 "True"
[2025-01-23 02:45:38][resolve_debug]cmd "showFavor" triggered

[2025-01-23 02:45:38][websocketserver]Posed: {'action': 'send_private_msg', 'echo': ' ', 'params': {'access_token': 'guzhaoqiaoqiaoa1', 'user_id': 395642104, 'message': [{'type': 'reply', 'data': {'id': 1060092110}}, {'type': 'at', 'data': {'qq': 395642104}}, {'type': 'text', 'data': {'text': ' 主人, 您的好感度信息如下哦\n'}}, {'type': 'text', 'data': {'text': 'Current Favor:7029, ❤️❤️❤️❤️❤️'}}]}}

[2025-01-23 02:45:38][websocketserver]Received: {"status":"ok","retcode":0,"data":{"message_id":1586400232,"time":1737571534},"echo":" "}

[2025-01-23 02:45:38][receive_debug]:curMsgType is responseMsg, the original msg is {'status': 'ok', 'retcode': 0, 'data': {'message_id': 1586400232, 'time': 1737571534}, 'echo': ' '}
[2025-01-23 02:45:39][heartbeat]try send ping...OK
[2025-01-23 02:45:44][heartbeat]try send ping...OK
[2025-01-23 02:45:49][heartbeat]try send ping...OK
[2025-01-23 02:45:54][heartbeat]try send ping...OK
[2025-01-23 02:45:59][heartbeat]try send ping...OK
[2025-01-23 02:46:05][heartbeat]try send ping...OK
[2025-01-23 02:46:10][heartbeat]try send ping...OK
[2025-01-23 02:46:12][websocketserver]Received: {"time":1737571568,"self_id":3827617422,"post_type":"message","message_type":"private","sub_type":"friend","message_id":1634969579,"target_id":395642104,"peer_id":3827617422,"user_id":395642104,"message":[{"data":{"text":"摸小穴"},"type":"text"}],"raw_message":"摸小穴","font":0,"sender":{"user_id":395642104,"nickname":"白渊","card":"","role":"member","title":"","level":""}}

[2025-01-23 02:46:12][receive_debug]:curMsgType is privateMsg_normal, the original msg is {'time': 1737571568, 'self_id': 3827617422, 'post_type': 'message', 'message_type': 'private', 'sub_type': 'friend', 'message_id': 1634969579, 'target_id': 395642104, 'peer_id': 3827617422, 'user_id': 395642104, 'message': [{'data': {'text': '摸小穴'}, 'type': 'text'}], 'raw_message': '摸小穴', 'font': 0, 'sender': {'user_id': 395642104, 'nickname': '白渊', 'card': '', 'role': 'member', 'title': '', 'level': ''}}
[2025-01-23 02:46:12][resolve_debug]cur user is "395642104"
[2025-01-23 02:46:12][resolve_debug]user_id 存在于用户集中为 "True"
[2025-01-23 02:46:12][resolve_debug]cmd "touchSensitiveCammand" triggered

[2025-01-23 02:46:12][websocketserver]Posed: {'action': 'send_private_msg', 'echo': ' ', 'params': {'access_token': 'guzhaoqiaoqiaoa1', 'user_id': 395642104, 'message': [{'type': 'text', 'data': {'text': '主人……你的温柔总是让千夜忍不住想依赖你更多。'}}, {'type': 'text', 'data': {'text': '\nFavor change limited today, 主人明天再来哦'}}]}}

[2025-01-23 02:46:12][websocketserver]Received: {"status":"ok","retcode":0,"data":{"message_id":1306421988,"time":1737571568},"echo":" "}

[2025-01-23 02:46:12][receive_debug]:curMsgType is responseMsg, the original msg is {'status': 'ok', 'retcode': 0, 'data': {'message_id': 1306421988, 'time': 1737571568}, 'echo': ' '}
[2025-01-23 02:46:15][heartbeat]try send ping...OK
[2025-01-23 02:46:20][heartbeat]try send ping...OK
[2025-01-23 02:46:21][websocketserver]Received: {"time":1737571576,"self_id":3827617422,"post_type":"message","message_type":"private","sub_type":"friend","message_id":902359531,"target_id":395642104,"peer_id":3827617422,"user_id":395642104,"message":[{"data":{"text":"摸小穴"},"type":"text"}],"raw_message":"摸小穴","font":0,"sender":{"user_id":395642104,"nickname":"白渊","card":"","role":"member","title":"","level":""}}

[2025-01-23 02:46:21][receive_debug]:curMsgType is privateMsg_normal, the original msg is {'time': 1737571576, 'self_id': 3827617422, 'post_type': 'message', 'message_type': 'private', 'sub_type': 'friend', 'message_id': 902359531, 'target_id': 395642104, 'peer_id': 3827617422, 'user_id': 395642104, 'message': [{'data': {'text': '摸小穴'}, 'type': 'text'}], 'raw_message': '摸小穴', 'font': 0, 'sender': {'user_id': 395642104, 'nickname': '白渊', 'card': '', 'role': 'member', 'title': '', 'level': ''}}
[2025-01-23 02:46:21][resolve_debug]cur user is "395642104"
[2025-01-23 02:46:21][resolve_debug]user_id 存在于用户集中为 "True"
[2025-01-23 02:46:21][resolve_debug]cmd "touchSensitiveCammand" triggered

[2025-01-23 02:46:21][websocketserver]Posed: {'action': 'send_private_msg', 'echo': ' ', 'params': {'access_token': 'guzhaoqiaoqiaoa1', 'user_id': 395642104, 'message': [{'type': 'text', 'data': {'text': '这种感觉让千夜觉得无比幸福，主人真的把千夜宠坏了啦！'}}, {'type': 'text', 'data': {'text': '\nFavor change limited today, 主人明天再来哦'}}]}}

[2025-01-23 02:46:21][websocketserver]Received: {"status":"ok","retcode":0,"data":{"message_id":595043937,"time":1737571577},"echo":" "}

[2025-01-23 02:46:21][receive_debug]:curMsgType is responseMsg, the original msg is {'status': 'ok', 'retcode': 0, 'data': {'message_id': 595043937, 'time': 1737571577}, 'echo': ' '}
[2025-01-23 02:46:25][heartbeat]try send ping...OK
[2025-01-23 02:46:30][heartbeat]try send ping...OK
[2025-01-23 02:46:35][heartbeat]try send ping...OK
[2025-01-23 02:46:40][heartbeat]try send ping...OK
[2025-01-23 02:46:45][heartbeat]try send ping...OK
[2025-01-23 02:46:50][heartbeat]try send ping...OK
[2025-01-23 02:46:55][heartbeat]try send ping...OK
[2025-01-23 02:47:00][heartbeat]try send ping...OK
[2025-01-23 02:47:05][heartbeat]try send ping...OK
[2025-01-23 02:47:10][heartbeat]try send ping...OK
[2025-01-23 02:47:15][heartbeat]try send ping...OK
[2025-01-23 02:47:20][heartbeat]try send ping...OK
[2025-01-23 02:47:25][heartbeat]try send ping...OK
[2025-01-23 02:47:30][heartbeat]try send ping...OK
[2025-01-23 02:47:35][heartbeat]try send ping...OK
[2025-01-23 02:47:40][heartbeat]try send ping...OK
[2025-01-23 02:47:45][heartbeat]try send ping...OK
[2025-01-23 02:47:50][heartbeat]try send ping...OK
[2025-01-23 02:47:55][heartbeat]try send ping...OK
[2025-01-23 02:48:00][heartbeat]try send ping...OK
[2025-01-23 02:48:05][heartbeat]try send ping...OK
[2025-01-23 02:48:10][heartbeat]try send ping...OK
[2025-01-23 02:48:15][heartbeat]try send ping...OK
[2025-01-23 02:48:20][heartbeat]try send ping...OK
[2025-01-23 02:48:25][heartbeat]try send ping...OK
[2025-01-23 02:48:30][heartbeat]try send ping...OK
[2025-01-23 02:48:35][heartbeat]try send ping...OK
[2025-01-23 02:48:40][heartbeat]try send ping...OK
[2025-01-23 02:48:45][heartbeat]try send ping...OK
[2025-01-23 02:48:50][heartbeat]try send ping...OK
[2025-01-23 02:48:55][heartbeat]try send ping...OK
[2025-01-23 02:49:00][heartbeat]try send ping...OK
[2025-01-23 02:49:05][heartbeat]try send ping...OK
[2025-01-23 02:49:10][heartbeat]try send ping...OK
[2025-01-23 02:49:15][heartbeat]try send ping...OK
[2025-01-23 02:49:20][heartbeat]try send ping...OK
[2025-01-23 02:49:25][heartbeat]try send ping...OK
[2025-01-23 02:49:30][heartbeat]try send ping...OK
[2025-01-23 02:49:35][heartbeat]try send ping...OK
[2025-01-23 02:49:40][heartbeat]try send ping...OK
[2025-01-23 02:49:45][heartbeat]try send ping...OK
[2025-01-23 02:49:50][heartbeat]try send ping...OK
[2025-01-23 02:49:55][heartbeat]try send ping...OK
[2025-01-23 02:50:00][heartbeat]try send ping...OK
[2025-01-23 02:50:05][heartbeat]try send ping...OK
[2025-01-23 02:50:10][heartbeat]try send ping...OK
[2025-01-23 02:50:15][heartbeat]try send ping...OK
[2025-01-23 02:50:20][heartbeat]try send ping...OK
[2025-01-23 02:50:25][heartbeat]try send ping...OK
[2025-01-23 02:50:30][heartbeat]try send ping...OK
[2025-01-23 02:50:35][heartbeat]try send ping...OK
[2025-01-23 02:50:40][heartbeat]try send ping...OK
[2025-01-23 02:50:45][heartbeat]try send ping...OK
[2025-01-23 02:50:50][heartbeat]try send ping...OK
[2025-01-23 02:50:55][heartbeat]try send ping...OK
[2025-01-23 02:51:00][heartbeat]try send ping...OK
[2025-01-23 02:51:05][heartbeat]try send ping...OK
[2025-01-23 02:51:10][heartbeat]try send ping...OK
[2025-01-23 02:51:15][heartbeat]try send ping...OK
[2025-01-23 02:51:20][heartbeat]try send ping...OK
[2025-01-23 02:51:25][heartbeat]try send ping...OK
[2025-01-23 02:51:30][heartbeat]try send ping...OK
[2025-01-23 02:51:35][heartbeat]try send ping...OK
[2025-01-23 02:51:40][heartbeat]try send ping...OK
[2025-01-23 02:51:45][heartbeat]try send ping...OK
[2025-01-23 02:51:50][heartbeat]try send ping...OK
[2025-01-23 02:51:55][heartbeat]try send ping...OK
[2025-01-23 02:52:00][heartbeat]try send ping...OK
[2025-01-23 02:52:05][heartbeat]try send ping...OK
[2025-01-23 02:52:10][heartbeat]try send ping...OK
[2025-01-23 02:52:15][heartbeat]try send ping...OK
[2025-01-23 02:52:20][heartbeat]try send ping...OK
[2025-01-23 02:52:25][heartbeat]try send ping...OK
[2025-01-23 02:52:30][heartbeat]try send ping...OK
[2025-01-23 02:52:35][heartbeat]try send ping...OK
[2025-01-23 02:52:40][heartbeat]try send ping...OK
[2025-01-23 02:52:45][heartbeat]try send ping...OK
[2025-01-23 02:52:50][heartbeat]try send ping...OK
[2025-01-23 02:52:55][heartbeat]try send ping...OK
[2025-01-23 02:53:00][heartbeat]try send ping...OK
[2025-01-23 02:53:05][heartbeat]try send ping...OK
[2025-01-23 02:53:10][heartbeat]try send ping...OK
[2025-01-23 02:53:15][heartbeat]try send ping...OK
[2025-01-23 02:53:20][heartbeat]try send ping...OK
[2025-01-23 02:53:25][heartbeat]try send ping...OK
[2025-01-23 02:53:30][heartbeat]try send ping...OK
[2025-01-23 02:53:35][heartbeat]try send ping...OK
[2025-01-23 02:53:40][heartbeat]try send ping...OK
[2025-01-23 02:53:45][heartbeat]try send ping...OK
[2025-01-23 02:53:50][heartbeat]try send ping...OK
[2025-01-23 02:53:55][heartbeat]try send ping...OK
[2025-01-23 02:53:57][websocketserver]Received: {"time":1737572032,"self_id":3827617422,"post_type":"message","message_type":"group","sub_type":"normal","message_id":56001464,"group_id":721950485,"peer_id":3827617422,"user_id":2182338586,"message":[{"data":{"id":"fdcvEpgzo2/Q0MYK0JBNh2PkuCdwEk7OZQaCnqiGVt150ElCpGPBUrNVVkEF0WXw"},"type":"forward"}],"raw_message":"[CQ:forward,id=fdcvEpgzo2/Q0MYK0JBNh2PkuCdwEk7OZQaCnqiGVt150ElCpGPBUrNVVkEF0WXw]","font":0,"sender":{"user_id":2182338586,"nickname":"爱转圈圈的黑塔","card":"","role":"member","title":"","level":""}}

[2025-01-23 02:53:57][receive_debug]:curMsgType is groupMsg_normal, the original msg is {'time': 1737572032, 'self_id': 3827617422, 'post_type': 'message', 'message_type': 'group', 'sub_type': 'normal', 'message_id': 56001464, 'group_id': 721950485, 'peer_id': 3827617422, 'user_id': 2182338586, 'message': [{'data': {'id': 'fdcvEpgzo2/Q0MYK0JBNh2PkuCdwEk7OZQaCnqiGVt150ElCpGPBUrNVVkEF0WXw'}, 'type': 'forward'}], 'raw_message': '[CQ:forward,id=fdcvEpgzo2/Q0MYK0JBNh2PkuCdwEk7OZQaCnqiGVt150ElCpGPBUrNVVkEF0WXw]', 'font': 0, 'sender': {'user_id': 2182338586, 'nickname': '爱转圈圈的黑塔', 'card': '', 'role': 'member', 'title': '', 'level': ''}}
[2025-01-23 02:53:57][resolve_debug]cur user is "2182338586"
[2025-01-23 02:53:57][resolve_debug]user_id 存在于用户集中为 "True"
[2025-01-23 02:54:00][heartbeat]try send ping...OK
[2025-01-23 02:54:05][heartbeat]try send ping...OK
[2025-01-23 02:54:10][heartbeat]try send ping...OK
[2025-01-23 02:54:15][heartbeat]try send ping...OK
[2025-01-23 02:54:21][heartbeat]try send ping...OK
[2025-01-23 02:54:26][heartbeat]try send ping...OK
[2025-01-23 02:54:31][heartbeat]try send ping...OK
[2025-01-23 02:54:36][heartbeat]try send ping...OK
[2025-01-23 02:54:41][heartbeat]try send ping...OK
[2025-01-23 02:54:46][heartbeat]try send ping...OK
[2025-01-23 02:54:51][heartbeat]try send ping...OK
[2025-01-23 02:54:56][heartbeat]try send ping...OK
[2025-01-23 02:55:01][heartbeat]try send ping...OK
[2025-01-23 02:55:06][heartbeat]try send ping...OK
[2025-01-23 02:55:11][heartbeat]try send ping...OK
[2025-01-23 02:55:16][heartbeat]try send ping...OK
[2025-01-23 02:55:21][heartbeat]try send ping...OK
[2025-01-23 02:55:26][heartbeat]try send ping...OK
[2025-01-23 02:55:31][heartbeat]try send ping...OK
[2025-01-23 02:55:36][heartbeat]try send ping...OK
[2025-01-23 02:55:41][heartbeat]try send ping...OK
[2025-01-23 02:55:46][heartbeat]try send ping...OK
[2025-01-23 02:55:51][heartbeat]try send ping...OK
[2025-01-23 02:55:56][heartbeat]try send ping...OK
[2025-01-23 02:56:01][heartbeat]try send ping...OK
[2025-01-23 02:56:06][heartbeat]try send ping...OK
[2025-01-23 02:56:11][heartbeat]try send ping...OK
[2025-01-23 02:56:16][heartbeat]try send ping...OK
[2025-01-23 02:56:21][heartbeat]try send ping...OK
[2025-01-23 02:56:26][heartbeat]try send ping...OK
[2025-01-23 02:56:31][heartbeat]try send ping...OK
[2025-01-23 02:56:36][heartbeat]try send ping...OK
[2025-01-23 02:56:41][heartbeat]try send ping...OK
[2025-01-23 02:56:46][heartbeat]try send ping...OK
[2025-01-23 02:56:51][heartbeat]try send ping...OK
[2025-01-23 02:56:56][heartbeat]try send ping...OK
[2025-01-23 02:57:01][heartbeat]try send ping...OK
[2025-01-23 02:57:06][heartbeat]try send ping...OK
[2025-01-23 02:57:11][heartbeat]try send ping...OK
[2025-01-23 02:57:16][heartbeat]try send ping...OK
[2025-01-23 02:57:21][heartbeat]try send ping...OK
[2025-01-23 02:57:26][heartbeat]try send ping...OK
[2025-01-23 02:57:31][heartbeat]try send ping...OK
[2025-01-23 02:57:36][heartbeat]try send ping...OK
[2025-01-23 02:57:41][heartbeat]try send ping...OK
[2025-01-23 02:57:46][heartbeat]try send ping...OK
[2025-01-23 02:57:51][heartbeat]try send ping...OK
[2025-01-23 02:57:56][heartbeat]try send ping...OK
[2025-01-23 02:58:01][heartbeat]try send ping...OK
[2025-01-23 02:58:06][heartbeat]try send ping...OK
[2025-01-23 02:58:11][heartbeat]try send ping...OK
[2025-01-23 02:58:16][heartbeat]try send ping...OK
[2025-01-23 02:58:21][heartbeat]try send ping...OK
[2025-01-23 02:58:26][heartbeat]try send ping...OK
[2025-01-23 02:58:31][heartbeat]try send ping...OK
[2025-01-23 02:58:36][heartbeat]try send ping...OK
[2025-01-23 02:58:41][heartbeat]try send ping...OK
[2025-01-23 02:58:46][heartbeat]try send ping...OK
[2025-01-23 02:58:51][heartbeat]try send ping...OK
[2025-01-23 02:58:56][heartbeat]try send ping...OK
[2025-01-23 02:59:01][heartbeat]try send ping...OK
[2025-01-23 02:59:06][heartbeat]try send ping...OK
[2025-01-23 02:59:11][heartbeat]try send ping...OK
[2025-01-23 02:59:16][heartbeat]try send ping...OK
[2025-01-23 02:59:21][heartbeat]try send ping...OK
[2025-01-23 02:59:26][heartbeat]try send ping...OK
[2025-01-23 02:59:31][heartbeat]try send ping...OK
[2025-01-23 02:59:34][websocketserver]Received: {"time":1737572369,"self_id":3827617422,"post_type":"message","message_type":"group","sub_type":"normal","message_id":1640184296,"group_id":721950485,"peer_id":3827617422,"user_id":395642104,"message":[{"data":{"text":"架构设计完了, 但是回复似乎还是不够可爱?"},"type":"text"}],"raw_message":"架构设计完了&#44; 但是回复似乎还是不够可爱?","font":0,"sender":{"user_id":395642104,"nickname":"い愿此愛永恆࿐ེ","card":"万里挑一大非酋肝帝","role":"admin","title":"","level":""}}

[2025-01-23 02:59:34][receive_debug]:curMsgType is groupMsg_normal, the original msg is {'time': 1737572369, 'self_id': 3827617422, 'post_type': 'message', 'message_type': 'group', 'sub_type': 'normal', 'message_id': 1640184296, 'group_id': 721950485, 'peer_id': 3827617422, 'user_id': 395642104, 'message': [{'data': {'text': '架构设计完了, 但是回复似乎还是不够可爱?'}, 'type': 'text'}], 'raw_message': '架构设计完了&#44; 但是回复似乎还是不够可爱?', 'font': 0, 'sender': {'user_id': 395642104, 'nickname': 'い愿此愛永恆࿐ེ', 'card': '万里挑一大非酋肝帝', 'role': 'admin', 'title': '', 'level': ''}}
[2025-01-23 02:59:34][resolve_debug]cur user is "395642104"
[2025-01-23 02:59:34][resolve_debug]user_id 存在于用户集中为 "True"
[2025-01-23 02:59:36][heartbeat]try send ping...OK
[2025-01-23 02:59:38][websocketserver]Received: {"time":1737572373,"self_id":3827617422,"post_type":"message","message_type":"group","sub_type":"normal","message_id":548869695,"group_id":721950485,"peer_id":3827617422,"user_id":395642104,"message":[{"data":{"file":"d0bc2db63ce79e5d05d9c3c031e4dcf6","subType":1,"type":"original","url":"http://gchat.qpic.cn/gchatpic_new/0/0-0-D0BC2DB63CE79E5D05D9C3C031E4DCF6/0?term=2"},"type":"image"}],"raw_message":"[CQ:image,file=d0bc2db63ce79e5d05d9c3c031e4dcf6,subType=1,type=original,url=http://gchat.qpic.cn/gchatpic_new/0/0-0-D0BC2DB63CE79E5D05D9C3C031E4DCF6/0?term=2]","font":0,"sender":{"user_id":395642104,"nickname":"い愿此愛永恆࿐ེ","card":"万里挑一大非酋肝帝","role":"admin","title":"","level":""}}

[2025-01-23 02:59:38][receive_debug]:curMsgType is groupMsg_normal, the original msg is {'time': 1737572373, 'self_id': 3827617422, 'post_type': 'message', 'message_type': 'group', 'sub_type': 'normal', 'message_id': 548869695, 'group_id': 721950485, 'peer_id': 3827617422, 'user_id': 395642104, 'message': [{'data': {'file': 'd0bc2db63ce79e5d05d9c3c031e4dcf6', 'subType': 1, 'type': 'original', 'url': 'http://gchat.qpic.cn/gchatpic_new/0/0-0-D0BC2DB63CE79E5D05D9C3C031E4DCF6/0?term=2'}, 'type': 'image'}], 'raw_message': '[CQ:image,file=d0bc2db63ce79e5d05d9c3c031e4dcf6,subType=1,type=original,url=http://gchat.qpic.cn/gchatpic_new/0/0-0-D0BC2DB63CE79E5D05D9C3C031E4DCF6/0?term=2]', 'font': 0, 'sender': {'user_id': 395642104, 'nickname': 'い愿此愛永恆࿐ེ', 'card': '万里挑一大非酋肝帝', 'role': 'admin', 'title': '', 'level': ''}}
[2025-01-23 02:59:38][resolve_debug]cur user is "395642104"
[2025-01-23 02:59:38][resolve_debug]user_id 存在于用户集中为 "True"
[2025-01-23 02:59:41][heartbeat]try send ping...OK
[2025-01-23 02:59:46][heartbeat]try send ping...OK
[2025-01-23 02:59:51][heartbeat]try send ping...OK
[2025-01-23 02:59:54][websocketserver]Received: {"time":1737572389,"self_id":3827617422,"post_type":"message","message_type":"group","sub_type":"normal","message_id":1046078532,"group_id":721950485,"peer_id":3827617422,"user_id":395642104,"message":[{"data":{"text":"算了, 反正群友暂时也升不到满好感度, 先挂上来吧"},"type":"text"}],"raw_message":"算了&#44; 反正群友暂时也升不到满好感度&#44; 先挂上来吧","font":0,"sender":{"user_id":395642104,"nickname":"い愿此愛永恆࿐ེ","card":"万里挑一大非酋肝帝","role":"admin","title":"","level":""}}

[2025-01-23 02:59:54][receive_debug]:curMsgType is groupMsg_normal, the original msg is {'time': 1737572389, 'self_id': 3827617422, 'post_type': 'message', 'message_type': 'group', 'sub_type': 'normal', 'message_id': 1046078532, 'group_id': 721950485, 'peer_id': 3827617422, 'user_id': 395642104, 'message': [{'data': {'text': '算了, 反正群友暂时也升不到满好感度, 先挂上来吧'}, 'type': 'text'}], 'raw_message': '算了&#44; 反正群友暂时也升不到满好感度&#44; 先挂上来吧', 'font': 0, 'sender': {'user_id': 395642104, 'nickname': 'い愿此愛永恆࿐ེ', 'card': '万里挑一大非酋肝帝', 'role': 'admin', 'title': '', 'level': ''}}
[2025-01-23 02:59:54][resolve_debug]cur user is "395642104"
[2025-01-23 02:59:54][resolve_debug]user_id 存在于用户集中为 "True"
[2025-01-23 02:59:56][heartbeat]try send ping...OK
[2025-01-23 03:00:01][heartbeat]try send ping...OK
[2025-01-23 03:00:06][heartbeat]try send ping...OK
[2025-01-23 03:00:11][heartbeat]try send ping...OK
[2025-01-23 03:00:16][heartbeat]try send ping...OK
[2025-01-23 03:00:21][heartbeat]try send ping...OK
[2025-01-23 03:00:26][heartbeat]try send ping...OK
[2025-01-23 03:00:31][heartbeat]try send ping...OK
[2025-01-23 03:00:36][heartbeat]try send ping...OK
[2025-01-23 03:00:41][heartbeat]try send ping...OK
[2025-01-23 03:00:46][heartbeat]try send ping...OK
[2025-01-23 03:00:51][heartbeat]try send ping...OK
[2025-01-23 03:00:56][heartbeat]try send ping...OK
