===================AUTOTOOL HUB EXPORT LOG 2025_01_14_16_01_03================

[2025-01-14 16:01:03][SenyaHime]启动服务器
[2025-01-14 16:01:05][receive]:the original msg is {'time': 1736841664, 'self_id': 3827617422, 'post_type': 'notice', 'notice_type': 'notify', 'sub_type': 'poke', 'group_id': 104491286, 'operator_id': 395642104, 'user_id': 395642104, 'target_id': 3827617422, 'poke_detail': {'suffix': '的脸, 并被咬住了手指', 'action_img_url': 'http://tianquan.gtimg.cn/nudgeaction/item/0/expression.jpg'}}
[2025-01-14 16:01:05][receive]解析出的命令为戳戳
[2025-01-14 16:01:05][reply]:{'status': 'ok', 'retcode': 0, 'data': {'message_id': 1523079372, 'time': 1736841664}, 'echo': ''}
[2025-01-14 16:01:05][reply]:{'status': 'ok', 'retcode': 0, 'data': {'message_id': 1678662470, 'time': 1736841664}, 'echo': ''}
[2025-01-14 16:01:05][receive]:the original msg is {'time': 1736841665, 'self_id': 3827617422, 'post_type': 'notice', 'notice_type': 'notify', 'sub_type': 'poke', 'group_id': 104491286, 'operator_id': 3827617422, 'user_id': 3827617422, 'target_id': 395642104, 'poke_detail': {'suffix': '的脑袋并说不要再学习了', 'action_img_url': 'http://tianquan.gtimg.cn/nudgeaction/item/0/expression.jpg'}}
[2025-01-14 16:01:05][receive]解析出的命令为None
[2025-01-14 16:01:31][receive]:the original msg is {'time': 1736841691, 'self_id': 3827617422, 'post_type': 'notice', 'notice_type': 'notify', 'sub_type': 'poke', 'group_id': 104491286, 'operator_id': 395642104, 'user_id': 395642104, 'target_id': 3827617422, 'poke_detail': {'suffix': '的脸, 并被咬住了手指', 'action_img_url': 'http://tianquan.gtimg.cn/nudgeaction/item/0/expression.jpg'}}
[2025-01-14 16:01:31][receive]解析出的命令为戳戳
[2025-01-14 16:01:31][reply]:{'status': 'ok', 'retcode': 0, 'data': {'message_id': 1046396760, 'time': 1736841690}, 'echo': ''}
[2025-01-14 16:01:31][reply]:{'status': 'ok', 'retcode': 0, 'data': {'message_id': 286504143, 'time': 1736841690}, 'echo': ''}
[2025-01-14 16:01:31][receive]:the original msg is {'time': 1736841691, 'self_id': 3827617422, 'post_type': 'notice', 'notice_type': 'notify', 'sub_type': 'poke', 'group_id': 104491286, 'operator_id': 3827617422, 'user_id': 3827617422, 'target_id': 395642104, 'poke_detail': {'suffix': '的脑袋并说不要再学习了', 'action_img_url': 'http://tianquan.gtimg.cn/nudgeaction/item/0/expression.jpg'}}
[2025-01-14 16:01:31][receive]解析出的命令为None
[2025-01-14 16:02:06][receive]:the original msg is {'time': 1736841725, 'self_id': 3827617422, 'post_type': 'notice', 'notice_type': 'notify', 'sub_type': 'poke', 'group_id': 104491286, 'operator_id': 395642104, 'user_id': 395642104, 'target_id': 3827617422, 'poke_detail': {'suffix': '的脸, 并被咬住了手指', 'action_img_url': 'http://tianquan.gtimg.cn/nudgeaction/item/0/expression.jpg'}}
[2025-01-14 16:02:06][receive]解析出的命令为戳戳
[2025-01-14 16:02:06][reply]:{'status': 'ok', 'retcode': 0, 'data': {'message_id': 892940586, 'time': 1736841725}, 'echo': ''}
[2025-01-14 16:02:06][reply]:{'status': 'ok', 'retcode': 0, 'data': {'message_id': 2099631566, 'time': 1736841725}, 'echo': ''}
[2025-01-14 16:02:06][receive]:the original msg is {'time': 1736841725, 'self_id': 3827617422, 'post_type': 'notice', 'notice_type': 'notify', 'sub_type': 'poke', 'group_id': 104491286, 'operator_id': 3827617422, 'user_id': 3827617422, 'target_id': 395642104, 'poke_detail': {'suffix': '的脑袋并说不要再学习了', 'action_img_url': 'http://tianquan.gtimg.cn/nudgeaction/item/0/expression.jpg'}}
[2025-01-14 16:02:06][receive]解析出的命令为None
[2025-01-14 16:03:12][receive]:the original msg is {'time': 1736841791, 'self_id': 3827617422, 'post_type': 'notice', 'notice_type': 'notify', 'sub_type': 'poke', 'operator_id': 395642104, 'user_id': 395642104, 'sender_id': 395642104, 'target_id': 3827617422, 'poke_detail': {'action': '', 'suffix': '的脸, 并被咬住了手指', 'action_img_url': 'http://tianquan.gtimg.cn/nudgeaction/item/0/expression.jpg'}}
[2025-01-14 16:03:12][receive]解析出的命令为戳戳
[2025-01-14 16:03:12][reply]:{'status': 'ok', 'retcode': 0, 'data': {'message_id': 852764166, 'time': 1736841791}, 'echo': ''}
